<?xml version="1.0" encoding="UTF-8"?>
<!-- Generated by org.testng.reporters.JUnitXMLReporter -->
<testsuite ignored="0" hostname="SIGU-DL-19-N-07" failures="0" tests="4001" name="Default test" time="33921.095" errors="0" timestamp="29 Oct 2023 12:16:20 GMT">
  <testcase classname="GMBDataMatchedSI.Classes.SIGMBMatched" name="getdata" time="18.074"/>
  <testcase classname="GMBDataMatchedSI.Classes.SIGMBMatched" name="getdata" time="18.417"/>
  <testcase classname="GMBDataMatchedSI.Classes.SIGMBMatched" name="getdata" time="17.333"/>
  <testcase classname="GMBDataMatchedSI.Classes.SIGMBMatched" name="getdata" time="17.362"/>
  <testcase classname="GMBDataMatchedSI.Classes.SIGMBMatched" name="getdata" time="16.107"/>
  <testcase classname="GMBDataMatchedSI.Classes.SIGMBMatched" name="getdata" time="16.439"/>
  <testcase classname="GMBDataMatchedSI.Classes.SIGMBMatched" name="getdata" time="16.136"/>
  <testcase classname="GMBDataMatchedSI.Classes.SIGMBMatched" name="getdata" time="18.31"/>
  <testcase classname="GMBDataMatchedSI.Classes.SIGMBMatched" name="getdata" time="18.153"/>
  <testcase classname="GMBDataMatchedSI.Classes.SIGMBMatched" name="getdata" time="16.564"/>
  <testcase classname="GMBDataMatchedSI.Classes.SIGMBMatched" name="getdata" time="16.957"/>
  <testcase classname="GMBDataMatchedSI.Classes.SIGMBMatched" name="getdata" time="16.442"/>
  <testcase classname="GMBDataMatchedSI.Classes.SIGMBMatched" name="getdata" time="16.32"/>
  <testcase classname="GMBDataMatchedSI.Classes.SIGMBMatched" name="getdata" time="16.332"/>
  <testcase classname="GMBDataMatchedSI.Classes.SIGMBMatched" name="getdata" time="15.935"/>
  <testcase classname="GMBDataMatchedSI.Classes.SIGMBMatched" name="getdata" time="16.392"/>
  <testcase classname="GMBDataMatchedSI.Classes.SIGMBMatched" name="getdata" time="16.43"/>
  <testcase classname="GMBDataMatchedSI.Classes.SIGMBMatched" name="getdata" time="16.499"/>
  <testcase classname="GMBDataMatchedSI.Classes.SIGMBMatched" name="getdata" time="16.826"/>
  <testcase classname="GMBDataMatchedSI.Classes.SIGMBMatched" name="getdata" time="16.384"/>
  <testcase classname="GMBDataMatchedSI.Classes.SIGMBMatched" name="getdata" time="16.461"/>
  <testcase classname="GMBDataMatchedSI.Classes.SIGMBMatched" name="getdata" time="18.298"/>
  <testcase classname="GMBDataMatchedSI.Classes.SIGMBMatched" name="getdata" time="16.416"/>
  <testcase classname="GMBDataMatchedSI.Classes.SIGMBMatched" name="getdata" time="16.452"/>
  <testcase classname="GMBDataMatchedSI.Classes.SIGMBMatched" name="getdata" time="18.255"/>
  <testcase classname="GMBDataMatchedSI.Classes.SIGMBMatched" name="getdata" time="16.501"/>
  <testcase classname="GMBDataMatchedSI.Classes.SIGMBMatched" name="getdata" time="17.281"/>
  <testcase classname="GMBDataMatchedSI.Classes.SIGMBMatched" name="getdata" time="16.915"/>
  <testcase classname="GMBDataMatchedSI.Classes.SIGMBMatched" name="getdata" time="17.211"/>
  <testcase classname="GMBDataMatchedSI.Classes.SIGMBMatched" name="getdata" time="16.804"/>
  <testcase classname="GMBDataMatchedSI.Classes.SIGMBMatched" name="getdata" time="16.857"/>
  <testcase classname="GMBDataMatchedSI.Classes.SIGMBMatched" name="getdata" time="16.399"/>
  <testcase classname="GMBDataMatchedSI.Classes.SIGMBMatched" name="getdata" time="18.341"/>
  <testcase classname="GMBDataMatchedSI.Classes.SIGMBMatched" name="getdata" time="18.545"/>
  <testcase classname="GMBDataMatchedSI.Classes.SIGMBMatched" name="getdata" time="16.637"/>
  <testcase classname="GMBDataMatchedSI.Classes.SIGMBMatched" name="getdata" time="16.41"/>
  <testcase classname="GMBDataMatchedSI.Classes.SIGMBMatched" name="getdata" time="18.338"/>
  <testcase classname="GMBDataMatchedSI.Classes.SIGMBMatched" name="getdata" time="16.569"/>
  <testcase classname="GMBDataMatchedSI.Classes.SIGMBMatched" name="getdata" time="17.911"/>
  <testcase classname="GMBDataMatchedSI.Classes.SIGMBMatched" name="getdata" time="18.364"/>
  <testcase classname="GMBDataMatchedSI.Classes.SIGMBMatched" name="getdata" time="16.304"/>
  <testcase classname="GMBDataMatchedSI.Classes.SIGMBMatched" name="getdata" time="18.117"/>
  <testcase classname="GMBDataMatchedSI.Classes.SIGMBMatched" name="getdata" time="17.961"/>
  <testcase classname="GMBDataMatchedSI.Classes.SIGMBMatched" name="getdata" time="18.183"/>
  <testcase classname="GMBDataMatchedSI.Classes.SIGMBMatched" name="getdata" time="17.334"/>
  <testcase classname="GMBDataMatchedSI.Classes.SIGMBMatched" name="getdata" time="16.617"/>
  <testcase classname="GMBDataMatchedSI.Classes.SIGMBMatched" name="getdata" time="18.066"/>
  <testcase classname="GMBDataMatchedSI.Classes.SIGMBMatched" name="getdata" time="16.461"/>
  <testcase classname="GMBDataMatchedSI.Classes.SIGMBMatched" name="getdata" time="18.02"/>
  <testcase classname="GMBDataMatchedSI.Classes.SIGMBMatched" name="getdata" time="16.574"/>
  <testcase classname="GMBDataMatchedSI.Classes.SIGMBMatched" name="getdata" time="16.371"/>
  <testcase classname="GMBDataMatchedSI.Classes.SIGMBMatched" name="getdata" time="17.305"/>
  <testcase classname="GMBDataMatchedSI.Classes.SIGMBMatched" name="getdata" time="16.583"/>
  <testcase classname="GMBDataMatchedSI.Classes.SIGMBMatched" name="getdata" time="17.663"/>
  <testcase classname="GMBDataMatchedSI.Classes.SIGMBMatched" name="getdata" time="18.533"/>
  <testcase classname="GMBDataMatchedSI.Classes.SIGMBMatched" name="getdata" time="16.419"/>
  <testcase classname="GMBDataMatchedSI.Classes.SIGMBMatched" name="getdata" time="16.386"/>
  <testcase classname="GMBDataMatchedSI.Classes.SIGMBMatched" name="getdata" time="18.229"/>
  <testcase classname="GMBDataMatchedSI.Classes.SIGMBMatched" name="getdata" time="16.345"/>
  <testcase classname="GMBDataMatchedSI.Classes.SIGMBMatched" name="getdata" time="18.091"/>
  <testcase classname="GMBDataMatchedSI.Classes.SIGMBMatched" name="getdata" time="16.571"/>
  <testcase classname="GMBDataMatchedSI.Classes.SIGMBMatched" name="getdata" time="18.287"/>
  <testcase classname="GMBDataMatchedSI.Classes.SIGMBMatched" name="getdata" time="16.294"/>
  <testcase classname="GMBDataMatchedSI.Classes.SIGMBMatched" name="getdata" time="18.552"/>
  <testcase classname="GMBDataMatchedSI.Classes.SIGMBMatched" name="getdata" time="18.765"/>
  <testcase classname="GMBDataMatchedSI.Classes.SIGMBMatched" name="getdata" time="18.582"/>
  <testcase classname="GMBDataMatchedSI.Classes.SIGMBMatched" name="getdata" time="16.593"/>
  <testcase classname="GMBDataMatchedSI.Classes.SIGMBMatched" name="getdata" time="16.34"/>
  <testcase classname="GMBDataMatchedSI.Classes.SIGMBMatched" name="getdata" time="18.288"/>
  <testcase classname="GMBDataMatchedSI.Classes.SIGMBMatched" name="getdata" time="18.476"/>
  <testcase classname="GMBDataMatchedSI.Classes.SIGMBMatched" name="getdata" time="16.68"/>
  <testcase classname="GMBDataMatchedSI.Classes.SIGMBMatched" name="getdata" time="16.693"/>
  <testcase classname="GMBDataMatchedSI.Classes.SIGMBMatched" name="getdata" time="18.033"/>
  <testcase classname="GMBDataMatchedSI.Classes.SIGMBMatched" name="getdata" time="16.635"/>
  <testcase classname="GMBDataMatchedSI.Classes.SIGMBMatched" name="getdata" time="17.698"/>
  <testcase classname="GMBDataMatchedSI.Classes.SIGMBMatched" name="getdata" time="16.418"/>
  <testcase classname="GMBDataMatchedSI.Classes.SIGMBMatched" name="getdata" time="17.764"/>
  <testcase classname="GMBDataMatchedSI.Classes.SIGMBMatched" name="getdata" time="16.39"/>
  <testcase classname="GMBDataMatchedSI.Classes.SIGMBMatched" name="getdata" time="17.29"/>
  <testcase classname="GMBDataMatchedSI.Classes.SIGMBMatched" name="getdata" time="17.122"/>
  <testcase classname="GMBDataMatchedSI.Classes.SIGMBMatched" name="getdata" time="17.265"/>
  <testcase classname="GMBDataMatchedSI.Classes.SIGMBMatched" name="getdata" time="16.583"/>
  <testcase classname="GMBDataMatchedSI.Classes.SIGMBMatched" name="getdata" time="17.933"/>
  <testcase classname="GMBDataMatchedSI.Classes.SIGMBMatched" name="getdata" time="17.712"/>
  <testcase classname="GMBDataMatchedSI.Classes.SIGMBMatched" name="getdata" time="17.943"/>
  <testcase classname="GMBDataMatchedSI.Classes.SIGMBMatched" name="getdata" time="16.674"/>
  <testcase classname="GMBDataMatchedSI.Classes.SIGMBMatched" name="getdata" time="17.494"/>
  <testcase classname="GMBDataMatchedSI.Classes.SIGMBMatched" name="getdata" time="17.577"/>
  <testcase classname="GMBDataMatchedSI.Classes.SIGMBMatched" name="getdata" time="17.553"/>
  <testcase classname="GMBDataMatchedSI.Classes.SIGMBMatched" name="getdata" time="17.962"/>
  <testcase classname="GMBDataMatchedSI.Classes.SIGMBMatched" name="getdata" time="17.982"/>
  <testcase classname="GMBDataMatchedSI.Classes.SIGMBMatched" name="getdata" time="16.399"/>
  <testcase classname="GMBDataMatchedSI.Classes.SIGMBMatched" name="getdata" time="18.002"/>
  <testcase classname="GMBDataMatchedSI.Classes.SIGMBMatched" name="getdata" time="19.483"/>
  <testcase classname="GMBDataMatchedSI.Classes.SIGMBMatched" name="getdata" time="16.382"/>
  <testcase classname="GMBDataMatchedSI.Classes.SIGMBMatched" name="getdata" time="17.836"/>
  <testcase classname="GMBDataMatchedSI.Classes.SIGMBMatched" name="getdata" time="16.972"/>
  <testcase classname="GMBDataMatchedSI.Classes.SIGMBMatched" name="getdata" time="16.332"/>
  <testcase classname="GMBDataMatchedSI.Classes.SIGMBMatched" name="getdata" time="16.229"/>
  <testcase classname="GMBDataMatchedSI.Classes.SIGMBMatched" name="getdata" time="17.435"/>
  <testcase classname="GMBDataMatchedSI.Classes.SIGMBMatched" name="getdata" time="16.487"/>
  <testcase classname="GMBDataMatchedSI.Classes.SIGMBMatched" name="getdata" time="18.319"/>
  <testcase classname="GMBDataMatchedSI.Classes.SIGMBMatched" name="getdata" time="17.901"/>
  <testcase classname="GMBDataMatchedSI.Classes.SIGMBMatched" name="getdata" time="17.841"/>
  <testcase classname="GMBDataMatchedSI.Classes.SIGMBMatched" name="getdata" time="16.46"/>
  <testcase classname="GMBDataMatchedSI.Classes.SIGMBMatched" name="getdata" time="17.509"/>
  <testcase classname="GMBDataMatchedSI.Classes.SIGMBMatched" name="getdata" time="16.347"/>
  <testcase classname="GMBDataMatchedSI.Classes.SIGMBMatched" name="getdata" time="17.982"/>
  <testcase classname="GMBDataMatchedSI.Classes.SIGMBMatched" name="getdata" time="17.76"/>
  <testcase classname="GMBDataMatchedSI.Classes.SIGMBMatched" name="getdata" time="18.028"/>
  <testcase classname="GMBDataMatchedSI.Classes.SIGMBMatched" name="getdata" time="18.748"/>
  <testcase classname="GMBDataMatchedSI.Classes.SIGMBMatched" name="getdata" time="17.368"/>
  <testcase classname="GMBDataMatchedSI.Classes.SIGMBMatched" name="getdata" time="17.896"/>
  <testcase classname="GMBDataMatchedSI.Classes.SIGMBMatched" name="getdata" time="17.148"/>
  <testcase classname="GMBDataMatchedSI.Classes.SIGMBMatched" name="getdata" time="17.915"/>
  <testcase classname="GMBDataMatchedSI.Classes.SIGMBMatched" name="getdata" time="16.388"/>
  <testcase classname="GMBDataMatchedSI.Classes.SIGMBMatched" name="getdata" time="16.843"/>
  <testcase classname="GMBDataMatchedSI.Classes.SIGMBMatched" name="getdata" time="16.599"/>
  <testcase classname="GMBDataMatchedSI.Classes.SIGMBMatched" name="getdata" time="18.136"/>
  <testcase classname="GMBDataMatchedSI.Classes.SIGMBMatched" name="getdata" time="17.093"/>
  <testcase classname="GMBDataMatchedSI.Classes.SIGMBMatched" name="getdata" time="16.476"/>
  <testcase classname="GMBDataMatchedSI.Classes.SIGMBMatched" name="getdata" time="17.984"/>
  <testcase classname="GMBDataMatchedSI.Classes.SIGMBMatched" name="getdata" time="16.583"/>
  <testcase classname="GMBDataMatchedSI.Classes.SIGMBMatched" name="getdata" time="17.169"/>
  <testcase classname="GMBDataMatchedSI.Classes.SIGMBMatched" name="getdata" time="17.695"/>
  <testcase classname="GMBDataMatchedSI.Classes.SIGMBMatched" name="getdata" time="18.944"/>
  <testcase classname="GMBDataMatchedSI.Classes.SIGMBMatched" name="getdata" time="16.464"/>
  <testcase classname="GMBDataMatchedSI.Classes.SIGMBMatched" name="getdata" time="16.331"/>
  <testcase classname="GMBDataMatchedSI.Classes.SIGMBMatched" name="getdata" time="16.081"/>
  <testcase classname="GMBDataMatchedSI.Classes.SIGMBMatched" name="getdata" time="17.356"/>
  <testcase classname="GMBDataMatchedSI.Classes.SIGMBMatched" name="getdata" time="17.814"/>
  <testcase classname="GMBDataMatchedSI.Classes.SIGMBMatched" name="getdata" time="16.49"/>
  <testcase classname="GMBDataMatchedSI.Classes.SIGMBMatched" name="getdata" time="17.318"/>
  <testcase classname="GMBDataMatchedSI.Classes.SIGMBMatched" name="getdata" time="15.99"/>
  <testcase classname="GMBDataMatchedSI.Classes.SIGMBMatched" name="getdata" time="17.91"/>
  <testcase classname="GMBDataMatchedSI.Classes.SIGMBMatched" name="getdata" time="17.363"/>
  <testcase classname="GMBDataMatchedSI.Classes.SIGMBMatched" name="getdata" time="17.697"/>
  <testcase classname="GMBDataMatchedSI.Classes.SIGMBMatched" name="getdata" time="16.352"/>
  <testcase classname="GMBDataMatchedSI.Classes.SIGMBMatched" name="getdata" time="16.3"/>
  <testcase classname="GMBDataMatchedSI.Classes.SIGMBMatched" name="getdata" time="16.711"/>
  <testcase classname="GMBDataMatchedSI.Classes.SIGMBMatched" name="getdata" time="16.383"/>
  <testcase classname="GMBDataMatchedSI.Classes.SIGMBMatched" name="getdata" time="18.225"/>
  <testcase classname="GMBDataMatchedSI.Classes.SIGMBMatched" name="getdata" time="16.365"/>
  <testcase classname="GMBDataMatchedSI.Classes.SIGMBMatched" name="getdata" time="17.314"/>
  <testcase classname="GMBDataMatchedSI.Classes.SIGMBMatched" name="getdata" time="15.982"/>
  <testcase classname="GMBDataMatchedSI.Classes.SIGMBMatched" name="getdata" time="16.442"/>
  <testcase classname="GMBDataMatchedSI.Classes.SIGMBMatched" name="getdata" time="16.326"/>
  <testcase classname="GMBDataMatchedSI.Classes.SIGMBMatched" name="getdata" time="16.636"/>
  <testcase classname="GMBDataMatchedSI.Classes.SIGMBMatched" name="getdata" time="16.505"/>
  <testcase classname="GMBDataMatchedSI.Classes.SIGMBMatched" name="getdata" time="16.533"/>
  <testcase classname="GMBDataMatchedSI.Classes.SIGMBMatched" name="getdata" time="16.38"/>
  <testcase classname="GMBDataMatchedSI.Classes.SIGMBMatched" name="getdata" time="16.624"/>
  <testcase classname="GMBDataMatchedSI.Classes.SIGMBMatched" name="getdata" time="16.414"/>
  <testcase classname="GMBDataMatchedSI.Classes.SIGMBMatched" name="getdata" time="16.352"/>
  <testcase classname="GMBDataMatchedSI.Classes.SIGMBMatched" name="getdata" time="16.957"/>
  <testcase classname="GMBDataMatchedSI.Classes.SIGMBMatched" name="getdata" time="18.392"/>
  <testcase classname="GMBDataMatchedSI.Classes.SIGMBMatched" name="getdata" time="16.465"/>
  <testcase classname="GMBDataMatchedSI.Classes.SIGMBMatched" name="getdata" time="16.464"/>
  <testcase classname="GMBDataMatchedSI.Classes.SIGMBMatched" name="getdata" time="16.391"/>
  <testcase classname="GMBDataMatchedSI.Classes.SIGMBMatched" name="getdata" time="17.294"/>
  <testcase classname="GMBDataMatchedSI.Classes.SIGMBMatched" name="getdata" time="16.007"/>
  <testcase classname="GMBDataMatchedSI.Classes.SIGMBMatched" name="getdata" time="17.773"/>
  <testcase classname="GMBDataMatchedSI.Classes.SIGMBMatched" name="getdata" time="16.422"/>
  <testcase classname="GMBDataMatchedSI.Classes.SIGMBMatched" name="getdata" time="17.001"/>
  <testcase classname="GMBDataMatchedSI.Classes.SIGMBMatched" name="getdata" time="18.008"/>
  <testcase classname="GMBDataMatchedSI.Classes.SIGMBMatched" name="getdata" time="17.369"/>
  <testcase classname="GMBDataMatchedSI.Classes.SIGMBMatched" name="getdata" time="17.193"/>
  <testcase classname="GMBDataMatchedSI.Classes.SIGMBMatched" name="getdata" time="17.16"/>
  <testcase classname="GMBDataMatchedSI.Classes.SIGMBMatched" name="getdata" time="18.116"/>
  <testcase classname="GMBDataMatchedSI.Classes.SIGMBMatched" name="getdata" time="17.515"/>
  <testcase classname="GMBDataMatchedSI.Classes.SIGMBMatched" name="getdata" time="16.635"/>
  <testcase classname="GMBDataMatchedSI.Classes.SIGMBMatched" name="getdata" time="16.375"/>
  <testcase classname="GMBDataMatchedSI.Classes.SIGMBMatched" name="getdata" time="17.208"/>
  <testcase classname="GMBDataMatchedSI.Classes.SIGMBMatched" name="getdata" time="16.487"/>
  <testcase classname="GMBDataMatchedSI.Classes.SIGMBMatched" name="getdata" time="16.518"/>
  <testcase classname="GMBDataMatchedSI.Classes.SIGMBMatched" name="getdata" time="18.101"/>
  <testcase classname="GMBDataMatchedSI.Classes.SIGMBMatched" name="getdata" time="18.538"/>
  <testcase classname="GMBDataMatchedSI.Classes.SIGMBMatched" name="getdata" time="16.414"/>
  <testcase classname="GMBDataMatchedSI.Classes.SIGMBMatched" name="getdata" time="18.314"/>
  <testcase classname="GMBDataMatchedSI.Classes.SIGMBMatched" name="getdata" time="16.451"/>
  <testcase classname="GMBDataMatchedSI.Classes.SIGMBMatched" name="getdata" time="16.363"/>
  <testcase classname="GMBDataMatchedSI.Classes.SIGMBMatched" name="getdata" time="16.372"/>
  <testcase classname="GMBDataMatchedSI.Classes.SIGMBMatched" name="getdata" time="18.052"/>
  <testcase classname="GMBDataMatchedSI.Classes.SIGMBMatched" name="getdata" time="17.356"/>
  <testcase classname="GMBDataMatchedSI.Classes.SIGMBMatched" name="getdata" time="16.438"/>
  <testcase classname="GMBDataMatchedSI.Classes.SIGMBMatched" name="getdata" time="17.828"/>
  <testcase classname="GMBDataMatchedSI.Classes.SIGMBMatched" name="getdata" time="17.191"/>
  <testcase classname="GMBDataMatchedSI.Classes.SIGMBMatched" name="getdata" time="16.441"/>
  <testcase classname="GMBDataMatchedSI.Classes.SIGMBMatched" name="getdata" time="16.436"/>
  <testcase classname="GMBDataMatchedSI.Classes.SIGMBMatched" name="getdata" time="17.992"/>
  <testcase classname="GMBDataMatchedSI.Classes.SIGMBMatched" name="getdata" time="17.277"/>
  <testcase classname="GMBDataMatchedSI.Classes.SIGMBMatched" name="getdata" time="16.397"/>
  <testcase classname="GMBDataMatchedSI.Classes.SIGMBMatched" name="getdata" time="16.964"/>
  <testcase classname="GMBDataMatchedSI.Classes.SIGMBMatched" name="getdata" time="16.551"/>
  <testcase classname="GMBDataMatchedSI.Classes.SIGMBMatched" name="getdata" time="16.506"/>
  <testcase classname="GMBDataMatchedSI.Classes.SIGMBMatched" name="getdata" time="16.456"/>
  <testcase classname="GMBDataMatchedSI.Classes.SIGMBMatched" name="getdata" time="16.443"/>
  <testcase classname="GMBDataMatchedSI.Classes.SIGMBMatched" name="getdata" time="16.398"/>
  <testcase classname="GMBDataMatchedSI.Classes.SIGMBMatched" name="getdata" time="16.691"/>
  <testcase classname="GMBDataMatchedSI.Classes.SIGMBMatched" name="getdata" time="16.445"/>
  <testcase classname="GMBDataMatchedSI.Classes.SIGMBMatched" name="getdata" time="17.901"/>
  <testcase classname="GMBDataMatchedSI.Classes.SIGMBMatched" name="getdata" time="16.429"/>
  <testcase classname="GMBDataMatchedSI.Classes.SIGMBMatched" name="getdata" time="16.685"/>
  <testcase classname="GMBDataMatchedSI.Classes.SIGMBMatched" name="getdata" time="16.458"/>
  <testcase classname="GMBDataMatchedSI.Classes.SIGMBMatched" name="getdata" time="16.49"/>
  <testcase classname="GMBDataMatchedSI.Classes.SIGMBMatched" name="getdata" time="16.084"/>
  <testcase classname="GMBDataMatchedSI.Classes.SIGMBMatched" name="getdata" time="18.11"/>
  <testcase classname="GMBDataMatchedSI.Classes.SIGMBMatched" name="getdata" time="16.133"/>
  <testcase classname="GMBDataMatchedSI.Classes.SIGMBMatched" name="getdata" time="18.371"/>
  <testcase classname="GMBDataMatchedSI.Classes.SIGMBMatched" name="getdata" time="16.498"/>
  <testcase classname="GMBDataMatchedSI.Classes.SIGMBMatched" name="getdata" time="18.259"/>
  <testcase classname="GMBDataMatchedSI.Classes.SIGMBMatched" name="getdata" time="17.734"/>
  <testcase classname="GMBDataMatchedSI.Classes.SIGMBMatched" name="getdata" time="18.147"/>
  <testcase classname="GMBDataMatchedSI.Classes.SIGMBMatched" name="getdata" time="16.44"/>
  <testcase classname="GMBDataMatchedSI.Classes.SIGMBMatched" name="getdata" time="16.557"/>
  <testcase classname="GMBDataMatchedSI.Classes.SIGMBMatched" name="getdata" time="16.426"/>
  <testcase classname="GMBDataMatchedSI.Classes.SIGMBMatched" name="getdata" time="16.404"/>
  <testcase classname="GMBDataMatchedSI.Classes.SIGMBMatched" name="getdata" time="16.094"/>
  <testcase classname="GMBDataMatchedSI.Classes.SIGMBMatched" name="getdata" time="16.75"/>
  <testcase classname="GMBDataMatchedSI.Classes.SIGMBMatched" name="getdata" time="18.034"/>
  <testcase classname="GMBDataMatchedSI.Classes.SIGMBMatched" name="getdata" time="17.134"/>
  <testcase classname="GMBDataMatchedSI.Classes.SIGMBMatched" name="getdata" time="16.449"/>
  <testcase classname="GMBDataMatchedSI.Classes.SIGMBMatched" name="getdata" time="18.331"/>
  <testcase classname="GMBDataMatchedSI.Classes.SIGMBMatched" name="getdata" time="17.165"/>
  <testcase classname="GMBDataMatchedSI.Classes.SIGMBMatched" name="getdata" time="17.165"/>
  <testcase classname="GMBDataMatchedSI.Classes.SIGMBMatched" name="getdata" time="16.268"/>
  <testcase classname="GMBDataMatchedSI.Classes.SIGMBMatched" name="getdata" time="18.661"/>
  <testcase classname="GMBDataMatchedSI.Classes.SIGMBMatched" name="getdata" time="16.475"/>
  <testcase classname="GMBDataMatchedSI.Classes.SIGMBMatched" name="getdata" time="17.851"/>
  <testcase classname="GMBDataMatchedSI.Classes.SIGMBMatched" name="getdata" time="16.446"/>
  <testcase classname="GMBDataMatchedSI.Classes.SIGMBMatched" name="getdata" time="17.206"/>
  <testcase classname="GMBDataMatchedSI.Classes.SIGMBMatched" name="getdata" time="17.875"/>
  <testcase classname="GMBDataMatchedSI.Classes.SIGMBMatched" name="getdata" time="17.232"/>
  <testcase classname="GMBDataMatchedSI.Classes.SIGMBMatched" name="getdata" time="18.084"/>
  <testcase classname="GMBDataMatchedSI.Classes.SIGMBMatched" name="getdata" time="18.603"/>
  <testcase classname="GMBDataMatchedSI.Classes.SIGMBMatched" name="getdata" time="16.419"/>
  <testcase classname="GMBDataMatchedSI.Classes.SIGMBMatched" name="getdata" time="18.541"/>
  <testcase classname="GMBDataMatchedSI.Classes.SIGMBMatched" name="getdata" time="18.026"/>
  <testcase classname="GMBDataMatchedSI.Classes.SIGMBMatched" name="getdata" time="18.48"/>
  <testcase classname="GMBDataMatchedSI.Classes.SIGMBMatched" name="getdata" time="17.962"/>
  <testcase classname="GMBDataMatchedSI.Classes.SIGMBMatched" name="getdata" time="17.804"/>
  <testcase classname="GMBDataMatchedSI.Classes.SIGMBMatched" name="getdata" time="16.407"/>
  <testcase classname="GMBDataMatchedSI.Classes.SIGMBMatched" name="getdata" time="17.975"/>
  <testcase classname="GMBDataMatchedSI.Classes.SIGMBMatched" name="getdata" time="17.238"/>
  <testcase classname="GMBDataMatchedSI.Classes.SIGMBMatched" name="getdata" time="18.428"/>
  <testcase classname="GMBDataMatchedSI.Classes.SIGMBMatched" name="getdata" time="16.799"/>
  <testcase classname="GMBDataMatchedSI.Classes.SIGMBMatched" name="getdata" time="16.553"/>
  <testcase classname="GMBDataMatchedSI.Classes.SIGMBMatched" name="getdata" time="18.239"/>
  <testcase classname="GMBDataMatchedSI.Classes.SIGMBMatched" name="getdata" time="17.843"/>
  <testcase classname="GMBDataMatchedSI.Classes.SIGMBMatched" name="getdata" time="17.214"/>
  <testcase classname="GMBDataMatchedSI.Classes.SIGMBMatched" name="getdata" time="16.175"/>
  <testcase classname="GMBDataMatchedSI.Classes.SIGMBMatched" name="getdata" time="17.252"/>
  <testcase classname="GMBDataMatchedSI.Classes.SIGMBMatched" name="getdata" time="16.447"/>
  <testcase classname="GMBDataMatchedSI.Classes.SIGMBMatched" name="getdata" time="16.373"/>
  <testcase classname="GMBDataMatchedSI.Classes.SIGMBMatched" name="getdata" time="16.645"/>
  <testcase classname="GMBDataMatchedSI.Classes.SIGMBMatched" name="getdata" time="18.017"/>
  <testcase classname="GMBDataMatchedSI.Classes.SIGMBMatched" name="getdata" time="17.534"/>
  <testcase classname="GMBDataMatchedSI.Classes.SIGMBMatched" name="getdata" time="16.251"/>
  <testcase classname="GMBDataMatchedSI.Classes.SIGMBMatched" name="getdata" time="18.163"/>
  <testcase classname="GMBDataMatchedSI.Classes.SIGMBMatched" name="getdata" time="16.327"/>
  <testcase classname="GMBDataMatchedSI.Classes.SIGMBMatched" name="getdata" time="16.336"/>
  <testcase classname="GMBDataMatchedSI.Classes.SIGMBMatched" name="getdata" time="16.786"/>
  <testcase classname="GMBDataMatchedSI.Classes.SIGMBMatched" name="getdata" time="18.498"/>
  <testcase classname="GMBDataMatchedSI.Classes.SIGMBMatched" name="getdata" time="18.044"/>
  <testcase classname="GMBDataMatchedSI.Classes.SIGMBMatched" name="getdata" time="16.445"/>
  <testcase classname="GMBDataMatchedSI.Classes.SIGMBMatched" name="getdata" time="16.554"/>
  <testcase classname="GMBDataMatchedSI.Classes.SIGMBMatched" name="getdata" time="16.391"/>
  <testcase classname="GMBDataMatchedSI.Classes.SIGMBMatched" name="getdata" time="18.417"/>
  <testcase classname="GMBDataMatchedSI.Classes.SIGMBMatched" name="getdata" time="16.522"/>
  <testcase classname="GMBDataMatchedSI.Classes.SIGMBMatched" name="getdata" time="17.406"/>
  <testcase classname="GMBDataMatchedSI.Classes.SIGMBMatched" name="getdata" time="17.867"/>
  <testcase classname="GMBDataMatchedSI.Classes.SIGMBMatched" name="getdata" time="16.529"/>
  <testcase classname="GMBDataMatchedSI.Classes.SIGMBMatched" name="getdata" time="17.614"/>
  <testcase classname="GMBDataMatchedSI.Classes.SIGMBMatched" name="getdata" time="17.707"/>
  <testcase classname="GMBDataMatchedSI.Classes.SIGMBMatched" name="getdata" time="15.93"/>
  <testcase classname="GMBDataMatchedSI.Classes.SIGMBMatched" name="getdata" time="16.439"/>
  <testcase classname="GMBDataMatchedSI.Classes.SIGMBMatched" name="getdata" time="16.404"/>
  <testcase classname="GMBDataMatchedSI.Classes.SIGMBMatched" name="getdata" time="18.152"/>
  <testcase classname="GMBDataMatchedSI.Classes.SIGMBMatched" name="getdata" time="18.098"/>
  <testcase classname="GMBDataMatchedSI.Classes.SIGMBMatched" name="getdata" time="17.859"/>
  <testcase classname="GMBDataMatchedSI.Classes.SIGMBMatched" name="getdata" time="16.874"/>
  <testcase classname="GMBDataMatchedSI.Classes.SIGMBMatched" name="getdata" time="16.811"/>
  <testcase classname="GMBDataMatchedSI.Classes.SIGMBMatched" name="getdata" time="16.454"/>
  <testcase classname="GMBDataMatchedSI.Classes.SIGMBMatched" name="getdata" time="17.354"/>
  <testcase classname="GMBDataMatchedSI.Classes.SIGMBMatched" name="getdata" time="18.138"/>
  <testcase classname="GMBDataMatchedSI.Classes.SIGMBMatched" name="getdata" time="16.561"/>
  <testcase classname="GMBDataMatchedSI.Classes.SIGMBMatched" name="getdata" time="18.169"/>
  <testcase classname="GMBDataMatchedSI.Classes.SIGMBMatched" name="getdata" time="16.504"/>
  <testcase classname="GMBDataMatchedSI.Classes.SIGMBMatched" name="getdata" time="16.046"/>
  <testcase classname="GMBDataMatchedSI.Classes.SIGMBMatched" name="getdata" time="16.604"/>
  <testcase classname="GMBDataMatchedSI.Classes.SIGMBMatched" name="getdata" time="17.22"/>
  <testcase classname="GMBDataMatchedSI.Classes.SIGMBMatched" name="getdata" time="17.295"/>
  <testcase classname="GMBDataMatchedSI.Classes.SIGMBMatched" name="getdata" time="17.783"/>
  <testcase classname="GMBDataMatchedSI.Classes.SIGMBMatched" name="getdata" time="16.734"/>
  <testcase classname="GMBDataMatchedSI.Classes.SIGMBMatched" name="getdata" time="17.188"/>
  <testcase classname="GMBDataMatchedSI.Classes.SIGMBMatched" name="getdata" time="16.382"/>
  <testcase classname="GMBDataMatchedSI.Classes.SIGMBMatched" name="getdata" time="17.081"/>
  <testcase classname="GMBDataMatchedSI.Classes.SIGMBMatched" name="getdata" time="16.842"/>
  <testcase classname="GMBDataMatchedSI.Classes.SIGMBMatched" name="getdata" time="17.978"/>
  <testcase classname="GMBDataMatchedSI.Classes.SIGMBMatched" name="getdata" time="16.404"/>
  <testcase classname="GMBDataMatchedSI.Classes.SIGMBMatched" name="getdata" time="16.378"/>
  <testcase classname="GMBDataMatchedSI.Classes.SIGMBMatched" name="getdata" time="18.019"/>
  <testcase classname="GMBDataMatchedSI.Classes.SIGMBMatched" name="getdata" time="16.575"/>
  <testcase classname="GMBDataMatchedSI.Classes.SIGMBMatched" name="getdata" time="16.581"/>
  <testcase classname="GMBDataMatchedSI.Classes.SIGMBMatched" name="getdata" time="18.075"/>
  <testcase classname="GMBDataMatchedSI.Classes.SIGMBMatched" name="getdata" time="16.825"/>
  <testcase classname="GMBDataMatchedSI.Classes.SIGMBMatched" name="getdata" time="16.249"/>
  <testcase classname="GMBDataMatchedSI.Classes.SIGMBMatched" name="getdata" time="16.045"/>
  <testcase classname="GMBDataMatchedSI.Classes.SIGMBMatched" name="getdata" time="16.054"/>
  <testcase classname="GMBDataMatchedSI.Classes.SIGMBMatched" name="getdata" time="16.658"/>
  <testcase classname="GMBDataMatchedSI.Classes.SIGMBMatched" name="getdata" time="17.273"/>
  <testcase classname="GMBDataMatchedSI.Classes.SIGMBMatched" name="getdata" time="18.096"/>
  <testcase classname="GMBDataMatchedSI.Classes.SIGMBMatched" name="getdata" time="16.302"/>
  <testcase classname="GMBDataMatchedSI.Classes.SIGMBMatched" name="getdata" time="16.511"/>
  <testcase classname="GMBDataMatchedSI.Classes.SIGMBMatched" name="getdata" time="18.03"/>
  <testcase classname="GMBDataMatchedSI.Classes.SIGMBMatched" name="getdata" time="17.563"/>
  <testcase classname="GMBDataMatchedSI.Classes.SIGMBMatched" name="getdata" time="17.203"/>
  <testcase classname="GMBDataMatchedSI.Classes.SIGMBMatched" name="getdata" time="16.52"/>
  <testcase classname="GMBDataMatchedSI.Classes.SIGMBMatched" name="getdata" time="18.263"/>
  <testcase classname="GMBDataMatchedSI.Classes.SIGMBMatched" name="getdata" time="17.879"/>
  <testcase classname="GMBDataMatchedSI.Classes.SIGMBMatched" name="getdata" time="16.437"/>
  <testcase classname="GMBDataMatchedSI.Classes.SIGMBMatched" name="getdata" time="16.41"/>
  <testcase classname="GMBDataMatchedSI.Classes.SIGMBMatched" name="getdata" time="16.819"/>
  <testcase classname="GMBDataMatchedSI.Classes.SIGMBMatched" name="getdata" time="17.066"/>
  <testcase classname="GMBDataMatchedSI.Classes.SIGMBMatched" name="getdata" time="18.323"/>
  <testcase classname="GMBDataMatchedSI.Classes.SIGMBMatched" name="getdata" time="16.46"/>
  <testcase classname="GMBDataMatchedSI.Classes.SIGMBMatched" name="getdata" time="16.678"/>
  <testcase classname="GMBDataMatchedSI.Classes.SIGMBMatched" name="getdata" time="17.084"/>
  <testcase classname="GMBDataMatchedSI.Classes.SIGMBMatched" name="getdata" time="16.036"/>
  <testcase classname="GMBDataMatchedSI.Classes.SIGMBMatched" name="getdata" time="16.341"/>
  <testcase classname="GMBDataMatchedSI.Classes.SIGMBMatched" name="getdata" time="16.601"/>
  <testcase classname="GMBDataMatchedSI.Classes.SIGMBMatched" name="getdata" time="17.891"/>
  <testcase classname="GMBDataMatchedSI.Classes.SIGMBMatched" name="getdata" time="16.32"/>
  <testcase classname="GMBDataMatchedSI.Classes.SIGMBMatched" name="getdata" time="16.262"/>
  <testcase classname="GMBDataMatchedSI.Classes.SIGMBMatched" name="getdata" time="18.1"/>
  <testcase classname="GMBDataMatchedSI.Classes.SIGMBMatched" name="getdata" time="16.527"/>
  <testcase classname="GMBDataMatchedSI.Classes.SIGMBMatched" name="getdata" time="18.218"/>
  <testcase classname="GMBDataMatchedSI.Classes.SIGMBMatched" name="getdata" time="16.382"/>
  <testcase classname="GMBDataMatchedSI.Classes.SIGMBMatched" name="getdata" time="18.541"/>
  <testcase classname="GMBDataMatchedSI.Classes.SIGMBMatched" name="getdata" time="16.415"/>
  <testcase classname="GMBDataMatchedSI.Classes.SIGMBMatched" name="getdata" time="18.511"/>
  <testcase classname="GMBDataMatchedSI.Classes.SIGMBMatched" name="getdata" time="16.822"/>
  <testcase classname="GMBDataMatchedSI.Classes.SIGMBMatched" name="getdata" time="18.501"/>
  <testcase classname="GMBDataMatchedSI.Classes.SIGMBMatched" name="getdata" time="17.088"/>
  <testcase classname="GMBDataMatchedSI.Classes.SIGMBMatched" name="getdata" time="18.472"/>
  <testcase classname="GMBDataMatchedSI.Classes.SIGMBMatched" name="getdata" time="17.39"/>
  <testcase classname="GMBDataMatchedSI.Classes.SIGMBMatched" name="getdata" time="16.534"/>
  <testcase classname="GMBDataMatchedSI.Classes.SIGMBMatched" name="getdata" time="17.633"/>
  <testcase classname="GMBDataMatchedSI.Classes.SIGMBMatched" name="getdata" time="16.465"/>
  <testcase classname="GMBDataMatchedSI.Classes.SIGMBMatched" name="getdata" time="16.201"/>
  <testcase classname="GMBDataMatchedSI.Classes.SIGMBMatched" name="getdata" time="18.466"/>
  <testcase classname="GMBDataMatchedSI.Classes.SIGMBMatched" name="getdata" time="18.633"/>
  <testcase classname="GMBDataMatchedSI.Classes.SIGMBMatched" name="getdata" time="17.937"/>
  <testcase classname="GMBDataMatchedSI.Classes.SIGMBMatched" name="getdata" time="16.398"/>
  <testcase classname="GMBDataMatchedSI.Classes.SIGMBMatched" name="getdata" time="17.353"/>
  <testcase classname="GMBDataMatchedSI.Classes.SIGMBMatched" name="getdata" time="16.766"/>
  <testcase classname="GMBDataMatchedSI.Classes.SIGMBMatched" name="getdata" time="16.667"/>
  <testcase classname="GMBDataMatchedSI.Classes.SIGMBMatched" name="getdata" time="17.669"/>
  <testcase classname="GMBDataMatchedSI.Classes.SIGMBMatched" name="getdata" time="17.61"/>
  <testcase classname="GMBDataMatchedSI.Classes.SIGMBMatched" name="getdata" time="18.126"/>
  <testcase classname="GMBDataMatchedSI.Classes.SIGMBMatched" name="getdata" time="18.122"/>
  <testcase classname="GMBDataMatchedSI.Classes.SIGMBMatched" name="getdata" time="16.342"/>
  <testcase classname="GMBDataMatchedSI.Classes.SIGMBMatched" name="getdata" time="16.931"/>
  <testcase classname="GMBDataMatchedSI.Classes.SIGMBMatched" name="getdata" time="16.436"/>
  <testcase classname="GMBDataMatchedSI.Classes.SIGMBMatched" name="getdata" time="16.365"/>
  <testcase classname="GMBDataMatchedSI.Classes.SIGMBMatched" name="getdata" time="17.053"/>
  <testcase classname="GMBDataMatchedSI.Classes.SIGMBMatched" name="getdata" time="18.455"/>
  <testcase classname="GMBDataMatchedSI.Classes.SIGMBMatched" name="getdata" time="18.036"/>
  <testcase classname="GMBDataMatchedSI.Classes.SIGMBMatched" name="getdata" time="18.099"/>
  <testcase classname="GMBDataMatchedSI.Classes.SIGMBMatched" name="getdata" time="18.15"/>
  <testcase classname="GMBDataMatchedSI.Classes.SIGMBMatched" name="getdata" time="16.397"/>
  <testcase classname="GMBDataMatchedSI.Classes.SIGMBMatched" name="getdata" time="17.921"/>
  <testcase classname="GMBDataMatchedSI.Classes.SIGMBMatched" name="getdata" time="18.155"/>
  <testcase classname="GMBDataMatchedSI.Classes.SIGMBMatched" name="getdata" time="16.598"/>
  <testcase classname="GMBDataMatchedSI.Classes.SIGMBMatched" name="getdata" time="16.851"/>
  <testcase classname="GMBDataMatchedSI.Classes.SIGMBMatched" name="getdata" time="16.508"/>
  <testcase classname="GMBDataMatchedSI.Classes.SIGMBMatched" name="getdata" time="17.226"/>
  <testcase classname="GMBDataMatchedSI.Classes.SIGMBMatched" name="getdata" time="18.407"/>
  <testcase classname="GMBDataMatchedSI.Classes.SIGMBMatched" name="getdata" time="16.371"/>
  <testcase classname="GMBDataMatchedSI.Classes.SIGMBMatched" name="getdata" time="16.688"/>
  <testcase classname="GMBDataMatchedSI.Classes.SIGMBMatched" name="getdata" time="16.27"/>
  <testcase classname="GMBDataMatchedSI.Classes.SIGMBMatched" name="getdata" time="16.481"/>
  <testcase classname="GMBDataMatchedSI.Classes.SIGMBMatched" name="getdata" time="16.712"/>
  <testcase classname="GMBDataMatchedSI.Classes.SIGMBMatched" name="getdata" time="16.388"/>
  <testcase classname="GMBDataMatchedSI.Classes.SIGMBMatched" name="getdata" time="16.286"/>
  <testcase classname="GMBDataMatchedSI.Classes.SIGMBMatched" name="getdata" time="16.458"/>
  <testcase classname="GMBDataMatchedSI.Classes.SIGMBMatched" name="getdata" time="16.753"/>
  <testcase classname="GMBDataMatchedSI.Classes.SIGMBMatched" name="getdata" time="16.461"/>
  <testcase classname="GMBDataMatchedSI.Classes.SIGMBMatched" name="getdata" time="16.302"/>
  <testcase classname="GMBDataMatchedSI.Classes.SIGMBMatched" name="getdata" time="16.442"/>
  <testcase classname="GMBDataMatchedSI.Classes.SIGMBMatched" name="getdata" time="18.224"/>
  <testcase classname="GMBDataMatchedSI.Classes.SIGMBMatched" name="getdata" time="16.457"/>
  <testcase classname="GMBDataMatchedSI.Classes.SIGMBMatched" name="getdata" time="16.591"/>
  <testcase classname="GMBDataMatchedSI.Classes.SIGMBMatched" name="getdata" time="16.395"/>
  <testcase classname="GMBDataMatchedSI.Classes.SIGMBMatched" name="getdata" time="16.073"/>
  <testcase classname="GMBDataMatchedSI.Classes.SIGMBMatched" name="getdata" time="17.111"/>
  <testcase classname="GMBDataMatchedSI.Classes.SIGMBMatched" name="getdata" time="16.671"/>
  <testcase classname="GMBDataMatchedSI.Classes.SIGMBMatched" name="getdata" time="17.929"/>
  <testcase classname="GMBDataMatchedSI.Classes.SIGMBMatched" name="getdata" time="16.66"/>
  <testcase classname="GMBDataMatchedSI.Classes.SIGMBMatched" name="getdata" time="16.389"/>
  <testcase classname="GMBDataMatchedSI.Classes.SIGMBMatched" name="getdata" time="18.27"/>
  <testcase classname="GMBDataMatchedSI.Classes.SIGMBMatched" name="getdata" time="17.571"/>
  <testcase classname="GMBDataMatchedSI.Classes.SIGMBMatched" name="getdata" time="16.597"/>
  <testcase classname="GMBDataMatchedSI.Classes.SIGMBMatched" name="getdata" time="17.893"/>
  <testcase classname="GMBDataMatchedSI.Classes.SIGMBMatched" name="getdata" time="18.045"/>
  <testcase classname="GMBDataMatchedSI.Classes.SIGMBMatched" name="getdata" time="16.379"/>
  <testcase classname="GMBDataMatchedSI.Classes.SIGMBMatched" name="getdata" time="17.519"/>
  <testcase classname="GMBDataMatchedSI.Classes.SIGMBMatched" name="getdata" time="17.038"/>
  <testcase classname="GMBDataMatchedSI.Classes.SIGMBMatched" name="getdata" time="16.523"/>
  <testcase classname="GMBDataMatchedSI.Classes.SIGMBMatched" name="getdata" time="17.206"/>
  <testcase classname="GMBDataMatchedSI.Classes.SIGMBMatched" name="getdata" time="18.596"/>
  <testcase classname="GMBDataMatchedSI.Classes.SIGMBMatched" name="getdata" time="18.145"/>
  <testcase classname="GMBDataMatchedSI.Classes.SIGMBMatched" name="getdata" time="16.611"/>
  <testcase classname="GMBDataMatchedSI.Classes.SIGMBMatched" name="getdata" time="18.452"/>
  <testcase classname="GMBDataMatchedSI.Classes.SIGMBMatched" name="getdata" time="18.245"/>
  <testcase classname="GMBDataMatchedSI.Classes.SIGMBMatched" name="getdata" time="18.209"/>
  <testcase classname="GMBDataMatchedSI.Classes.SIGMBMatched" name="getdata" time="16.385"/>
  <testcase classname="GMBDataMatchedSI.Classes.SIGMBMatched" name="getdata" time="16.082"/>
  <testcase classname="GMBDataMatchedSI.Classes.SIGMBMatched" name="getdata" time="17.612"/>
  <testcase classname="GMBDataMatchedSI.Classes.SIGMBMatched" name="getdata" time="18.725"/>
  <testcase classname="GMBDataMatchedSI.Classes.SIGMBMatched" name="getdata" time="18.851"/>
  <testcase classname="GMBDataMatchedSI.Classes.SIGMBMatched" name="getdata" time="17.49"/>
  <testcase classname="GMBDataMatchedSI.Classes.SIGMBMatched" name="getdata" time="18.081"/>
  <testcase classname="GMBDataMatchedSI.Classes.SIGMBMatched" name="getdata" time="18.208"/>
  <testcase classname="GMBDataMatchedSI.Classes.SIGMBMatched" name="getdata" time="18.263"/>
  <testcase classname="GMBDataMatchedSI.Classes.SIGMBMatched" name="getdata" time="17.983"/>
  <testcase classname="GMBDataMatchedSI.Classes.SIGMBMatched" name="getdata" time="17.987"/>
  <testcase classname="GMBDataMatchedSI.Classes.SIGMBMatched" name="getdata" time="16.497"/>
  <testcase classname="GMBDataMatchedSI.Classes.SIGMBMatched" name="getdata" time="18.308"/>
  <testcase classname="GMBDataMatchedSI.Classes.SIGMBMatched" name="getdata" time="17.855"/>
  <testcase classname="GMBDataMatchedSI.Classes.SIGMBMatched" name="getdata" time="18.086"/>
  <testcase classname="GMBDataMatchedSI.Classes.SIGMBMatched" name="getdata" time="18.038"/>
  <testcase classname="GMBDataMatchedSI.Classes.SIGMBMatched" name="getdata" time="18.432"/>
  <testcase classname="GMBDataMatchedSI.Classes.SIGMBMatched" name="getdata" time="17.309"/>
  <testcase classname="GMBDataMatchedSI.Classes.SIGMBMatched" name="getdata" time="16.294"/>
  <testcase classname="GMBDataMatchedSI.Classes.SIGMBMatched" name="getdata" time="17.903"/>
  <testcase classname="GMBDataMatchedSI.Classes.SIGMBMatched" name="getdata" time="18.064"/>
  <testcase classname="GMBDataMatchedSI.Classes.SIGMBMatched" name="getdata" time="16.553"/>
  <testcase classname="GMBDataMatchedSI.Classes.SIGMBMatched" name="getdata" time="16.628"/>
  <testcase classname="GMBDataMatchedSI.Classes.SIGMBMatched" name="getdata" time="18.635"/>
  <testcase classname="GMBDataMatchedSI.Classes.SIGMBMatched" name="getdata" time="17.411"/>
  <testcase classname="GMBDataMatchedSI.Classes.SIGMBMatched" name="getdata" time="17.826"/>
  <testcase classname="GMBDataMatchedSI.Classes.SIGMBMatched" name="getdata" time="18.658"/>
  <testcase classname="GMBDataMatchedSI.Classes.SIGMBMatched" name="getdata" time="18.519"/>
  <testcase classname="GMBDataMatchedSI.Classes.SIGMBMatched" name="getdata" time="16.422"/>
  <testcase classname="GMBDataMatchedSI.Classes.SIGMBMatched" name="getdata" time="18.233"/>
  <testcase classname="GMBDataMatchedSI.Classes.SIGMBMatched" name="getdata" time="16.502"/>
  <testcase classname="GMBDataMatchedSI.Classes.SIGMBMatched" name="getdata" time="16.098"/>
  <testcase classname="GMBDataMatchedSI.Classes.SIGMBMatched" name="getdata" time="17.656"/>
  <testcase classname="GMBDataMatchedSI.Classes.SIGMBMatched" name="getdata" time="18.263"/>
  <testcase classname="GMBDataMatchedSI.Classes.SIGMBMatched" name="getdata" time="16.636"/>
  <testcase classname="GMBDataMatchedSI.Classes.SIGMBMatched" name="getdata" time="18.009"/>
  <testcase classname="GMBDataMatchedSI.Classes.SIGMBMatched" name="getdata" time="16.598"/>
  <testcase classname="GMBDataMatchedSI.Classes.SIGMBMatched" name="getdata" time="16.231"/>
  <testcase classname="GMBDataMatchedSI.Classes.SIGMBMatched" name="getdata" time="18.277"/>
  <testcase classname="GMBDataMatchedSI.Classes.SIGMBMatched" name="getdata" time="16.056"/>
  <testcase classname="GMBDataMatchedSI.Classes.SIGMBMatched" name="getdata" time="16.72"/>
  <testcase classname="GMBDataMatchedSI.Classes.SIGMBMatched" name="getdata" time="16.438"/>
  <testcase classname="GMBDataMatchedSI.Classes.SIGMBMatched" name="getdata" time="17.221"/>
  <testcase classname="GMBDataMatchedSI.Classes.SIGMBMatched" name="getdata" time="16.987"/>
  <testcase classname="GMBDataMatchedSI.Classes.SIGMBMatched" name="getdata" time="16.549"/>
  <testcase classname="GMBDataMatchedSI.Classes.SIGMBMatched" name="getdata" time="16.093"/>
  <testcase classname="GMBDataMatchedSI.Classes.SIGMBMatched" name="getdata" time="16.096"/>
  <testcase classname="GMBDataMatchedSI.Classes.SIGMBMatched" name="getdata" time="18.04"/>
  <testcase classname="GMBDataMatchedSI.Classes.SIGMBMatched" name="getdata" time="18.149"/>
  <testcase classname="GMBDataMatchedSI.Classes.SIGMBMatched" name="getdata" time="17.357"/>
  <testcase classname="GMBDataMatchedSI.Classes.SIGMBMatched" name="getdata" time="18.103"/>
  <testcase classname="GMBDataMatchedSI.Classes.SIGMBMatched" name="getdata" time="16.513"/>
  <testcase classname="GMBDataMatchedSI.Classes.SIGMBMatched" name="getdata" time="16.435"/>
  <testcase classname="GMBDataMatchedSI.Classes.SIGMBMatched" name="getdata" time="17.703"/>
  <testcase classname="GMBDataMatchedSI.Classes.SIGMBMatched" name="getdata" time="16.398"/>
  <testcase classname="GMBDataMatchedSI.Classes.SIGMBMatched" name="getdata" time="17.192"/>
  <testcase classname="GMBDataMatchedSI.Classes.SIGMBMatched" name="getdata" time="16.48"/>
  <testcase classname="GMBDataMatchedSI.Classes.SIGMBMatched" name="getdata" time="16.379"/>
  <testcase classname="GMBDataMatchedSI.Classes.SIGMBMatched" name="getdata" time="17.717"/>
  <testcase classname="GMBDataMatchedSI.Classes.SIGMBMatched" name="getdata" time="16.081"/>
  <testcase classname="GMBDataMatchedSI.Classes.SIGMBMatched" name="getdata" time="17.157"/>
  <testcase classname="GMBDataMatchedSI.Classes.SIGMBMatched" name="getdata" time="16.623"/>
  <testcase classname="GMBDataMatchedSI.Classes.SIGMBMatched" name="getdata" time="16.819"/>
  <testcase classname="GMBDataMatchedSI.Classes.SIGMBMatched" name="getdata" time="16.51"/>
  <testcase classname="GMBDataMatchedSI.Classes.SIGMBMatched" name="getdata" time="17.338"/>
  <testcase classname="GMBDataMatchedSI.Classes.SIGMBMatched" name="getdata" time="16.701"/>
  <testcase classname="GMBDataMatchedSI.Classes.SIGMBMatched" name="getdata" time="16.51"/>
  <testcase classname="GMBDataMatchedSI.Classes.SIGMBMatched" name="getdata" time="17.616"/>
  <testcase classname="GMBDataMatchedSI.Classes.SIGMBMatched" name="getdata" time="17.218"/>
  <testcase classname="GMBDataMatchedSI.Classes.SIGMBMatched" name="getdata" time="16.513"/>
  <testcase classname="GMBDataMatchedSI.Classes.SIGMBMatched" name="getdata" time="16.397"/>
  <testcase classname="GMBDataMatchedSI.Classes.SIGMBMatched" name="getdata" time="16.535"/>
  <testcase classname="GMBDataMatchedSI.Classes.SIGMBMatched" name="getdata" time="18.052"/>
  <testcase classname="GMBDataMatchedSI.Classes.SIGMBMatched" name="getdata" time="16.469"/>
  <testcase classname="GMBDataMatchedSI.Classes.SIGMBMatched" name="getdata" time="17.572"/>
  <testcase classname="GMBDataMatchedSI.Classes.SIGMBMatched" name="getdata" time="16.161"/>
  <testcase classname="GMBDataMatchedSI.Classes.SIGMBMatched" name="getdata" time="17.802"/>
  <testcase classname="GMBDataMatchedSI.Classes.SIGMBMatched" name="getdata" time="17.351"/>
  <testcase classname="GMBDataMatchedSI.Classes.SIGMBMatched" name="getdata" time="17.373"/>
  <testcase classname="GMBDataMatchedSI.Classes.SIGMBMatched" name="getdata" time="17.361"/>
  <testcase classname="GMBDataMatchedSI.Classes.SIGMBMatched" name="getdata" time="16.342"/>
  <testcase classname="GMBDataMatchedSI.Classes.SIGMBMatched" name="getdata" time="18.13"/>
  <testcase classname="GMBDataMatchedSI.Classes.SIGMBMatched" name="getdata" time="17.925"/>
  <testcase classname="GMBDataMatchedSI.Classes.SIGMBMatched" name="getdata" time="16.414"/>
  <testcase classname="GMBDataMatchedSI.Classes.SIGMBMatched" name="getdata" time="18.369"/>
  <testcase classname="GMBDataMatchedSI.Classes.SIGMBMatched" name="getdata" time="16.558"/>
  <testcase classname="GMBDataMatchedSI.Classes.SIGMBMatched" name="getdata" time="18.191"/>
  <testcase classname="GMBDataMatchedSI.Classes.SIGMBMatched" name="getdata" time="16.455"/>
  <testcase classname="GMBDataMatchedSI.Classes.SIGMBMatched" name="getdata" time="18.101"/>
  <testcase classname="GMBDataMatchedSI.Classes.SIGMBMatched" name="getdata" time="16.562"/>
  <testcase classname="GMBDataMatchedSI.Classes.SIGMBMatched" name="getdata" time="16.306"/>
  <testcase classname="GMBDataMatchedSI.Classes.SIGMBMatched" name="getdata" time="16.463"/>
  <testcase classname="GMBDataMatchedSI.Classes.SIGMBMatched" name="getdata" time="18.192"/>
  <testcase classname="GMBDataMatchedSI.Classes.SIGMBMatched" name="getdata" time="18.322"/>
  <testcase classname="GMBDataMatchedSI.Classes.SIGMBMatched" name="getdata" time="16.569"/>
  <testcase classname="GMBDataMatchedSI.Classes.SIGMBMatched" name="getdata" time="16.426"/>
  <testcase classname="GMBDataMatchedSI.Classes.SIGMBMatched" name="getdata" time="18.007"/>
  <testcase classname="GMBDataMatchedSI.Classes.SIGMBMatched" name="getdata" time="17.124"/>
  <testcase classname="GMBDataMatchedSI.Classes.SIGMBMatched" name="getdata" time="17.77"/>
  <testcase classname="GMBDataMatchedSI.Classes.SIGMBMatched" name="getdata" time="16.422"/>
  <testcase classname="GMBDataMatchedSI.Classes.SIGMBMatched" name="getdata" time="16.009"/>
  <testcase classname="GMBDataMatchedSI.Classes.SIGMBMatched" name="getdata" time="17.349"/>
  <testcase classname="GMBDataMatchedSI.Classes.SIGMBMatched" name="getdata" time="16.375"/>
  <testcase classname="GMBDataMatchedSI.Classes.SIGMBMatched" name="getdata" time="16.53"/>
  <testcase classname="GMBDataMatchedSI.Classes.SIGMBMatched" name="getdata" time="16.432"/>
  <testcase classname="GMBDataMatchedSI.Classes.SIGMBMatched" name="getdata" time="17.743"/>
  <testcase classname="GMBDataMatchedSI.Classes.SIGMBMatched" name="getdata" time="16.439"/>
  <testcase classname="GMBDataMatchedSI.Classes.SIGMBMatched" name="getdata" time="16.511"/>
  <testcase classname="GMBDataMatchedSI.Classes.SIGMBMatched" name="getdata" time="16.601"/>
  <testcase classname="GMBDataMatchedSI.Classes.SIGMBMatched" name="getdata" time="16.404"/>
  <testcase classname="GMBDataMatchedSI.Classes.SIGMBMatched" name="getdata" time="16.499"/>
  <testcase classname="GMBDataMatchedSI.Classes.SIGMBMatched" name="getdata" time="18.091"/>
  <testcase classname="GMBDataMatchedSI.Classes.SIGMBMatched" name="getdata" time="17.836"/>
  <testcase classname="GMBDataMatchedSI.Classes.SIGMBMatched" name="getdata" time="16.239"/>
  <testcase classname="GMBDataMatchedSI.Classes.SIGMBMatched" name="getdata" time="16.587"/>
  <testcase classname="GMBDataMatchedSI.Classes.SIGMBMatched" name="getdata" time="16.748"/>
  <testcase classname="GMBDataMatchedSI.Classes.SIGMBMatched" name="getdata" time="16.422"/>
  <testcase classname="GMBDataMatchedSI.Classes.SIGMBMatched" name="getdata" time="18.029"/>
  <testcase classname="GMBDataMatchedSI.Classes.SIGMBMatched" name="getdata" time="17.231"/>
  <testcase classname="GMBDataMatchedSI.Classes.SIGMBMatched" name="getdata" time="18.31"/>
  <testcase classname="GMBDataMatchedSI.Classes.SIGMBMatched" name="getdata" time="16.198"/>
  <testcase classname="GMBDataMatchedSI.Classes.SIGMBMatched" name="getdata" time="16.596"/>
  <testcase classname="GMBDataMatchedSI.Classes.SIGMBMatched" name="getdata" time="16.597"/>
  <testcase classname="GMBDataMatchedSI.Classes.SIGMBMatched" name="getdata" time="18.149"/>
  <testcase classname="GMBDataMatchedSI.Classes.SIGMBMatched" name="getdata" time="16.799"/>
  <testcase classname="GMBDataMatchedSI.Classes.SIGMBMatched" name="getdata" time="17.984"/>
  <testcase classname="GMBDataMatchedSI.Classes.SIGMBMatched" name="getdata" time="16.76"/>
  <testcase classname="GMBDataMatchedSI.Classes.SIGMBMatched" name="getdata" time="16.477"/>
  <testcase classname="GMBDataMatchedSI.Classes.SIGMBMatched" name="getdata" time="17.883"/>
  <testcase classname="GMBDataMatchedSI.Classes.SIGMBMatched" name="getdata" time="17.869"/>
  <testcase classname="GMBDataMatchedSI.Classes.SIGMBMatched" name="getdata" time="17.906"/>
  <testcase classname="GMBDataMatchedSI.Classes.SIGMBMatched" name="getdata" time="18.34"/>
  <testcase classname="GMBDataMatchedSI.Classes.SIGMBMatched" name="getdata" time="16.558"/>
  <testcase classname="GMBDataMatchedSI.Classes.SIGMBMatched" name="getdata" time="16.107"/>
  <testcase classname="GMBDataMatchedSI.Classes.SIGMBMatched" name="getdata" time="18.002"/>
  <testcase classname="GMBDataMatchedSI.Classes.SIGMBMatched" name="getdata" time="16.391"/>
  <testcase classname="GMBDataMatchedSI.Classes.SIGMBMatched" name="getdata" time="16.114"/>
  <testcase classname="GMBDataMatchedSI.Classes.SIGMBMatched" name="getdata" time="17.968"/>
  <testcase classname="GMBDataMatchedSI.Classes.SIGMBMatched" name="getdata" time="17.293"/>
  <testcase classname="GMBDataMatchedSI.Classes.SIGMBMatched" name="getdata" time="16.522"/>
  <testcase classname="GMBDataMatchedSI.Classes.SIGMBMatched" name="getdata" time="18.469"/>
  <testcase classname="GMBDataMatchedSI.Classes.SIGMBMatched" name="getdata" time="16.45"/>
  <testcase classname="GMBDataMatchedSI.Classes.SIGMBMatched" name="getdata" time="18.388"/>
  <testcase classname="GMBDataMatchedSI.Classes.SIGMBMatched" name="getdata" time="16.538"/>
  <testcase classname="GMBDataMatchedSI.Classes.SIGMBMatched" name="getdata" time="18.028"/>
  <testcase classname="GMBDataMatchedSI.Classes.SIGMBMatched" name="getdata" time="16.039"/>
  <testcase classname="GMBDataMatchedSI.Classes.SIGMBMatched" name="getdata" time="17.209"/>
  <testcase classname="GMBDataMatchedSI.Classes.SIGMBMatched" name="getdata" time="16.558"/>
  <testcase classname="GMBDataMatchedSI.Classes.SIGMBMatched" name="getdata" time="16.718"/>
  <testcase classname="GMBDataMatchedSI.Classes.SIGMBMatched" name="getdata" time="16.63"/>
  <testcase classname="GMBDataMatchedSI.Classes.SIGMBMatched" name="getdata" time="16.561"/>
  <testcase classname="GMBDataMatchedSI.Classes.SIGMBMatched" name="getdata" time="17.756"/>
  <testcase classname="GMBDataMatchedSI.Classes.SIGMBMatched" name="getdata" time="17.312"/>
  <testcase classname="GMBDataMatchedSI.Classes.SIGMBMatched" name="getdata" time="16.833"/>
  <testcase classname="GMBDataMatchedSI.Classes.SIGMBMatched" name="getdata" time="16.675"/>
  <testcase classname="GMBDataMatchedSI.Classes.SIGMBMatched" name="getdata" time="17.235"/>
  <testcase classname="GMBDataMatchedSI.Classes.SIGMBMatched" name="getdata" time="16.876"/>
  <testcase classname="GMBDataMatchedSI.Classes.SIGMBMatched" name="getdata" time="16.685"/>
  <testcase classname="GMBDataMatchedSI.Classes.SIGMBMatched" name="getdata" time="17.346"/>
  <testcase classname="GMBDataMatchedSI.Classes.SIGMBMatched" name="getdata" time="16.559"/>
  <testcase classname="GMBDataMatchedSI.Classes.SIGMBMatched" name="getdata" time="16.569"/>
  <testcase classname="GMBDataMatchedSI.Classes.SIGMBMatched" name="getdata" time="16.759"/>
  <testcase classname="GMBDataMatchedSI.Classes.SIGMBMatched" name="getdata" time="17.659"/>
  <testcase classname="GMBDataMatchedSI.Classes.SIGMBMatched" name="getdata" time="17.215"/>
  <testcase classname="GMBDataMatchedSI.Classes.SIGMBMatched" name="getdata" time="17.158"/>
  <testcase classname="GMBDataMatchedSI.Classes.SIGMBMatched" name="getdata" time="18.448"/>
  <testcase classname="GMBDataMatchedSI.Classes.SIGMBMatched" name="getdata" time="17.749"/>
  <testcase classname="GMBDataMatchedSI.Classes.SIGMBMatched" name="getdata" time="16.075"/>
  <testcase classname="GMBDataMatchedSI.Classes.SIGMBMatched" name="getdata" time="17.838"/>
  <testcase classname="GMBDataMatchedSI.Classes.SIGMBMatched" name="getdata" time="16.008"/>
  <testcase classname="GMBDataMatchedSI.Classes.SIGMBMatched" name="getdata" time="18.17"/>
  <testcase classname="GMBDataMatchedSI.Classes.SIGMBMatched" name="getdata" time="17.875"/>
  <testcase classname="GMBDataMatchedSI.Classes.SIGMBMatched" name="getdata" time="16.417"/>
  <testcase classname="GMBDataMatchedSI.Classes.SIGMBMatched" name="getdata" time="16.044"/>
  <testcase classname="GMBDataMatchedSI.Classes.SIGMBMatched" name="getdata" time="18.088"/>
  <testcase classname="GMBDataMatchedSI.Classes.SIGMBMatched" name="getdata" time="16.491"/>
  <testcase classname="GMBDataMatchedSI.Classes.SIGMBMatched" name="getdata" time="16.459"/>
  <testcase classname="GMBDataMatchedSI.Classes.SIGMBMatched" name="getdata" time="17.538"/>
  <testcase classname="GMBDataMatchedSI.Classes.SIGMBMatched" name="getdata" time="18.012"/>
  <testcase classname="GMBDataMatchedSI.Classes.SIGMBMatched" name="getdata" time="16.488"/>
  <testcase classname="GMBDataMatchedSI.Classes.SIGMBMatched" name="getdata" time="16.396"/>
  <testcase classname="GMBDataMatchedSI.Classes.SIGMBMatched" name="getdata" time="16.148"/>
  <testcase classname="GMBDataMatchedSI.Classes.SIGMBMatched" name="getdata" time="16.428"/>
  <testcase classname="GMBDataMatchedSI.Classes.SIGMBMatched" name="getdata" time="17.942"/>
  <testcase classname="GMBDataMatchedSI.Classes.SIGMBMatched" name="getdata" time="16.395"/>
  <testcase classname="GMBDataMatchedSI.Classes.SIGMBMatched" name="getdata" time="16.068"/>
  <testcase classname="GMBDataMatchedSI.Classes.SIGMBMatched" name="getdata" time="16.451"/>
  <testcase classname="GMBDataMatchedSI.Classes.SIGMBMatched" name="getdata" time="17.911"/>
  <testcase classname="GMBDataMatchedSI.Classes.SIGMBMatched" name="getdata" time="16.405"/>
  <testcase classname="GMBDataMatchedSI.Classes.SIGMBMatched" name="getdata" time="16.642"/>
  <testcase classname="GMBDataMatchedSI.Classes.SIGMBMatched" name="getdata" time="16.507"/>
  <testcase classname="GMBDataMatchedSI.Classes.SIGMBMatched" name="getdata" time="18.218"/>
  <testcase classname="GMBDataMatchedSI.Classes.SIGMBMatched" name="getdata" time="16.422"/>
  <testcase classname="GMBDataMatchedSI.Classes.SIGMBMatched" name="getdata" time="16.771"/>
  <testcase classname="GMBDataMatchedSI.Classes.SIGMBMatched" name="getdata" time="16.366"/>
  <testcase classname="GMBDataMatchedSI.Classes.SIGMBMatched" name="getdata" time="16.688"/>
  <testcase classname="GMBDataMatchedSI.Classes.SIGMBMatched" name="getdata" time="18.213"/>
  <testcase classname="GMBDataMatchedSI.Classes.SIGMBMatched" name="getdata" time="16.661"/>
  <testcase classname="GMBDataMatchedSI.Classes.SIGMBMatched" name="getdata" time="17.194"/>
  <testcase classname="GMBDataMatchedSI.Classes.SIGMBMatched" name="getdata" time="16.14"/>
  <testcase classname="GMBDataMatchedSI.Classes.SIGMBMatched" name="getdata" time="16.316"/>
  <testcase classname="GMBDataMatchedSI.Classes.SIGMBMatched" name="getdata" time="16.331"/>
  <testcase classname="GMBDataMatchedSI.Classes.SIGMBMatched" name="getdata" time="17.432"/>
  <testcase classname="GMBDataMatchedSI.Classes.SIGMBMatched" name="getdata" time="16.396"/>
  <testcase classname="GMBDataMatchedSI.Classes.SIGMBMatched" name="getdata" time="17.063"/>
  <testcase classname="GMBDataMatchedSI.Classes.SIGMBMatched" name="getdata" time="16.707"/>
  <testcase classname="GMBDataMatchedSI.Classes.SIGMBMatched" name="getdata" time="18.017"/>
  <testcase classname="GMBDataMatchedSI.Classes.SIGMBMatched" name="getdata" time="17.84"/>
  <testcase classname="GMBDataMatchedSI.Classes.SIGMBMatched" name="getdata" time="16.502"/>
  <testcase classname="GMBDataMatchedSI.Classes.SIGMBMatched" name="getdata" time="17.307"/>
  <testcase classname="GMBDataMatchedSI.Classes.SIGMBMatched" name="getdata" time="18.142"/>
  <testcase classname="GMBDataMatchedSI.Classes.SIGMBMatched" name="getdata" time="18.199"/>
  <testcase classname="GMBDataMatchedSI.Classes.SIGMBMatched" name="getdata" time="16.409"/>
  <testcase classname="GMBDataMatchedSI.Classes.SIGMBMatched" name="getdata" time="16.562"/>
  <testcase classname="GMBDataMatchedSI.Classes.SIGMBMatched" name="getdata" time="17.856"/>
  <testcase classname="GMBDataMatchedSI.Classes.SIGMBMatched" name="getdata" time="18.276"/>
  <testcase classname="GMBDataMatchedSI.Classes.SIGMBMatched" name="getdata" time="18.075"/>
  <testcase classname="GMBDataMatchedSI.Classes.SIGMBMatched" name="getdata" time="16.477"/>
  <testcase classname="GMBDataMatchedSI.Classes.SIGMBMatched" name="getdata" time="18.111"/>
  <testcase classname="GMBDataMatchedSI.Classes.SIGMBMatched" name="getdata" time="16.997"/>
  <testcase classname="GMBDataMatchedSI.Classes.SIGMBMatched" name="getdata" time="18.104"/>
  <testcase classname="GMBDataMatchedSI.Classes.SIGMBMatched" name="getdata" time="16.478"/>
  <testcase classname="GMBDataMatchedSI.Classes.SIGMBMatched" name="getdata" time="16.482"/>
  <testcase classname="GMBDataMatchedSI.Classes.SIGMBMatched" name="getdata" time="16.543"/>
  <testcase classname="GMBDataMatchedSI.Classes.SIGMBMatched" name="getdata" time="16.445"/>
  <testcase classname="GMBDataMatchedSI.Classes.SIGMBMatched" name="getdata" time="18.032"/>
  <testcase classname="GMBDataMatchedSI.Classes.SIGMBMatched" name="getdata" time="16.419"/>
  <testcase classname="GMBDataMatchedSI.Classes.SIGMBMatched" name="getdata" time="16.494"/>
  <testcase classname="GMBDataMatchedSI.Classes.SIGMBMatched" name="getdata" time="16.732"/>
  <testcase classname="GMBDataMatchedSI.Classes.SIGMBMatched" name="getdata" time="16.513"/>
  <testcase classname="GMBDataMatchedSI.Classes.SIGMBMatched" name="getdata" time="16.514"/>
  <testcase classname="GMBDataMatchedSI.Classes.SIGMBMatched" name="getdata" time="18.05"/>
  <testcase classname="GMBDataMatchedSI.Classes.SIGMBMatched" name="getdata" time="16.451"/>
  <testcase classname="GMBDataMatchedSI.Classes.SIGMBMatched" name="getdata" time="17.895"/>
  <testcase classname="GMBDataMatchedSI.Classes.SIGMBMatched" name="getdata" time="17.644"/>
  <testcase classname="GMBDataMatchedSI.Classes.SIGMBMatched" name="getdata" time="16.317"/>
  <testcase classname="GMBDataMatchedSI.Classes.SIGMBMatched" name="getdata" time="18.192"/>
  <testcase classname="GMBDataMatchedSI.Classes.SIGMBMatched" name="getdata" time="16.387"/>
  <testcase classname="GMBDataMatchedSI.Classes.SIGMBMatched" name="getdata" time="16.95"/>
  <testcase classname="GMBDataMatchedSI.Classes.SIGMBMatched" name="getdata" time="16.396"/>
  <testcase classname="GMBDataMatchedSI.Classes.SIGMBMatched" name="getdata" time="16.458"/>
  <testcase classname="GMBDataMatchedSI.Classes.SIGMBMatched" name="getdata" time="18.522"/>
  <testcase classname="GMBDataMatchedSI.Classes.SIGMBMatched" name="getdata" time="18.355"/>
  <testcase classname="GMBDataMatchedSI.Classes.SIGMBMatched" name="getdata" time="16.174"/>
  <testcase classname="GMBDataMatchedSI.Classes.SIGMBMatched" name="getdata" time="16.417"/>
  <testcase classname="GMBDataMatchedSI.Classes.SIGMBMatched" name="getdata" time="16.51"/>
  <testcase classname="GMBDataMatchedSI.Classes.SIGMBMatched" name="getdata" time="18.52"/>
  <testcase classname="GMBDataMatchedSI.Classes.SIGMBMatched" name="getdata" time="16.531"/>
  <testcase classname="GMBDataMatchedSI.Classes.SIGMBMatched" name="getdata" time="16.148"/>
  <testcase classname="GMBDataMatchedSI.Classes.SIGMBMatched" name="getdata" time="17.814"/>
  <testcase classname="GMBDataMatchedSI.Classes.SIGMBMatched" name="getdata" time="16.434"/>
  <testcase classname="GMBDataMatchedSI.Classes.SIGMBMatched" name="getdata" time="13.344"/>
  <testcase classname="GMBDataMatchedSI.Classes.SIGMBMatched" name="getdata" time="16.33"/>
  <testcase classname="GMBDataMatchedSI.Classes.SIGMBMatched" name="getdata" time="16.482"/>
  <testcase classname="GMBDataMatchedSI.Classes.SIGMBMatched" name="getdata" time="16.881"/>
  <testcase classname="GMBDataMatchedSI.Classes.SIGMBMatched" name="getdata" time="16.094"/>
  <testcase classname="GMBDataMatchedSI.Classes.SIGMBMatched" name="getdata" time="20.399"/>
  <testcase classname="GMBDataMatchedSI.Classes.SIGMBMatched" name="getdata" time="16.678"/>
  <testcase classname="GMBDataMatchedSI.Classes.SIGMBMatched" name="getdata" time="17.934"/>
  <testcase classname="GMBDataMatchedSI.Classes.SIGMBMatched" name="getdata" time="16.724"/>
  <testcase classname="GMBDataMatchedSI.Classes.SIGMBMatched" name="getdata" time="16.629"/>
  <testcase classname="GMBDataMatchedSI.Classes.SIGMBMatched" name="getdata" time="18.117"/>
  <testcase classname="GMBDataMatchedSI.Classes.SIGMBMatched" name="getdata" time="18.099"/>
  <testcase classname="GMBDataMatchedSI.Classes.SIGMBMatched" name="getdata" time="16.45"/>
  <testcase classname="GMBDataMatchedSI.Classes.SIGMBMatched" name="getdata" time="16.405"/>
  <testcase classname="GMBDataMatchedSI.Classes.SIGMBMatched" name="getdata" time="16.559"/>
  <testcase classname="GMBDataMatchedSI.Classes.SIGMBMatched" name="getdata" time="16.45"/>
  <testcase classname="GMBDataMatchedSI.Classes.SIGMBMatched" name="getdata" time="18.301"/>
  <testcase classname="GMBDataMatchedSI.Classes.SIGMBMatched" name="getdata" time="18.456"/>
  <testcase classname="GMBDataMatchedSI.Classes.SIGMBMatched" name="getdata" time="16.82"/>
  <testcase classname="GMBDataMatchedSI.Classes.SIGMBMatched" name="getdata" time="16.534"/>
  <testcase classname="GMBDataMatchedSI.Classes.SIGMBMatched" name="getdata" time="16.558"/>
  <testcase classname="GMBDataMatchedSI.Classes.SIGMBMatched" name="getdata" time="16.401"/>
  <testcase classname="GMBDataMatchedSI.Classes.SIGMBMatched" name="getdata" time="16.616"/>
  <testcase classname="GMBDataMatchedSI.Classes.SIGMBMatched" name="getdata" time="16.46"/>
  <testcase classname="GMBDataMatchedSI.Classes.SIGMBMatched" name="getdata" time="16.433"/>
  <testcase classname="GMBDataMatchedSI.Classes.SIGMBMatched" name="getdata" time="16.402"/>
  <testcase classname="GMBDataMatchedSI.Classes.SIGMBMatched" name="getdata" time="18.627"/>
  <testcase classname="GMBDataMatchedSI.Classes.SIGMBMatched" name="getdata" time="16.385"/>
  <testcase classname="GMBDataMatchedSI.Classes.SIGMBMatched" name="getdata" time="16.483"/>
  <testcase classname="GMBDataMatchedSI.Classes.SIGMBMatched" name="getdata" time="16.608"/>
  <testcase classname="GMBDataMatchedSI.Classes.SIGMBMatched" name="getdata" time="16.532"/>
  <testcase classname="GMBDataMatchedSI.Classes.SIGMBMatched" name="getdata" time="18.558"/>
  <testcase classname="GMBDataMatchedSI.Classes.SIGMBMatched" name="getdata" time="16.477"/>
  <testcase classname="GMBDataMatchedSI.Classes.SIGMBMatched" name="getdata" time="16.455"/>
  <testcase classname="GMBDataMatchedSI.Classes.SIGMBMatched" name="getdata" time="16.779"/>
  <testcase classname="GMBDataMatchedSI.Classes.SIGMBMatched" name="getdata" time="16.376"/>
  <testcase classname="GMBDataMatchedSI.Classes.SIGMBMatched" name="getdata" time="16.439"/>
  <testcase classname="GMBDataMatchedSI.Classes.SIGMBMatched" name="getdata" time="16.434"/>
  <testcase classname="GMBDataMatchedSI.Classes.SIGMBMatched" name="getdata" time="18.311"/>
  <testcase classname="GMBDataMatchedSI.Classes.SIGMBMatched" name="getdata" time="16.486"/>
  <testcase classname="GMBDataMatchedSI.Classes.SIGMBMatched" name="getdata" time="17.298"/>
  <testcase classname="GMBDataMatchedSI.Classes.SIGMBMatched" name="getdata" time="16.449"/>
  <testcase classname="GMBDataMatchedSI.Classes.SIGMBMatched" name="getdata" time="16.487"/>
  <testcase classname="GMBDataMatchedSI.Classes.SIGMBMatched" name="getdata" time="18.605"/>
  <testcase classname="GMBDataMatchedSI.Classes.SIGMBMatched" name="getdata" time="16.497"/>
  <testcase classname="GMBDataMatchedSI.Classes.SIGMBMatched" name="getdata" time="16.079"/>
  <testcase classname="GMBDataMatchedSI.Classes.SIGMBMatched" name="getdata" time="16.562"/>
  <testcase classname="GMBDataMatchedSI.Classes.SIGMBMatched" name="getdata" time="16.514"/>
  <testcase classname="GMBDataMatchedSI.Classes.SIGMBMatched" name="getdata" time="18.234"/>
  <testcase classname="GMBDataMatchedSI.Classes.SIGMBMatched" name="getdata" time="16.496"/>
  <testcase classname="GMBDataMatchedSI.Classes.SIGMBMatched" name="getdata" time="18.355"/>
  <testcase classname="GMBDataMatchedSI.Classes.SIGMBMatched" name="getdata" time="18.011"/>
  <testcase classname="GMBDataMatchedSI.Classes.SIGMBMatched" name="getdata" time="17.504"/>
  <testcase classname="GMBDataMatchedSI.Classes.SIGMBMatched" name="getdata" time="16.886"/>
  <testcase classname="GMBDataMatchedSI.Classes.SIGMBMatched" name="getdata" time="16.561"/>
  <testcase classname="GMBDataMatchedSI.Classes.SIGMBMatched" name="getdata" time="16.529"/>
  <testcase classname="GMBDataMatchedSI.Classes.SIGMBMatched" name="getdata" time="16.489"/>
  <testcase classname="GMBDataMatchedSI.Classes.SIGMBMatched" name="getdata" time="18.028"/>
  <testcase classname="GMBDataMatchedSI.Classes.SIGMBMatched" name="getdata" time="18.538"/>
  <testcase classname="GMBDataMatchedSI.Classes.SIGMBMatched" name="getdata" time="16.403"/>
  <testcase classname="GMBDataMatchedSI.Classes.SIGMBMatched" name="getdata" time="16.498"/>
  <testcase classname="GMBDataMatchedSI.Classes.SIGMBMatched" name="getdata" time="16.42"/>
  <testcase classname="GMBDataMatchedSI.Classes.SIGMBMatched" name="getdata" time="16.669"/>
  <testcase classname="GMBDataMatchedSI.Classes.SIGMBMatched" name="getdata" time="16.407"/>
  <testcase classname="GMBDataMatchedSI.Classes.SIGMBMatched" name="getdata" time="17.809"/>
  <testcase classname="GMBDataMatchedSI.Classes.SIGMBMatched" name="getdata" time="17.217"/>
  <testcase classname="GMBDataMatchedSI.Classes.SIGMBMatched" name="getdata" time="16.544"/>
  <testcase classname="GMBDataMatchedSI.Classes.SIGMBMatched" name="getdata" time="16.547"/>
  <testcase classname="GMBDataMatchedSI.Classes.SIGMBMatched" name="getdata" time="18.499"/>
  <testcase classname="GMBDataMatchedSI.Classes.SIGMBMatched" name="getdata" time="16.376"/>
  <testcase classname="GMBDataMatchedSI.Classes.SIGMBMatched" name="getdata" time="16.418"/>
  <testcase classname="GMBDataMatchedSI.Classes.SIGMBMatched" name="getdata" time="16.748"/>
  <testcase classname="GMBDataMatchedSI.Classes.SIGMBMatched" name="getdata" time="16.794"/>
  <testcase classname="GMBDataMatchedSI.Classes.SIGMBMatched" name="getdata" time="18.408"/>
  <testcase classname="GMBDataMatchedSI.Classes.SIGMBMatched" name="getdata" time="16.593"/>
  <testcase classname="GMBDataMatchedSI.Classes.SIGMBMatched" name="getdata" time="16.435"/>
  <testcase classname="GMBDataMatchedSI.Classes.SIGMBMatched" name="getdata" time="17.402"/>
  <testcase classname="GMBDataMatchedSI.Classes.SIGMBMatched" name="getdata" time="16.093"/>
  <testcase classname="GMBDataMatchedSI.Classes.SIGMBMatched" name="getdata" time="16.375"/>
  <testcase classname="GMBDataMatchedSI.Classes.SIGMBMatched" name="getdata" time="16.56"/>
  <testcase classname="GMBDataMatchedSI.Classes.SIGMBMatched" name="getdata" time="17.018"/>
  <testcase classname="GMBDataMatchedSI.Classes.SIGMBMatched" name="getdata" time="17.34"/>
  <testcase classname="GMBDataMatchedSI.Classes.SIGMBMatched" name="getdata" time="17.997"/>
  <testcase classname="GMBDataMatchedSI.Classes.SIGMBMatched" name="getdata" time="16.124"/>
  <testcase classname="GMBDataMatchedSI.Classes.SIGMBMatched" name="getdata" time="16.403"/>
  <testcase classname="GMBDataMatchedSI.Classes.SIGMBMatched" name="getdata" time="16.763"/>
  <testcase classname="GMBDataMatchedSI.Classes.SIGMBMatched" name="getdata" time="16.449"/>
  <testcase classname="GMBDataMatchedSI.Classes.SIGMBMatched" name="getdata" time="16.484"/>
  <testcase classname="GMBDataMatchedSI.Classes.SIGMBMatched" name="getdata" time="16.861"/>
  <testcase classname="GMBDataMatchedSI.Classes.SIGMBMatched" name="getdata" time="16.58"/>
  <testcase classname="GMBDataMatchedSI.Classes.SIGMBMatched" name="getdata" time="18.25"/>
  <testcase classname="GMBDataMatchedSI.Classes.SIGMBMatched" name="getdata" time="16.153"/>
  <testcase classname="GMBDataMatchedSI.Classes.SIGMBMatched" name="getdata" time="16.576"/>
  <testcase classname="GMBDataMatchedSI.Classes.SIGMBMatched" name="getdata" time="16.606"/>
  <testcase classname="GMBDataMatchedSI.Classes.SIGMBMatched" name="getdata" time="16.857"/>
  <testcase classname="GMBDataMatchedSI.Classes.SIGMBMatched" name="getdata" time="18.086"/>
  <testcase classname="GMBDataMatchedSI.Classes.SIGMBMatched" name="getdata" time="16.262"/>
  <testcase classname="GMBDataMatchedSI.Classes.SIGMBMatched" name="getdata" time="16.47"/>
  <testcase classname="GMBDataMatchedSI.Classes.SIGMBMatched" name="getdata" time="18.145"/>
  <testcase classname="GMBDataMatchedSI.Classes.SIGMBMatched" name="getdata" time="18.122"/>
  <testcase classname="GMBDataMatchedSI.Classes.SIGMBMatched" name="getdata" time="18.055"/>
  <testcase classname="GMBDataMatchedSI.Classes.SIGMBMatched" name="getdata" time="16.561"/>
  <testcase classname="GMBDataMatchedSI.Classes.SIGMBMatched" name="getdata" time="16.384"/>
  <testcase classname="GMBDataMatchedSI.Classes.SIGMBMatched" name="getdata" time="18.034"/>
  <testcase classname="GMBDataMatchedSI.Classes.SIGMBMatched" name="getdata" time="16.561"/>
  <testcase classname="GMBDataMatchedSI.Classes.SIGMBMatched" name="getdata" time="16.056"/>
  <testcase classname="GMBDataMatchedSI.Classes.SIGMBMatched" name="getdata" time="16.45"/>
  <testcase classname="GMBDataMatchedSI.Classes.SIGMBMatched" name="getdata" time="16.36"/>
  <testcase classname="GMBDataMatchedSI.Classes.SIGMBMatched" name="getdata" time="18.013"/>
  <testcase classname="GMBDataMatchedSI.Classes.SIGMBMatched" name="getdata" time="16.345"/>
  <testcase classname="GMBDataMatchedSI.Classes.SIGMBMatched" name="getdata" time="16.528"/>
  <testcase classname="GMBDataMatchedSI.Classes.SIGMBMatched" name="getdata" time="16.472"/>
  <testcase classname="GMBDataMatchedSI.Classes.SIGMBMatched" name="getdata" time="16.639"/>
  <testcase classname="GMBDataMatchedSI.Classes.SIGMBMatched" name="getdata" time="16.515"/>
  <testcase classname="GMBDataMatchedSI.Classes.SIGMBMatched" name="getdata" time="19.644"/>
  <testcase classname="GMBDataMatchedSI.Classes.SIGMBMatched" name="getdata" time="17.713"/>
  <testcase classname="GMBDataMatchedSI.Classes.SIGMBMatched" name="getdata" time="18.161"/>
  <testcase classname="GMBDataMatchedSI.Classes.SIGMBMatched" name="getdata" time="16.406"/>
  <testcase classname="GMBDataMatchedSI.Classes.SIGMBMatched" name="getdata" time="17.969"/>
  <testcase classname="GMBDataMatchedSI.Classes.SIGMBMatched" name="getdata" time="16.356"/>
  <testcase classname="GMBDataMatchedSI.Classes.SIGMBMatched" name="getdata" time="16.927"/>
  <testcase classname="GMBDataMatchedSI.Classes.SIGMBMatched" name="getdata" time="16.518"/>
  <testcase classname="GMBDataMatchedSI.Classes.SIGMBMatched" name="getdata" time="17.137"/>
  <testcase classname="GMBDataMatchedSI.Classes.SIGMBMatched" name="getdata" time="16.326"/>
  <testcase classname="GMBDataMatchedSI.Classes.SIGMBMatched" name="getdata" time="16.633"/>
  <testcase classname="GMBDataMatchedSI.Classes.SIGMBMatched" name="getdata" time="16.184"/>
  <testcase classname="GMBDataMatchedSI.Classes.SIGMBMatched" name="getdata" time="16.607"/>
  <testcase classname="GMBDataMatchedSI.Classes.SIGMBMatched" name="getdata" time="16.47"/>
  <testcase classname="GMBDataMatchedSI.Classes.SIGMBMatched" name="getdata" time="16.544"/>
  <testcase classname="GMBDataMatchedSI.Classes.SIGMBMatched" name="getdata" time="17.892"/>
  <testcase classname="GMBDataMatchedSI.Classes.SIGMBMatched" name="getdata" time="16.516"/>
  <testcase classname="GMBDataMatchedSI.Classes.SIGMBMatched" name="getdata" time="16.39"/>
  <testcase classname="GMBDataMatchedSI.Classes.SIGMBMatched" name="getdata" time="16.317"/>
  <testcase classname="GMBDataMatchedSI.Classes.SIGMBMatched" name="getdata" time="17.214"/>
  <testcase classname="GMBDataMatchedSI.Classes.SIGMBMatched" name="getdata" time="17.933"/>
  <testcase classname="GMBDataMatchedSI.Classes.SIGMBMatched" name="getdata" time="17.321"/>
  <testcase classname="GMBDataMatchedSI.Classes.SIGMBMatched" name="getdata" time="18.532"/>
  <testcase classname="GMBDataMatchedSI.Classes.SIGMBMatched" name="getdata" time="17.789"/>
  <testcase classname="GMBDataMatchedSI.Classes.SIGMBMatched" name="getdata" time="16.599"/>
  <testcase classname="GMBDataMatchedSI.Classes.SIGMBMatched" name="getdata" time="16.387"/>
  <testcase classname="GMBDataMatchedSI.Classes.SIGMBMatched" name="getdata" time="16.968"/>
  <testcase classname="GMBDataMatchedSI.Classes.SIGMBMatched" name="getdata" time="16.393"/>
  <testcase classname="GMBDataMatchedSI.Classes.SIGMBMatched" name="getdata" time="19.547"/>
  <testcase classname="GMBDataMatchedSI.Classes.SIGMBMatched" name="getdata" time="18.042"/>
  <testcase classname="GMBDataMatchedSI.Classes.SIGMBMatched" name="getdata" time="16.259"/>
  <testcase classname="GMBDataMatchedSI.Classes.SIGMBMatched" name="getdata" time="16.535"/>
  <testcase classname="GMBDataMatchedSI.Classes.SIGMBMatched" name="getdata" time="16.804"/>
  <testcase classname="GMBDataMatchedSI.Classes.SIGMBMatched" name="getdata" time="20.491"/>
  <testcase classname="GMBDataMatchedSI.Classes.SIGMBMatched" name="getdata" time="18.916"/>
  <testcase classname="GMBDataMatchedSI.Classes.SIGMBMatched" name="getdata" time="17.973"/>
  <testcase classname="GMBDataMatchedSI.Classes.SIGMBMatched" name="getdata" time="16.434"/>
  <testcase classname="GMBDataMatchedSI.Classes.SIGMBMatched" name="getdata" time="18.049"/>
  <testcase classname="GMBDataMatchedSI.Classes.SIGMBMatched" name="getdata" time="16.706"/>
  <testcase classname="GMBDataMatchedSI.Classes.SIGMBMatched" name="getdata" time="16.324"/>
  <testcase classname="GMBDataMatchedSI.Classes.SIGMBMatched" name="getdata" time="18.139"/>
  <testcase classname="GMBDataMatchedSI.Classes.SIGMBMatched" name="getdata" time="16.165"/>
  <testcase classname="GMBDataMatchedSI.Classes.SIGMBMatched" name="getdata" time="16.673"/>
  <testcase classname="GMBDataMatchedSI.Classes.SIGMBMatched" name="getdata" time="16.632"/>
  <testcase classname="GMBDataMatchedSI.Classes.SIGMBMatched" name="getdata" time="18.125"/>
  <testcase classname="GMBDataMatchedSI.Classes.SIGMBMatched" name="getdata" time="16.469"/>
  <testcase classname="GMBDataMatchedSI.Classes.SIGMBMatched" name="getdata" time="16.444"/>
  <testcase classname="GMBDataMatchedSI.Classes.SIGMBMatched" name="getdata" time="16.016"/>
  <testcase classname="GMBDataMatchedSI.Classes.SIGMBMatched" name="getdata" time="17.234"/>
  <testcase classname="GMBDataMatchedSI.Classes.SIGMBMatched" name="getdata" time="16.485"/>
  <testcase classname="GMBDataMatchedSI.Classes.SIGMBMatched" name="getdata" time="16.364"/>
  <testcase classname="GMBDataMatchedSI.Classes.SIGMBMatched" name="getdata" time="16.563"/>
  <testcase classname="GMBDataMatchedSI.Classes.SIGMBMatched" name="getdata" time="16.319"/>
  <testcase classname="GMBDataMatchedSI.Classes.SIGMBMatched" name="getdata" time="16.512"/>
  <testcase classname="GMBDataMatchedSI.Classes.SIGMBMatched" name="getdata" time="16.541"/>
  <testcase classname="GMBDataMatchedSI.Classes.SIGMBMatched" name="getdata" time="16.484"/>
  <testcase classname="GMBDataMatchedSI.Classes.SIGMBMatched" name="getdata" time="16.252"/>
  <testcase classname="GMBDataMatchedSI.Classes.SIGMBMatched" name="getdata" time="16.384"/>
  <testcase classname="GMBDataMatchedSI.Classes.SIGMBMatched" name="getdata" time="18.012"/>
  <testcase classname="GMBDataMatchedSI.Classes.SIGMBMatched" name="getdata" time="17.093"/>
  <testcase classname="GMBDataMatchedSI.Classes.SIGMBMatched" name="getdata" time="16.857"/>
  <testcase classname="GMBDataMatchedSI.Classes.SIGMBMatched" name="getdata" time="17.894"/>
  <testcase classname="GMBDataMatchedSI.Classes.SIGMBMatched" name="getdata" time="16.02"/>
  <testcase classname="GMBDataMatchedSI.Classes.SIGMBMatched" name="getdata" time="16.418"/>
  <testcase classname="GMBDataMatchedSI.Classes.SIGMBMatched" name="getdata" time="16.855"/>
  <testcase classname="GMBDataMatchedSI.Classes.SIGMBMatched" name="getdata" time="16.446"/>
  <testcase classname="GMBDataMatchedSI.Classes.SIGMBMatched" name="getdata" time="16.384"/>
  <testcase classname="GMBDataMatchedSI.Classes.SIGMBMatched" name="getdata" time="16.424"/>
  <testcase classname="GMBDataMatchedSI.Classes.SIGMBMatched" name="getdata" time="17.862"/>
  <testcase classname="GMBDataMatchedSI.Classes.SIGMBMatched" name="getdata" time="16.488"/>
  <testcase classname="GMBDataMatchedSI.Classes.SIGMBMatched" name="getdata" time="19.221"/>
  <testcase classname="GMBDataMatchedSI.Classes.SIGMBMatched" name="getdata" time="16.451"/>
  <testcase classname="GMBDataMatchedSI.Classes.SIGMBMatched" name="getdata" time="16.918"/>
  <testcase classname="GMBDataMatchedSI.Classes.SIGMBMatched" name="getdata" time="16.485"/>
  <testcase classname="GMBDataMatchedSI.Classes.SIGMBMatched" name="getdata" time="16.391"/>
  <testcase classname="GMBDataMatchedSI.Classes.SIGMBMatched" name="getdata" time="16.465"/>
  <testcase classname="GMBDataMatchedSI.Classes.SIGMBMatched" name="getdata" time="16.674"/>
[...]
  <testcase classname="GMBDataMatchedSI.Classes.SIGMBMatched" name="getdata" time="0.0"/>
  <testcase classname="GMBDataMatchedSI.Classes.SIGMBMatched" name="getdata" time="0.0"/>
  <testcase classname="GMBDataMatchedSI.Classes.SIGMBMatched" name="getdata" time="0.0"/>
  <testcase classname="GMBDataMatchedSI.Classes.SIGMBMatched" name="getdata" time="0.0"/>
  <testcase classname="GMBDataMatchedSI.Classes.SIGMBMatched" name="getdata" time="0.0"/>
  <testcase classname="GMBDataMatchedSI.Classes.SIGMBMatched" name="getdata" time="0.0"/>
  <testcase classname="GMBDataMatchedSI.Classes.SIGMBMatched" name="getdata" time="0.0"/>
  <testcase classname="GMBDataMatchedSI.Classes.SIGMBMatched" name="getdata" time="0.0"/>
  <testcase classname="GMBDataMatchedSI.Classes.SIGMBMatched" name="getdata" time="0.0"/>
  <testcase classname="GMBDataMatchedSI.Classes.SIGMBMatched" name="getdata" time="0.0"/>
  <testcase classname="GMBDataMatchedSI.Classes.SIGMBMatched" name="getdata" time="0.0"/>
  <testcase classname="GMBDataMatchedSI.Classes.SIGMBMatched" name="getdata" time="0.0"/>
  <testcase classname="GMBDataMatchedSI.Classes.SIGMBMatched" name="getdata" time="0.0"/>
  <testcase classname="GMBDataMatchedSI.Classes.SIGMBMatched" name="getdata" time="0.0"/>
  <testcase classname="GMBDataMatchedSI.Classes.SIGMBMatched" name="getdata" time="0.0"/>
  <testcase classname="GMBDataMatchedSI.Classes.SIGMBMatched" name="getdata" time="0.0"/>
  <testcase classname="GMBDataMatchedSI.Classes.SIGMBMatched" name="getdata" time="0.0"/>
  <testcase classname="GMBDataMatchedSI.Classes.SIGMBMatched" name="getdata" time="0.0"/>
  <testcase classname="GMBDataMatchedSI.Classes.SIGMBMatched" name="getdata" time="0.0"/>
  <testcase classname="GMBDataMatchedSI.Classes.SIGMBMatched" name="getdata" time="0.0"/>
  <testcase classname="GMBDataMatchedSI.Classes.SIGMBMatched" name="getdata" time="0.0"/>
  <testcase classname="GMBDataMatchedSI.Classes.SIGMBMatched" name="getdata" time="0.0"/>
  <testcase classname="GMBDataMatchedSI.Classes.SIGMBMatched" name="getdata" time="0.0"/>
  <testcase classname="GMBDataMatchedSI.Classes.SIGMBMatched" name="getdata" time="0.0"/>
  <testcase classname="GMBDataMatchedSI.Classes.SIGMBMatched" name="getdata" time="0.0"/>
  <testcase classname="GMBDataMatchedSI.Classes.SIGMBMatched" name="getdata" time="0.0"/>
  <testcase classname="GMBDataMatchedSI.Classes.SIGMBMatched" name="getdata" time="0.0"/>
  <testcase classname="GMBDataMatchedSI.Classes.SIGMBMatched" name="getdata" time="0.0"/>
  <testcase classname="GMBDataMatchedSI.Classes.SIGMBMatched" name="getdata" time="0.0"/>
  <testcase classname="GMBDataMatchedSI.Classes.SIGMBMatched" name="getdata" time="0.0"/>
  <testcase classname="GMBDataMatchedSI.Classes.SIGMBMatched" name="getdata" time="0.0"/>
  <testcase classname="GMBDataMatchedSI.Classes.SIGMBMatched" name="getdata" time="0.0"/>
  <testcase classname="GMBDataMatchedSI.Classes.SIGMBMatched" name="getdata" time="0.016"/>
  <testcase classname="GMBDataMatchedSI.Classes.SIGMBMatched" name="getdata" time="0.0"/>
  <testcase classname="GMBDataMatchedSI.Classes.SIGMBMatched" name="getdata" time="0.0"/>
  <testcase classname="GMBDataMatchedSI.Classes.SIGMBMatched" name="getdata" time="0.0"/>
  <testcase classname="GMBDataMatchedSI.Classes.SIGMBMatched" name="getdata" time="0.0"/>
  <testcase classname="GMBDataMatchedSI.Classes.SIGMBMatched" name="getdata" time="0.0"/>
  <testcase classname="GMBDataMatchedSI.Classes.SIGMBMatched" name="getdata" time="0.0"/>
  <testcase classname="GMBDataMatchedSI.Classes.SIGMBMatched" name="getdata" time="0.015"/>
  <testcase classname="GMBDataMatchedSI.Classes.SIGMBMatched" name="getdata" time="0.0"/>
  <testcase classname="GMBDataMatchedSI.Classes.SIGMBMatched" name="getdata" time="0.0"/>
  <testcase classname="GMBDataMatchedSI.Classes.SIGMBMatched" name="getdata" time="0.0"/>
  <testcase classname="GMBDataMatchedSI.Classes.SIGMBMatched" name="getdata" time="0.0"/>
  <testcase classname="GMBDataMatchedSI.Classes.SIGMBMatched" name="getdata" time="0.0"/>
  <testcase classname="GMBDataMatchedSI.Classes.SIGMBMatched" name="getdata" time="0.0"/>
  <testcase classname="GMBDataMatchedSI.Classes.SIGMBMatched" name="getdata" time="0.0"/>
  <testcase classname="GMBDataMatchedSI.Classes.SIGMBMatched" name="getdata" time="0.0"/>
  <testcase classname="GMBDataMatchedSI.Classes.SIGMBMatched" name="getdata" time="0.0"/>
  <testcase classname="GMBDataMatchedSI.Classes.SIGMBMatched" name="getdata" time="0.0"/>
  <testcase classname="GMBDataMatchedSI.Classes.SIGMBMatched" name="getdata" time="0.0"/>
  <testcase classname="GMBDataMatchedSI.Classes.SIGMBMatched" name="getdata" time="0.0"/>
  <testcase classname="GMBDataMatchedSI.Classes.SIGMBMatched" name="getdata" time="0.0"/>
  <testcase classname="GMBDataMatchedSI.Classes.SIGMBMatched" name="getdata" time="0.0"/>
  <testcase classname="GMBDataMatchedSI.Classes.SIGMBMatched" name="getdata" time="0.0"/>
  <testcase classname="GMBDataMatchedSI.Classes.SIGMBMatched" name="getdata" time="0.0"/>
  <testcase classname="GMBDataMatchedSI.Classes.SIGMBMatched" name="getdata" time="0.0"/>
  <testcase classname="GMBDataMatchedSI.Classes.SIGMBMatched" name="getdata" time="0.0"/>
  <testcase classname="GMBDataMatchedSI.Classes.SIGMBMatched" name="getdata" time="0.0"/>
  <testcase classname="GMBDataMatchedSI.Classes.SIGMBMatched" name="getdata" time="0.0"/>
  <testcase classname="GMBDataMatchedSI.Classes.SIGMBMatched" name="getdata" time="0.0"/>
  <testcase classname="GMBDataMatchedSI.Classes.SIGMBMatched" name="getdata" time="0.0"/>
  <testcase classname="GMBDataMatchedSI.Classes.SIGMBMatched" name="getdata" time="0.0"/>
  <testcase classname="GMBDataMatchedSI.Classes.SIGMBMatched" name="getdata" time="0.0"/>
  <testcase classname="GMBDataMatchedSI.Classes.SIGMBMatched" name="getdata" time="0.0"/>
  <testcase classname="GMBDataMatchedSI.Classes.SIGMBMatched" name="getdata" time="0.0"/>
  <testcase classname="GMBDataMatchedSI.Classes.SIGMBMatched" name="getdata" time="0.0"/>
  <testcase classname="GMBDataMatchedSI.Classes.SIGMBMatched" name="getdata" time="0.0"/>
  <testcase classname="GMBDataMatchedSI.Classes.SIGMBMatched" name="getdata" time="0.0"/>
  <testcase classname="GMBDataMatchedSI.Classes.SIGMBMatched" name="getdata" time="0.0"/>
  <testcase classname="GMBDataMatchedSI.Classes.SIGMBMatched" name="getdata" time="0.0"/>
  <testcase classname="GMBDataMatchedSI.Classes.SIGMBMatched" name="getdata" time="0.0"/>
  <testcase classname="GMBDataMatchedSI.Classes.SIGMBMatched" name="getdata" time="0.0"/>
  <testcase classname="GMBDataMatchedSI.Classes.SIGMBMatched" name="getdata" time="0.0"/>
  <testcase classname="GMBDataMatchedSI.Classes.SIGMBMatched" name="getdata" time="0.0"/>
  <testcase classname="GMBDataMatchedSI.Classes.SIGMBMatched" name="getdata" time="0.0"/>
  <testcase classname="GMBDataMatchedSI.Classes.SIGMBMatched" name="getdata" time="0.0"/>
  <testcase classname="GMBDataMatchedSI.Classes.SIGMBMatched" name="getdata" time="0.0"/>
  <testcase classname="GMBDataMatchedSI.Classes.SIGMBMatched" name="getdata" time="0.0"/>
  <testcase classname="GMBDataMatchedSI.Classes.SIGMBMatched" name="getdata" time="0.0"/>
  <testcase classname="GMBDataMatchedSI.Classes.SIGMBMatched" name="getdata" time="0.0"/>
  <testcase classname="GMBDataMatchedSI.Classes.SIGMBMatched" name="getdata" time="0.0"/>
  <testcase classname="GMBDataMatchedSI.Classes.SIGMBMatched" name="getdata" time="0.0"/>
  <testcase classname="GMBDataMatchedSI.Classes.SIGMBMatched" name="getdata" time="0.0"/>
  <testcase classname="GMBDataMatchedSI.Classes.SIGMBMatched" name="getdata" time="0.0"/>
  <testcase classname="GMBDataMatchedSI.Classes.SIGMBMatched" name="getdata" time="0.0"/>
  <testcase classname="GMBDataMatchedSI.Classes.SIGMBMatched" name="getdata" time="0.0"/>
  <testcase classname="GMBDataMatchedSI.Classes.SIGMBMatched" name="getdata" time="0.016"/>
  <testcase classname="GMBDataMatchedSI.Classes.SIGMBMatched" name="getdata" time="0.0"/>
  <testcase classname="GMBDataMatchedSI.Classes.SIGMBMatched" name="getdata" time="0.0"/>
  <testcase classname="GMBDataMatchedSI.Classes.SIGMBMatched" name="getdata" time="0.0"/>
  <testcase classname="GMBDataMatchedSI.Classes.SIGMBMatched" name="getdata" time="0.0"/>
  <testcase classname="GMBDataMatchedSI.Classes.SIGMBMatched" name="getdata" time="0.0"/>
  <testcase classname="GMBDataMatchedSI.Classes.SIGMBMatched" name="getdata" time="0.0"/>
  <testcase classname="GMBDataMatchedSI.Classes.SIGMBMatched" name="getdata" time="0.0"/>
  <testcase classname="GMBDataMatchedSI.Classes.SIGMBMatched" name="getdata" time="0.015"/>
  <testcase classname="GMBDataMatchedSI.Classes.SIGMBMatched" name="getdata" time="0.0"/>
  <testcase classname="GMBDataMatchedSI.Classes.SIGMBMatched" name="getdata" time="0.0"/>
  <testcase classname="GMBDataMatchedSI.Classes.SIGMBMatched" name="getdata" time="0.0"/>
  <testcase classname="GMBDataMatchedSI.Classes.SIGMBMatched" name="getdata" time="0.0"/>
  <testcase classname="GMBDataMatchedSI.Classes.SIGMBMatched" name="getdata" time="0.0"/>
  <testcase classname="GMBDataMatchedSI.Classes.SIGMBMatched" name="getdata" time="0.0"/>
  <testcase classname="GMBDataMatchedSI.Classes.SIGMBMatched" name="getdata" time="0.0"/>
  <testcase classname="GMBDataMatchedSI.Classes.SIGMBMatched" name="getdata" time="0.0"/>
  <testcase classname="GMBDataMatchedSI.Classes.SIGMBMatched" name="getdata" time="0.0"/>
  <testcase classname="GMBDataMatchedSI.Classes.SIGMBMatched" name="getdata" time="0.0"/>
  <testcase classname="GMBDataMatchedSI.Classes.SIGMBMatched" name="getdata" time="0.0"/>
  <testcase classname="GMBDataMatchedSI.Classes.SIGMBMatched" name="getdata" time="0.0"/>
  <testcase classname="GMBDataMatchedSI.Classes.SIGMBMatched" name="getdata" time="0.0"/>
  <testcase classname="GMBDataMatchedSI.Classes.SIGMBMatched" name="getdata" time="0.0"/>
  <testcase classname="GMBDataMatchedSI.Classes.SIGMBMatched" name="getdata" time="0.0"/>
  <testcase classname="GMBDataMatchedSI.Classes.SIGMBMatched" name="getdata" time="0.0"/>
  <testcase classname="GMBDataMatchedSI.Classes.SIGMBMatched" name="getdata" time="0.0"/>
  <testcase classname="GMBDataMatchedSI.Classes.SIGMBMatched" name="getdata" time="0.0"/>
  <testcase classname="GMBDataMatchedSI.Classes.SIGMBMatched" name="getdata" time="0.0"/>
  <testcase classname="GMBDataMatchedSI.Classes.SIGMBMatched" name="getdata" time="0.0"/>
  <testcase classname="GMBDataMatchedSI.Classes.SIGMBMatched" name="getdata" time="0.0"/>
  <testcase classname="GMBDataMatchedSI.Classes.SIGMBMatched" name="getdata" time="0.0"/>
  <testcase classname="GMBDataMatchedSI.Classes.SIGMBMatched" name="getdata" time="0.0"/>
  <testcase classname="GMBDataMatchedSI.Classes.SIGMBMatched" name="getdata" time="0.0"/>
  <testcase classname="GMBDataMatchedSI.Classes.SIGMBMatched" name="getdata" time="0.0"/>
  <testcase classname="GMBDataMatchedSI.Classes.SIGMBMatched" name="getdata" time="0.0"/>
  <testcase classname="GMBDataMatchedSI.Classes.SIGMBMatched" name="getdata" time="0.0"/>
  <testcase classname="GMBDataMatchedSI.Classes.SIGMBMatched" name="getdata" time="0.0"/>
  <testcase classname="GMBDataMatchedSI.Classes.SIGMBMatched" name="getdata" time="0.016"/>
  <testcase classname="GMBDataMatchedSI.Classes.SIGMBMatched" name="getdata" time="0.0"/>
  <testcase classname="GMBDataMatchedSI.Classes.SIGMBMatched" name="getdata" time="0.0"/>
  <testcase classname="GMBDataMatchedSI.Classes.SIGMBMatched" name="getdata" time="0.0"/>
  <testcase classname="GMBDataMatchedSI.Classes.SIGMBMatched" name="getdata" time="0.0"/>
  <testcase classname="GMBDataMatchedSI.Classes.SIGMBMatched" name="getdata" time="0.0"/>
  <testcase classname="GMBDataMatchedSI.Classes.SIGMBMatched" name="getdata" time="0.0"/>
  <testcase classname="GMBDataMatchedSI.Classes.SIGMBMatched" name="getdata" time="0.0"/>
  <testcase classname="GMBDataMatchedSI.Classes.SIGMBMatched" name="getdata" time="0.0"/>
  <testcase classname="GMBDataMatchedSI.Classes.SIGMBMatched" name="getdata" time="0.0"/>
  <testcase classname="GMBDataMatchedSI.Classes.SIGMBMatched" name="getdata" time="0.0"/>
  <testcase classname="GMBDataMatchedSI.Classes.SIGMBMatched" name="getdata" time="0.0"/>
  <testcase classname="GMBDataMatchedSI.Classes.SIGMBMatched" name="getdata" time="0.0"/>
  <testcase classname="GMBDataMatchedSI.Classes.SIGMBMatched" name="getdata" time="0.0"/>
  <testcase classname="GMBDataMatchedSI.Classes.SIGMBMatched" name="getdata" time="0.0"/>
  <testcase classname="GMBDataMatchedSI.Classes.SIGMBMatched" name="getdata" time="0.0"/>
  <testcase classname="GMBDataMatchedSI.Classes.SIGMBMatched" name="getdata" time="0.0"/>
  <testcase classname="GMBDataMatchedSI.Classes.SIGMBMatched" name="getdata" time="0.0"/>
  <testcase classname="GMBDataMatchedSI.Classes.SIGMBMatched" name="getdata" time="0.0"/>
  <testcase classname="GMBDataMatchedSI.Classes.SIGMBMatched" name="getdata" time="0.0"/>
  <testcase classname="GMBDataMatchedSI.Classes.SIGMBMatched" name="getdata" time="0.0"/>
  <testcase classname="GMBDataMatchedSI.Classes.SIGMBMatched" name="getdata" time="0.0"/>
  <testcase classname="GMBDataMatchedSI.Classes.SIGMBMatched" name="getdata" time="0.0"/>
  <testcase classname="GMBDataMatchedSI.Classes.SIGMBMatched" name="getdata" time="0.0"/>
  <testcase classname="GMBDataMatchedSI.Classes.SIGMBMatched" name="getdata" time="0.0"/>
  <testcase classname="GMBDataMatchedSI.Classes.SIGMBMatched" name="getdata" time="0.0"/>
  <testcase classname="GMBDataMatchedSI.Classes.SIGMBMatched" name="getdata" time="0.0"/>
  <testcase classname="GMBDataMatchedSI.Classes.SIGMBMatched" name="getdata" time="0.0"/>
  <testcase classname="GMBDataMatchedSI.Classes.SIGMBMatched" name="getdata" time="0.0"/>
  <testcase classname="GMBDataMatchedSI.Classes.SIGMBMatched" name="getdata" time="0.0"/>
  <testcase classname="GMBDataMatchedSI.Classes.SIGMBMatched" name="getdata" time="0.0"/>
  <testcase classname="GMBDataMatchedSI.Classes.SIGMBMatched" name="getdata" time="0.0"/>
  <testcase classname="GMBDataMatchedSI.Classes.SIGMBMatched" name="getdata" time="0.0"/>
  <testcase classname="GMBDataMatchedSI.Classes.SIGMBMatched" name="getdata" time="0.0"/>
  <testcase classname="GMBDataMatchedSI.Classes.SIGMBMatched" name="getdata" time="0.0"/>
  <testcase classname="GMBDataMatchedSI.Classes.SIGMBMatched" name="getdata" time="0.0"/>
  <testcase classname="GMBDataMatchedSI.Classes.SIGMBMatched" name="getdata" time="0.0"/>
  <testcase classname="GMBDataMatchedSI.Classes.SIGMBMatched" name="getdata" time="0.0"/>
  <testcase classname="GMBDataMatchedSI.Classes.SIGMBMatched" name="getdata" time="0.0"/>
  <testcase classname="GMBDataMatchedSI.Classes.SIGMBMatched" name="getdata" time="0.0"/>
  <testcase classname="GMBDataMatchedSI.Classes.SIGMBMatched" name="getdata" time="0.0"/>
  <testcase classname="GMBDataMatchedSI.Classes.SIGMBMatched" name="getdata" time="0.0"/>
  <testcase classname="GMBDataMatchedSI.Classes.SIGMBMatched" name="getdata" time="0.0"/>
  <testcase classname="GMBDataMatchedSI.Classes.SIGMBMatched" name="getdata" time="0.0"/>
  <testcase classname="GMBDataMatchedSI.Classes.SIGMBMatched" name="getdata" time="0.0"/>
  <testcase classname="GMBDataMatchedSI.Classes.SIGMBMatched" name="getdata" time="0.0"/>
  <testcase classname="GMBDataMatchedSI.Classes.SIGMBMatched" name="getdata" time="0.0"/>
  <testcase classname="GMBDataMatchedSI.Classes.SIGMBMatched" name="getdata" time="0.0"/>
  <testcase classname="GMBDataMatchedSI.Classes.SIGMBMatched" name="getdata" time="0.0"/>
  <testcase classname="GMBDataMatchedSI.Classes.SIGMBMatched" name="getdata" time="0.0"/>
  <testcase classname="GMBDataMatchedSI.Classes.SIGMBMatched" name="getdata" time="0.0"/>
  <testcase classname="GMBDataMatchedSI.Classes.SIGMBMatched" name="getdata" time="0.0"/>
  <testcase classname="GMBDataMatchedSI.Classes.SIGMBMatched" name="getdata" time="0.0"/>
  <testcase classname="GMBDataMatchedSI.Classes.SIGMBMatched" name="getdata" time="0.0"/>
  <testcase classname="GMBDataMatchedSI.Classes.SIGMBMatched" name="getdata" time="0.0"/>
  <testcase classname="GMBDataMatchedSI.Classes.SIGMBMatched" name="getdata" time="0.0"/>
  <testcase classname="GMBDataMatchedSI.Classes.SIGMBMatched" name="getdata" time="0.0"/>
  <testcase classname="GMBDataMatchedSI.Classes.SIGMBMatched" name="getdata" time="0.0"/>
  <testcase classname="GMBDataMatchedSI.Classes.SIGMBMatched" name="getdata" time="0.0"/>
  <testcase classname="GMBDataMatchedSI.Classes.SIGMBMatched" name="getdata" time="0.0"/>
  <testcase classname="GMBDataMatchedSI.Classes.SIGMBMatched" name="getdata" time="0.0"/>
  <testcase classname="GMBDataMatchedSI.Classes.SIGMBMatched" name="getdata" time="0.0"/>
  <testcase classname="GMBDataMatchedSI.Classes.SIGMBMatched" name="getdata" time="0.0"/>
  <testcase classname="GMBDataMatchedSI.Classes.SIGMBMatched" name="getdata" time="0.0"/>
  <testcase classname="GMBDataMatchedSI.Classes.SIGMBMatched" name="getdata" time="0.0"/>
  <testcase classname="GMBDataMatchedSI.Classes.SIGMBMatched" name="getdata" time="0.0"/>
  <testcase classname="GMBDataMatchedSI.Classes.SIGMBMatched" name="getdata" time="0.0"/>
  <testcase classname="GMBDataMatchedSI.Classes.SIGMBMatched" name="getdata" time="0.0"/>
  <testcase classname="GMBDataMatchedSI.Classes.SIGMBMatched" name="getdata" time="0.0"/>
  <testcase classname="GMBDataMatchedSI.Classes.SIGMBMatched" name="getdata" time="0.015"/>
  <testcase classname="GMBDataMatchedSI.Classes.SIGMBMatched" name="getdata" time="0.0"/>
  <testcase classname="GMBDataMatchedSI.Classes.SIGMBMatched" name="getdata" time="0.0"/>
  <testcase classname="GMBDataMatchedSI.Classes.SIGMBMatched" name="getdata" time="0.0"/>
  <testcase classname="GMBDataMatchedSI.Classes.SIGMBMatched" name="getdata" time="0.0"/>
  <testcase classname="GMBDataMatchedSI.Classes.SIGMBMatched" name="getdata" time="0.0"/>
  <testcase classname="GMBDataMatchedSI.Classes.SIGMBMatched" name="getdata" time="0.0"/>
  <testcase classname="GMBDataMatchedSI.Classes.SIGMBMatched" name="getdata" time="0.0"/>
  <testcase classname="GMBDataMatchedSI.Classes.SIGMBMatched" name="getdata" time="0.0"/>
  <testcase classname="GMBDataMatchedSI.Classes.SIGMBMatched" name="getdata" time="0.0"/>
  <testcase classname="GMBDataMatchedSI.Classes.SIGMBMatched" name="getdata" time="0.0"/>
  <testcase classname="GMBDataMatchedSI.Classes.SIGMBMatched" name="getdata" time="0.0"/>
  <testcase classname="GMBDataMatchedSI.Classes.SIGMBMatched" name="getdata" time="0.0"/>
  <testcase classname="GMBDataMatchedSI.Classes.SIGMBMatched" name="getdata" time="0.0"/>
  <testcase classname="GMBDataMatchedSI.Classes.SIGMBMatched" name="getdata" time="0.0"/>
  <testcase classname="GMBDataMatchedSI.Classes.SIGMBMatched" name="getdata" time="0.0"/>
  <testcase classname="GMBDataMatchedSI.Classes.SIGMBMatched" name="getdata" time="0.016"/>
  <testcase classname="GMBDataMatchedSI.Classes.SIGMBMatched" name="getdata" time="0.0"/>
  <testcase classname="GMBDataMatchedSI.Classes.SIGMBMatched" name="getdata" time="0.0"/>
  <testcase classname="GMBDataMatchedSI.Classes.SIGMBMatched" name="getdata" time="0.0"/>
  <testcase classname="GMBDataMatchedSI.Classes.SIGMBMatched" name="getdata" time="0.016"/>
  <testcase classname="GMBDataMatchedSI.Classes.SIGMBMatched" name="getdata" time="0.0"/>
  <testcase classname="GMBDataMatchedSI.Classes.SIGMBMatched" name="getdata" time="0.0"/>
  <testcase classname="GMBDataMatchedSI.Classes.SIGMBMatched" name="getdata" time="0.0"/>
  <testcase classname="GMBDataMatchedSI.Classes.SIGMBMatched" name="getdata" time="0.0"/>
  <testcase classname="GMBDataMatchedSI.Classes.SIGMBMatched" name="getdata" time="0.0"/>
  <testcase classname="GMBDataMatchedSI.Classes.SIGMBMatched" name="getdata" time="0.0"/>
  <testcase classname="GMBDataMatchedSI.Classes.SIGMBMatched" name="getdata" time="0.093"/>
</testsuite> <!-- Default test -->
