<?xml version="1.0" encoding="UTF-8"?>
<!-- Generated by org.testng.reporters.JUnitXMLReporter -->
<testsuite ignored="2" hostname="SIGU-DL-19-N-07" failures="0" tests="2" name="Read Mail" time="14.679" errors="0" timestamp="2023-09-19T13:26:04 IST">
  <testcase classname="testclasses.ReadEmailTest" name="readData" time="11.247"/>
  <testcase classname="testclasses.ReadLatestDownloadedFileTest" name="readFile" time="3.362"/>
  <testcase classname="testclasses.BaseTest" name="@AfterSuite quitBrowser" time="0.0">
    <ignored/>
  </testcase> <!-- @AfterSuite quitBrowser -->
  <testcase classname="testclasses.BaseTest" name="@BeforeSuite initBrowser" time="0.0">
    <ignored/>
  </testcase> <!-- @BeforeSuite initBrowser -->
</testsuite> <!-- Read Mail -->
