<?xml version="1.0" encoding="UTF-8"?>
<!-- Generated by org.testng.reporters.JUnitXMLReporter -->
<testsuite ignored="0" hostname="SIGU-DL-19-N-07" failures="0" tests="4001" name="Test" time="50237.235" errors="0" timestamp="29 Oct 2023 01:40:30 GMT">
  <testcase classname="GMBDataMatchedSI.Classes.SIGMBMatched" name="getdata" time="17.34"/>
  <testcase classname="GMBDataMatchedSI.Classes.SIGMBMatched" name="getdata" time="16.891"/>
  <testcase classname="GMBDataMatchedSI.Classes.SIGMBMatched" name="getdata" time="18.247"/>
  <testcase classname="GMBDataMatchedSI.Classes.SIGMBMatched" name="getdata" time="16.671"/>
  <testcase classname="GMBDataMatchedSI.Classes.SIGMBMatched" name="getdata" time="16.536"/>
  <testcase classname="GMBDataMatchedSI.Classes.SIGMBMatched" name="getdata" time="16.356"/>
  <testcase classname="GMBDataMatchedSI.Classes.SIGMBMatched" name="getdata" time="17.774"/>
  <testcase classname="GMBDataMatchedSI.Classes.SIGMBMatched" name="getdata" time="17.047"/>
  <testcase classname="GMBDataMatchedSI.Classes.SIGMBMatched" name="getdata" time="18.33"/>
  <testcase classname="GMBDataMatchedSI.Classes.SIGMBMatched" name="getdata" time="18.734"/>
  <testcase classname="GMBDataMatchedSI.Classes.SIGMBMatched" name="getdata" time="16.752"/>
  <testcase classname="GMBDataMatchedSI.Classes.SIGMBMatched" name="getdata" time="16.34"/>
  <testcase classname="GMBDataMatchedSI.Classes.SIGMBMatched" name="getdata" time="16.427"/>
  <testcase classname="GMBDataMatchedSI.Classes.SIGMBMatched" name="getdata" time="16.8"/>
  <testcase classname="GMBDataMatchedSI.Classes.SIGMBMatched" name="getdata" time="16.512"/>
  <testcase classname="GMBDataMatchedSI.Classes.SIGMBMatched" name="getdata" time="17.788"/>
  <testcase classname="GMBDataMatchedSI.Classes.SIGMBMatched" name="getdata" time="17.717"/>
  <testcase classname="GMBDataMatchedSI.Classes.SIGMBMatched" name="getdata" time="16.692"/>
  <testcase classname="GMBDataMatchedSI.Classes.SIGMBMatched" name="getdata" time="17.167"/>
  <testcase classname="GMBDataMatchedSI.Classes.SIGMBMatched" name="getdata" time="18.025"/>
  <testcase classname="GMBDataMatchedSI.Classes.SIGMBMatched" name="getdata" time="16.714"/>
  <testcase classname="GMBDataMatchedSI.Classes.SIGMBMatched" name="getdata" time="18.111"/>
  <testcase classname="GMBDataMatchedSI.Classes.SIGMBMatched" name="getdata" time="17.902"/>
  <testcase classname="GMBDataMatchedSI.Classes.SIGMBMatched" name="getdata" time="17.351"/>
  <testcase classname="GMBDataMatchedSI.Classes.SIGMBMatched" name="getdata" time="16.348"/>
  <testcase classname="GMBDataMatchedSI.Classes.SIGMBMatched" name="getdata" time="16.643"/>
  <testcase classname="GMBDataMatchedSI.Classes.SIGMBMatched" name="getdata" time="15.999"/>
  <testcase classname="GMBDataMatchedSI.Classes.SIGMBMatched" name="getdata" time="16.394"/>
  <testcase classname="GMBDataMatchedSI.Classes.SIGMBMatched" name="getdata" time="16.389"/>
  <testcase classname="GMBDataMatchedSI.Classes.SIGMBMatched" name="getdata" time="16.572"/>
  <testcase classname="GMBDataMatchedSI.Classes.SIGMBMatched" name="getdata" time="16.43"/>
  <testcase classname="GMBDataMatchedSI.Classes.SIGMBMatched" name="getdata" time="17.201"/>
  <testcase classname="GMBDataMatchedSI.Classes.SIGMBMatched" name="getdata" time="16.428"/>
  <testcase classname="GMBDataMatchedSI.Classes.SIGMBMatched" name="getdata" time="16.749"/>
  <testcase classname="GMBDataMatchedSI.Classes.SIGMBMatched" name="getdata" time="16.336"/>
  <testcase classname="GMBDataMatchedSI.Classes.SIGMBMatched" name="getdata" time="17.666"/>
  <testcase classname="GMBDataMatchedSI.Classes.SIGMBMatched" name="getdata" time="16.451"/>
  <testcase classname="GMBDataMatchedSI.Classes.SIGMBMatched" name="getdata" time="16.562"/>
  <testcase classname="GMBDataMatchedSI.Classes.SIGMBMatched" name="getdata" time="16.646"/>
  <testcase classname="GMBDataMatchedSI.Classes.SIGMBMatched" name="getdata" time="16.034"/>
  <testcase classname="GMBDataMatchedSI.Classes.SIGMBMatched" name="getdata" time="16.423"/>
  <testcase classname="GMBDataMatchedSI.Classes.SIGMBMatched" name="getdata" time="16.642"/>
  <testcase classname="GMBDataMatchedSI.Classes.SIGMBMatched" name="getdata" time="18.073"/>
  <testcase classname="GMBDataMatchedSI.Classes.SIGMBMatched" name="getdata" time="16.412"/>
  <testcase classname="GMBDataMatchedSI.Classes.SIGMBMatched" name="getdata" time="16.377"/>
  <testcase classname="GMBDataMatchedSI.Classes.SIGMBMatched" name="getdata" time="16.507"/>
  <testcase classname="GMBDataMatchedSI.Classes.SIGMBMatched" name="getdata" time="16.416"/>
  <testcase classname="GMBDataMatchedSI.Classes.SIGMBMatched" name="getdata" time="16.674"/>
  <testcase classname="GMBDataMatchedSI.Classes.SIGMBMatched" name="getdata" time="16.373"/>
  <testcase classname="GMBDataMatchedSI.Classes.SIGMBMatched" name="getdata" time="16.603"/>
  <testcase classname="GMBDataMatchedSI.Classes.SIGMBMatched" name="getdata" time="16.392"/>
  <testcase classname="GMBDataMatchedSI.Classes.SIGMBMatched" name="getdata" time="16.433"/>
  <testcase classname="GMBDataMatchedSI.Classes.SIGMBMatched" name="getdata" time="16.479"/>
  <testcase classname="GMBDataMatchedSI.Classes.SIGMBMatched" name="getdata" time="16.529"/>
  <testcase classname="GMBDataMatchedSI.Classes.SIGMBMatched" name="getdata" time="16.485"/>
  <testcase classname="GMBDataMatchedSI.Classes.SIGMBMatched" name="getdata" time="17.341"/>
  <testcase classname="GMBDataMatchedSI.Classes.SIGMBMatched" name="getdata" time="16.49"/>
  <testcase classname="GMBDataMatchedSI.Classes.SIGMBMatched" name="getdata" time="16.19"/>
  <testcase classname="GMBDataMatchedSI.Classes.SIGMBMatched" name="getdata" time="16.277"/>
  <testcase classname="GMBDataMatchedSI.Classes.SIGMBMatched" name="getdata" time="16.319"/>
  <testcase classname="GMBDataMatchedSI.Classes.SIGMBMatched" name="getdata" time="16.434"/>
  <testcase classname="GMBDataMatchedSI.Classes.SIGMBMatched" name="getdata" time="16.5"/>
  <testcase classname="GMBDataMatchedSI.Classes.SIGMBMatched" name="getdata" time="17.74"/>
  <testcase classname="GMBDataMatchedSI.Classes.SIGMBMatched" name="getdata" time="16.343"/>
  <testcase classname="GMBDataMatchedSI.Classes.SIGMBMatched" name="getdata" time="16.46"/>
  <testcase classname="GMBDataMatchedSI.Classes.SIGMBMatched" name="getdata" time="16.155"/>
  <testcase classname="GMBDataMatchedSI.Classes.SIGMBMatched" name="getdata" time="16.328"/>
  <testcase classname="GMBDataMatchedSI.Classes.SIGMBMatched" name="getdata" time="17.698"/>
  <testcase classname="GMBDataMatchedSI.Classes.SIGMBMatched" name="getdata" time="16.451"/>
  <testcase classname="GMBDataMatchedSI.Classes.SIGMBMatched" name="getdata" time="16.293"/>
  <testcase classname="GMBDataMatchedSI.Classes.SIGMBMatched" name="getdata" time="16.36"/>
  <testcase classname="GMBDataMatchedSI.Classes.SIGMBMatched" name="getdata" time="16.462"/>
  <testcase classname="GMBDataMatchedSI.Classes.SIGMBMatched" name="getdata" time="16.416"/>
  <testcase classname="GMBDataMatchedSI.Classes.SIGMBMatched" name="getdata" time="16.516"/>
  <testcase classname="GMBDataMatchedSI.Classes.SIGMBMatched" name="getdata" time="16.285"/>
  <testcase classname="GMBDataMatchedSI.Classes.SIGMBMatched" name="getdata" time="16.411"/>
  <testcase classname="GMBDataMatchedSI.Classes.SIGMBMatched" name="getdata" time="16.526"/>
  <testcase classname="GMBDataMatchedSI.Classes.SIGMBMatched" name="getdata" time="16.713"/>
  <testcase classname="GMBDataMatchedSI.Classes.SIGMBMatched" name="getdata" time="17.303"/>
  <testcase classname="GMBDataMatchedSI.Classes.SIGMBMatched" name="getdata" time="16.453"/>
  <testcase classname="GMBDataMatchedSI.Classes.SIGMBMatched" name="getdata" time="16.485"/>
  <testcase classname="GMBDataMatchedSI.Classes.SIGMBMatched" name="getdata" time="16.514"/>
  <testcase classname="GMBDataMatchedSI.Classes.SIGMBMatched" name="getdata" time="17.952"/>
  <testcase classname="GMBDataMatchedSI.Classes.SIGMBMatched" name="getdata" time="16.027"/>
  <testcase classname="GMBDataMatchedSI.Classes.SIGMBMatched" name="getdata" time="16.43"/>
  <testcase classname="GMBDataMatchedSI.Classes.SIGMBMatched" name="getdata" time="16.672"/>
  <testcase classname="GMBDataMatchedSI.Classes.SIGMBMatched" name="getdata" time="16.474"/>
  <testcase classname="GMBDataMatchedSI.Classes.SIGMBMatched" name="getdata" time="16.614"/>
  <testcase classname="GMBDataMatchedSI.Classes.SIGMBMatched" name="getdata" time="16.512"/>
  <testcase classname="GMBDataMatchedSI.Classes.SIGMBMatched" name="getdata" time="16.57"/>
  <testcase classname="GMBDataMatchedSI.Classes.SIGMBMatched" name="getdata" time="16.352"/>
  <testcase classname="GMBDataMatchedSI.Classes.SIGMBMatched" name="getdata" time="16.409"/>
  <testcase classname="GMBDataMatchedSI.Classes.SIGMBMatched" name="getdata" time="16.4"/>
  <testcase classname="GMBDataMatchedSI.Classes.SIGMBMatched" name="getdata" time="16.505"/>
  <testcase classname="GMBDataMatchedSI.Classes.SIGMBMatched" name="getdata" time="16.313"/>
  <testcase classname="GMBDataMatchedSI.Classes.SIGMBMatched" name="getdata" time="16.621"/>
  <testcase classname="GMBDataMatchedSI.Classes.SIGMBMatched" name="getdata" time="16.531"/>
  <testcase classname="GMBDataMatchedSI.Classes.SIGMBMatched" name="getdata" time="16.573"/>
  <testcase classname="GMBDataMatchedSI.Classes.SIGMBMatched" name="getdata" time="16.444"/>
  <testcase classname="GMBDataMatchedSI.Classes.SIGMBMatched" name="getdata" time="16.55"/>
  <testcase classname="GMBDataMatchedSI.Classes.SIGMBMatched" name="getdata" time="16.423"/>
  <testcase classname="GMBDataMatchedSI.Classes.SIGMBMatched" name="getdata" time="18.285"/>
  <testcase classname="GMBDataMatchedSI.Classes.SIGMBMatched" name="getdata" time="16.155"/>
  <testcase classname="GMBDataMatchedSI.Classes.SIGMBMatched" name="getdata" time="16.698"/>
  <testcase classname="GMBDataMatchedSI.Classes.SIGMBMatched" name="getdata" time="16.482"/>
  <testcase classname="GMBDataMatchedSI.Classes.SIGMBMatched" name="getdata" time="16.805"/>
  <testcase classname="GMBDataMatchedSI.Classes.SIGMBMatched" name="getdata" time="16.426"/>
  <testcase classname="GMBDataMatchedSI.Classes.SIGMBMatched" name="getdata" time="16.624"/>
  <testcase classname="GMBDataMatchedSI.Classes.SIGMBMatched" name="getdata" time="16.446"/>
  <testcase classname="GMBDataMatchedSI.Classes.SIGMBMatched" name="getdata" time="17.719"/>
  <testcase classname="GMBDataMatchedSI.Classes.SIGMBMatched" name="getdata" time="16.279"/>
  <testcase classname="GMBDataMatchedSI.Classes.SIGMBMatched" name="getdata" time="16.425"/>
  <testcase classname="GMBDataMatchedSI.Classes.SIGMBMatched" name="getdata" time="16.462"/>
  <testcase classname="GMBDataMatchedSI.Classes.SIGMBMatched" name="getdata" time="16.661"/>
  <testcase classname="GMBDataMatchedSI.Classes.SIGMBMatched" name="getdata" time="16.482"/>
  <testcase classname="GMBDataMatchedSI.Classes.SIGMBMatched" name="getdata" time="16.46"/>
  <testcase classname="GMBDataMatchedSI.Classes.SIGMBMatched" name="getdata" time="16.346"/>
  <testcase classname="GMBDataMatchedSI.Classes.SIGMBMatched" name="getdata" time="16.584"/>
  <testcase classname="GMBDataMatchedSI.Classes.SIGMBMatched" name="getdata" time="16.328"/>
  <testcase classname="GMBDataMatchedSI.Classes.SIGMBMatched" name="getdata" time="16.47"/>
  <testcase classname="GMBDataMatchedSI.Classes.SIGMBMatched" name="getdata" time="16.582"/>
  <testcase classname="GMBDataMatchedSI.Classes.SIGMBMatched" name="getdata" time="16.495"/>
  <testcase classname="GMBDataMatchedSI.Classes.SIGMBMatched" name="getdata" time="16.454"/>
  <testcase classname="GMBDataMatchedSI.Classes.SIGMBMatched" name="getdata" time="17.796"/>
  <testcase classname="GMBDataMatchedSI.Classes.SIGMBMatched" name="getdata" time="17.722"/>
  <testcase classname="GMBDataMatchedSI.Classes.SIGMBMatched" name="getdata" time="16.533"/>
  <testcase classname="GMBDataMatchedSI.Classes.SIGMBMatched" name="getdata" time="16.109"/>
  <testcase classname="GMBDataMatchedSI.Classes.SIGMBMatched" name="getdata" time="17.251"/>
  <testcase classname="GMBDataMatchedSI.Classes.SIGMBMatched" name="getdata" time="17.935"/>
  <testcase classname="GMBDataMatchedSI.Classes.SIGMBMatched" name="getdata" time="16.43"/>
  <testcase classname="GMBDataMatchedSI.Classes.SIGMBMatched" name="getdata" time="15.967"/>
  <testcase classname="GMBDataMatchedSI.Classes.SIGMBMatched" name="getdata" time="16.511"/>
  <testcase classname="GMBDataMatchedSI.Classes.SIGMBMatched" name="getdata" time="16.353"/>
  <testcase classname="GMBDataMatchedSI.Classes.SIGMBMatched" name="getdata" time="16.432"/>
  <testcase classname="GMBDataMatchedSI.Classes.SIGMBMatched" name="getdata" time="16.406"/>
  <testcase classname="GMBDataMatchedSI.Classes.SIGMBMatched" name="getdata" time="16.39"/>
  <testcase classname="GMBDataMatchedSI.Classes.SIGMBMatched" name="getdata" time="16.271"/>
  <testcase classname="GMBDataMatchedSI.Classes.SIGMBMatched" name="getdata" time="16.438"/>
  <testcase classname="GMBDataMatchedSI.Classes.SIGMBMatched" name="getdata" time="16.493"/>
  <testcase classname="GMBDataMatchedSI.Classes.SIGMBMatched" name="getdata" time="16.375"/>
  <testcase classname="GMBDataMatchedSI.Classes.SIGMBMatched" name="getdata" time="18.016"/>
  <testcase classname="GMBDataMatchedSI.Classes.SIGMBMatched" name="getdata" time="16.535"/>
  <testcase classname="GMBDataMatchedSI.Classes.SIGMBMatched" name="getdata" time="16.044"/>
  <testcase classname="GMBDataMatchedSI.Classes.SIGMBMatched" name="getdata" time="16.643"/>
  <testcase classname="GMBDataMatchedSI.Classes.SIGMBMatched" name="getdata" time="16.189"/>
  <testcase classname="GMBDataMatchedSI.Classes.SIGMBMatched" name="getdata" time="16.368"/>
  <testcase classname="GMBDataMatchedSI.Classes.SIGMBMatched" name="getdata" time="16.024"/>
  <testcase classname="GMBDataMatchedSI.Classes.SIGMBMatched" name="getdata" time="16.399"/>
  <testcase classname="GMBDataMatchedSI.Classes.SIGMBMatched" name="getdata" time="16.343"/>
  <testcase classname="GMBDataMatchedSI.Classes.SIGMBMatched" name="getdata" time="16.44"/>
  <testcase classname="GMBDataMatchedSI.Classes.SIGMBMatched" name="getdata" time="16.222"/>
  <testcase classname="GMBDataMatchedSI.Classes.SIGMBMatched" name="getdata" time="16.626"/>
  <testcase classname="GMBDataMatchedSI.Classes.SIGMBMatched" name="getdata" time="16.606"/>
  <testcase classname="GMBDataMatchedSI.Classes.SIGMBMatched" name="getdata" time="16.506"/>
  <testcase classname="GMBDataMatchedSI.Classes.SIGMBMatched" name="getdata" time="16.564"/>
  <testcase classname="GMBDataMatchedSI.Classes.SIGMBMatched" name="getdata" time="16.669"/>
  <testcase classname="GMBDataMatchedSI.Classes.SIGMBMatched" name="getdata" time="17.956"/>
  <testcase classname="GMBDataMatchedSI.Classes.SIGMBMatched" name="getdata" time="16.709"/>
  <testcase classname="GMBDataMatchedSI.Classes.SIGMBMatched" name="getdata" time="16.075"/>
  <testcase classname="GMBDataMatchedSI.Classes.SIGMBMatched" name="getdata" time="18.431"/>
  <testcase classname="GMBDataMatchedSI.Classes.SIGMBMatched" name="getdata" time="16.722"/>
  <testcase classname="GMBDataMatchedSI.Classes.SIGMBMatched" name="getdata" time="16.522"/>
  <testcase classname="GMBDataMatchedSI.Classes.SIGMBMatched" name="getdata" time="16.154"/>
  <testcase classname="GMBDataMatchedSI.Classes.SIGMBMatched" name="getdata" time="16.384"/>
  <testcase classname="GMBDataMatchedSI.Classes.SIGMBMatched" name="getdata" time="16.705"/>
  <testcase classname="GMBDataMatchedSI.Classes.SIGMBMatched" name="getdata" time="16.088"/>
  <testcase classname="GMBDataMatchedSI.Classes.SIGMBMatched" name="getdata" time="16.736"/>
  <testcase classname="GMBDataMatchedSI.Classes.SIGMBMatched" name="getdata" time="17.527"/>
  <testcase classname="GMBDataMatchedSI.Classes.SIGMBMatched" name="getdata" time="16.622"/>
  <testcase classname="GMBDataMatchedSI.Classes.SIGMBMatched" name="getdata" time="17.327"/>
  <testcase classname="GMBDataMatchedSI.Classes.SIGMBMatched" name="getdata" time="16.003"/>
  <testcase classname="GMBDataMatchedSI.Classes.SIGMBMatched" name="getdata" time="16.769"/>
  <testcase classname="GMBDataMatchedSI.Classes.SIGMBMatched" name="getdata" time="16.669"/>
  <testcase classname="GMBDataMatchedSI.Classes.SIGMBMatched" name="getdata" time="16.516"/>
  <testcase classname="GMBDataMatchedSI.Classes.SIGMBMatched" name="getdata" time="16.775"/>
  <testcase classname="GMBDataMatchedSI.Classes.SIGMBMatched" name="getdata" time="16.506"/>
  <testcase classname="GMBDataMatchedSI.Classes.SIGMBMatched" name="getdata" time="16.208"/>
  <testcase classname="GMBDataMatchedSI.Classes.SIGMBMatched" name="getdata" time="18.182"/>
  <testcase classname="GMBDataMatchedSI.Classes.SIGMBMatched" name="getdata" time="16.539"/>
  <testcase classname="GMBDataMatchedSI.Classes.SIGMBMatched" name="getdata" time="16.906"/>
  <testcase classname="GMBDataMatchedSI.Classes.SIGMBMatched" name="getdata" time="16.977"/>
  <testcase classname="GMBDataMatchedSI.Classes.SIGMBMatched" name="getdata" time="16.507"/>
  <testcase classname="GMBDataMatchedSI.Classes.SIGMBMatched" name="getdata" time="16.458"/>
  <testcase classname="GMBDataMatchedSI.Classes.SIGMBMatched" name="getdata" time="18.052"/>
  <testcase classname="GMBDataMatchedSI.Classes.SIGMBMatched" name="getdata" time="18.431"/>
  <testcase classname="GMBDataMatchedSI.Classes.SIGMBMatched" name="getdata" time="17.963"/>
  <testcase classname="GMBDataMatchedSI.Classes.SIGMBMatched" name="getdata" time="16.435"/>
  <testcase classname="GMBDataMatchedSI.Classes.SIGMBMatched" name="getdata" time="16.504"/>
  <testcase classname="GMBDataMatchedSI.Classes.SIGMBMatched" name="getdata" time="16.368"/>
  <testcase classname="GMBDataMatchedSI.Classes.SIGMBMatched" name="getdata" time="16.57"/>
  <testcase classname="GMBDataMatchedSI.Classes.SIGMBMatched" name="getdata" time="16.456"/>
  <testcase classname="GMBDataMatchedSI.Classes.SIGMBMatched" name="getdata" time="16.835"/>
  <testcase classname="GMBDataMatchedSI.Classes.SIGMBMatched" name="getdata" time="16.416"/>
  <testcase classname="GMBDataMatchedSI.Classes.SIGMBMatched" name="getdata" time="16.414"/>
  <testcase classname="GMBDataMatchedSI.Classes.SIGMBMatched" name="getdata" time="16.118"/>
  <testcase classname="GMBDataMatchedSI.Classes.SIGMBMatched" name="getdata" time="18.04"/>
  <testcase classname="GMBDataMatchedSI.Classes.SIGMBMatched" name="getdata" time="16.574"/>
  <testcase classname="GMBDataMatchedSI.Classes.SIGMBMatched" name="getdata" time="16.369"/>
  <testcase classname="GMBDataMatchedSI.Classes.SIGMBMatched" name="getdata" time="16.408"/>
  <testcase classname="GMBDataMatchedSI.Classes.SIGMBMatched" name="getdata" time="16.577"/>
  <testcase classname="GMBDataMatchedSI.Classes.SIGMBMatched" name="getdata" time="16.398"/>
  <testcase classname="GMBDataMatchedSI.Classes.SIGMBMatched" name="getdata" time="16.489"/>
  <testcase classname="GMBDataMatchedSI.Classes.SIGMBMatched" name="getdata" time="16.34"/>
  <testcase classname="GMBDataMatchedSI.Classes.SIGMBMatched" name="getdata" time="17.462"/>
  <testcase classname="GMBDataMatchedSI.Classes.SIGMBMatched" name="getdata" time="16.524"/>
  <testcase classname="GMBDataMatchedSI.Classes.SIGMBMatched" name="getdata" time="16.374"/>
  <testcase classname="GMBDataMatchedSI.Classes.SIGMBMatched" name="getdata" time="17.966"/>
  <testcase classname="GMBDataMatchedSI.Classes.SIGMBMatched" name="getdata" time="16.689"/>
  <testcase classname="GMBDataMatchedSI.Classes.SIGMBMatched" name="getdata" time="16.49"/>
  <testcase classname="GMBDataMatchedSI.Classes.SIGMBMatched" name="getdata" time="18.08"/>
  <testcase classname="GMBDataMatchedSI.Classes.SIGMBMatched" name="getdata" time="15.996"/>
  <testcase classname="GMBDataMatchedSI.Classes.SIGMBMatched" name="getdata" time="16.714"/>
  <testcase classname="GMBDataMatchedSI.Classes.SIGMBMatched" name="getdata" time="16.435"/>
  <testcase classname="GMBDataMatchedSI.Classes.SIGMBMatched" name="getdata" time="16.958"/>
  <testcase classname="GMBDataMatchedSI.Classes.SIGMBMatched" name="getdata" time="16.471"/>
  <testcase classname="GMBDataMatchedSI.Classes.SIGMBMatched" name="getdata" time="17.978"/>
  <testcase classname="GMBDataMatchedSI.Classes.SIGMBMatched" name="getdata" time="16.343"/>
  <testcase classname="GMBDataMatchedSI.Classes.SIGMBMatched" name="getdata" time="16.541"/>
  <testcase classname="GMBDataMatchedSI.Classes.SIGMBMatched" name="getdata" time="16.417"/>
  <testcase classname="GMBDataMatchedSI.Classes.SIGMBMatched" name="getdata" time="17.871"/>
  <testcase classname="GMBDataMatchedSI.Classes.SIGMBMatched" name="getdata" time="16.489"/>
  <testcase classname="GMBDataMatchedSI.Classes.SIGMBMatched" name="getdata" time="16.513"/>
  <testcase classname="GMBDataMatchedSI.Classes.SIGMBMatched" name="getdata" time="16.089"/>
  <testcase classname="GMBDataMatchedSI.Classes.SIGMBMatched" name="getdata" time="18.044"/>
  <testcase classname="GMBDataMatchedSI.Classes.SIGMBMatched" name="getdata" time="16.482"/>
  <testcase classname="GMBDataMatchedSI.Classes.SIGMBMatched" name="getdata" time="16.656"/>
  <testcase classname="GMBDataMatchedSI.Classes.SIGMBMatched" name="getdata" time="16.301"/>
  <testcase classname="GMBDataMatchedSI.Classes.SIGMBMatched" name="getdata" time="16.928"/>
  <testcase classname="GMBDataMatchedSI.Classes.SIGMBMatched" name="getdata" time="18.998"/>
  <testcase classname="GMBDataMatchedSI.Classes.SIGMBMatched" name="getdata" time="18.14"/>
  <testcase classname="GMBDataMatchedSI.Classes.SIGMBMatched" name="getdata" time="16.31"/>
  <testcase classname="GMBDataMatchedSI.Classes.SIGMBMatched" name="getdata" time="16.352"/>
  <testcase classname="GMBDataMatchedSI.Classes.SIGMBMatched" name="getdata" time="16.327"/>
  <testcase classname="GMBDataMatchedSI.Classes.SIGMBMatched" name="getdata" time="16.58"/>
  <testcase classname="GMBDataMatchedSI.Classes.SIGMBMatched" name="getdata" time="16.415"/>
  <testcase classname="GMBDataMatchedSI.Classes.SIGMBMatched" name="getdata" time="16.399"/>
  <testcase classname="GMBDataMatchedSI.Classes.SIGMBMatched" name="getdata" time="16.426"/>
  <testcase classname="GMBDataMatchedSI.Classes.SIGMBMatched" name="getdata" time="16.592"/>
  <testcase classname="GMBDataMatchedSI.Classes.SIGMBMatched" name="getdata" time="18.094"/>
  <testcase classname="GMBDataMatchedSI.Classes.SIGMBMatched" name="getdata" time="16.952"/>
  <testcase classname="GMBDataMatchedSI.Classes.SIGMBMatched" name="getdata" time="16.657"/>
  <testcase classname="GMBDataMatchedSI.Classes.SIGMBMatched" name="getdata" time="21.095"/>
  <testcase classname="GMBDataMatchedSI.Classes.SIGMBMatched" name="getdata" time="16.562"/>
  <testcase classname="GMBDataMatchedSI.Classes.SIGMBMatched" name="getdata" time="16.008"/>
  <testcase classname="GMBDataMatchedSI.Classes.SIGMBMatched" name="getdata" time="16.483"/>
  <testcase classname="GMBDataMatchedSI.Classes.SIGMBMatched" name="getdata" time="16.228"/>
  <testcase classname="GMBDataMatchedSI.Classes.SIGMBMatched" name="getdata" time="16.481"/>
  <testcase classname="GMBDataMatchedSI.Classes.SIGMBMatched" name="getdata" time="16.441"/>
  <testcase classname="GMBDataMatchedSI.Classes.SIGMBMatched" name="getdata" time="16.416"/>
  <testcase classname="GMBDataMatchedSI.Classes.SIGMBMatched" name="getdata" time="16.188"/>
  <testcase classname="GMBDataMatchedSI.Classes.SIGMBMatched" name="getdata" time="16.424"/>
  <testcase classname="GMBDataMatchedSI.Classes.SIGMBMatched" name="getdata" time="16.436"/>
  <testcase classname="GMBDataMatchedSI.Classes.SIGMBMatched" name="getdata" time="18.063"/>
  <testcase classname="GMBDataMatchedSI.Classes.SIGMBMatched" name="getdata" time="16.582"/>
  <testcase classname="GMBDataMatchedSI.Classes.SIGMBMatched" name="getdata" time="16.632"/>
  <testcase classname="GMBDataMatchedSI.Classes.SIGMBMatched" name="getdata" time="16.457"/>
  <testcase classname="GMBDataMatchedSI.Classes.SIGMBMatched" name="getdata" time="16.358"/>
  <testcase classname="GMBDataMatchedSI.Classes.SIGMBMatched" name="getdata" time="16.505"/>
  <testcase classname="GMBDataMatchedSI.Classes.SIGMBMatched" name="getdata" time="16.386"/>
  <testcase classname="GMBDataMatchedSI.Classes.SIGMBMatched" name="getdata" time="16.036"/>
  <testcase classname="GMBDataMatchedSI.Classes.SIGMBMatched" name="getdata" time="16.492"/>
  <testcase classname="GMBDataMatchedSI.Classes.SIGMBMatched" name="getdata" time="16.516"/>
  <testcase classname="GMBDataMatchedSI.Classes.SIGMBMatched" name="getdata" time="16.552"/>
  <testcase classname="GMBDataMatchedSI.Classes.SIGMBMatched" name="getdata" time="16.398"/>
  <testcase classname="GMBDataMatchedSI.Classes.SIGMBMatched" name="getdata" time="16.505"/>
  <testcase classname="GMBDataMatchedSI.Classes.SIGMBMatched" name="getdata" time="16.579"/>
  <testcase classname="GMBDataMatchedSI.Classes.SIGMBMatched" name="getdata" time="16.369"/>
  <testcase classname="GMBDataMatchedSI.Classes.SIGMBMatched" name="getdata" time="16.512"/>
  <testcase classname="GMBDataMatchedSI.Classes.SIGMBMatched" name="getdata" time="17.789"/>
  <testcase classname="GMBDataMatchedSI.Classes.SIGMBMatched" name="getdata" time="16.505"/>
  <testcase classname="GMBDataMatchedSI.Classes.SIGMBMatched" name="getdata" time="16.176"/>
  <testcase classname="GMBDataMatchedSI.Classes.SIGMBMatched" name="getdata" time="16.839"/>
  <testcase classname="GMBDataMatchedSI.Classes.SIGMBMatched" name="getdata" time="17.951"/>
  <testcase classname="GMBDataMatchedSI.Classes.SIGMBMatched" name="getdata" time="18.807"/>
  <testcase classname="GMBDataMatchedSI.Classes.SIGMBMatched" name="getdata" time="16.412"/>
  <testcase classname="GMBDataMatchedSI.Classes.SIGMBMatched" name="getdata" time="16.341"/>
  <testcase classname="GMBDataMatchedSI.Classes.SIGMBMatched" name="getdata" time="16.595"/>
  <testcase classname="GMBDataMatchedSI.Classes.SIGMBMatched" name="getdata" time="16.665"/>
  <testcase classname="GMBDataMatchedSI.Classes.SIGMBMatched" name="getdata" time="16.404"/>
  <testcase classname="GMBDataMatchedSI.Classes.SIGMBMatched" name="getdata" time="17.959"/>
  <testcase classname="GMBDataMatchedSI.Classes.SIGMBMatched" name="getdata" time="16.429"/>
  <testcase classname="GMBDataMatchedSI.Classes.SIGMBMatched" name="getdata" time="16.51"/>
  <testcase classname="GMBDataMatchedSI.Classes.SIGMBMatched" name="getdata" time="16.483"/>
  <testcase classname="GMBDataMatchedSI.Classes.SIGMBMatched" name="getdata" time="16.456"/>
  <testcase classname="GMBDataMatchedSI.Classes.SIGMBMatched" name="getdata" time="16.542"/>
  <testcase classname="GMBDataMatchedSI.Classes.SIGMBMatched" name="getdata" time="18.221"/>
  <testcase classname="GMBDataMatchedSI.Classes.SIGMBMatched" name="getdata" time="17.687"/>
  <testcase classname="GMBDataMatchedSI.Classes.SIGMBMatched" name="getdata" time="16.602"/>
  <testcase classname="GMBDataMatchedSI.Classes.SIGMBMatched" name="getdata" time="16.246"/>
  <testcase classname="GMBDataMatchedSI.Classes.SIGMBMatched" name="getdata" time="16.662"/>
  <testcase classname="GMBDataMatchedSI.Classes.SIGMBMatched" name="getdata" time="16.392"/>
  <testcase classname="GMBDataMatchedSI.Classes.SIGMBMatched" name="getdata" time="16.403"/>
  <testcase classname="GMBDataMatchedSI.Classes.SIGMBMatched" name="getdata" time="18.448"/>
  <testcase classname="GMBDataMatchedSI.Classes.SIGMBMatched" name="getdata" time="16.471"/>
  <testcase classname="GMBDataMatchedSI.Classes.SIGMBMatched" name="getdata" time="16.377"/>
  <testcase classname="GMBDataMatchedSI.Classes.SIGMBMatched" name="getdata" time="16.496"/>
  <testcase classname="GMBDataMatchedSI.Classes.SIGMBMatched" name="getdata" time="16.495"/>
  <testcase classname="GMBDataMatchedSI.Classes.SIGMBMatched" name="getdata" time="16.705"/>
  <testcase classname="GMBDataMatchedSI.Classes.SIGMBMatched" name="getdata" time="16.323"/>
  <testcase classname="GMBDataMatchedSI.Classes.SIGMBMatched" name="getdata" time="16.426"/>
  <testcase classname="GMBDataMatchedSI.Classes.SIGMBMatched" name="getdata" time="16.061"/>
  <testcase classname="GMBDataMatchedSI.Classes.SIGMBMatched" name="getdata" time="16.41"/>
  <testcase classname="GMBDataMatchedSI.Classes.SIGMBMatched" name="getdata" time="17.31"/>
  <testcase classname="GMBDataMatchedSI.Classes.SIGMBMatched" name="getdata" time="16.464"/>
  <testcase classname="GMBDataMatchedSI.Classes.SIGMBMatched" name="getdata" time="16.308"/>
  <testcase classname="GMBDataMatchedSI.Classes.SIGMBMatched" name="getdata" time="18.323"/>
  <testcase classname="GMBDataMatchedSI.Classes.SIGMBMatched" name="getdata" time="16.488"/>
  <testcase classname="GMBDataMatchedSI.Classes.SIGMBMatched" name="getdata" time="16.409"/>
  <testcase classname="GMBDataMatchedSI.Classes.SIGMBMatched" name="getdata" time="16.449"/>
  <testcase classname="GMBDataMatchedSI.Classes.SIGMBMatched" name="getdata" time="16.426"/>
  <testcase classname="GMBDataMatchedSI.Classes.SIGMBMatched" name="getdata" time="17.298"/>
  <testcase classname="GMBDataMatchedSI.Classes.SIGMBMatched" name="getdata" time="16.625"/>
  <testcase classname="GMBDataMatchedSI.Classes.SIGMBMatched" name="getdata" time="16.484"/>
  <testcase classname="GMBDataMatchedSI.Classes.SIGMBMatched" name="getdata" time="17.752"/>
  <testcase classname="GMBDataMatchedSI.Classes.SIGMBMatched" name="getdata" time="17.344"/>
  <testcase classname="GMBDataMatchedSI.Classes.SIGMBMatched" name="getdata" time="16.426"/>
  <testcase classname="GMBDataMatchedSI.Classes.SIGMBMatched" name="getdata" time="16.446"/>
  <testcase classname="GMBDataMatchedSI.Classes.SIGMBMatched" name="getdata" time="17.738"/>
  <testcase classname="GMBDataMatchedSI.Classes.SIGMBMatched" name="getdata" time="16.201"/>
  <testcase classname="GMBDataMatchedSI.Classes.SIGMBMatched" name="getdata" time="18.071"/>
  <testcase classname="GMBDataMatchedSI.Classes.SIGMBMatched" name="getdata" time="16.347"/>
  <testcase classname="GMBDataMatchedSI.Classes.SIGMBMatched" name="getdata" time="16.055"/>
  <testcase classname="GMBDataMatchedSI.Classes.SIGMBMatched" name="getdata" time="16.343"/>
  <testcase classname="GMBDataMatchedSI.Classes.SIGMBMatched" name="getdata" time="17.4"/>
  <testcase classname="GMBDataMatchedSI.Classes.SIGMBMatched" name="getdata" time="16.326"/>
  <testcase classname="GMBDataMatchedSI.Classes.SIGMBMatched" name="getdata" time="17.82"/>
  <testcase classname="GMBDataMatchedSI.Classes.SIGMBMatched" name="getdata" time="16.423"/>
  <testcase classname="GMBDataMatchedSI.Classes.SIGMBMatched" name="getdata" time="16.075"/>
  <testcase classname="GMBDataMatchedSI.Classes.SIGMBMatched" name="getdata" time="16.475"/>
  <testcase classname="GMBDataMatchedSI.Classes.SIGMBMatched" name="getdata" time="16.379"/>
  <testcase classname="GMBDataMatchedSI.Classes.SIGMBMatched" name="getdata" time="16.426"/>
  <testcase classname="GMBDataMatchedSI.Classes.SIGMBMatched" name="getdata" time="16.423"/>
  <testcase classname="GMBDataMatchedSI.Classes.SIGMBMatched" name="getdata" time="16.379"/>
  <testcase classname="GMBDataMatchedSI.Classes.SIGMBMatched" name="getdata" time="16.42"/>
  <testcase classname="GMBDataMatchedSI.Classes.SIGMBMatched" name="getdata" time="16.422"/>
  <testcase classname="GMBDataMatchedSI.Classes.SIGMBMatched" name="getdata" time="16.432"/>
  <testcase classname="GMBDataMatchedSI.Classes.SIGMBMatched" name="getdata" time="16.779"/>
  <testcase classname="GMBDataMatchedSI.Classes.SIGMBMatched" name="getdata" time="16.567"/>
  <testcase classname="GMBDataMatchedSI.Classes.SIGMBMatched" name="getdata" time="16.448"/>
  <testcase classname="GMBDataMatchedSI.Classes.SIGMBMatched" name="getdata" time="16.443"/>
  <testcase classname="GMBDataMatchedSI.Classes.SIGMBMatched" name="getdata" time="16.117"/>
  <testcase classname="GMBDataMatchedSI.Classes.SIGMBMatched" name="getdata" time="16.647"/>
  <testcase classname="GMBDataMatchedSI.Classes.SIGMBMatched" name="getdata" time="16.47"/>
  <testcase classname="GMBDataMatchedSI.Classes.SIGMBMatched" name="getdata" time="16.434"/>
  <testcase classname="GMBDataMatchedSI.Classes.SIGMBMatched" name="getdata" time="16.464"/>
  <testcase classname="GMBDataMatchedSI.Classes.SIGMBMatched" name="getdata" time="16.472"/>
  <testcase classname="GMBDataMatchedSI.Classes.SIGMBMatched" name="getdata" time="16.399"/>
  <testcase classname="GMBDataMatchedSI.Classes.SIGMBMatched" name="getdata" time="16.508"/>
  <testcase classname="GMBDataMatchedSI.Classes.SIGMBMatched" name="getdata" time="16.501"/>
  <testcase classname="GMBDataMatchedSI.Classes.SIGMBMatched" name="getdata" time="17.312"/>
  <testcase classname="GMBDataMatchedSI.Classes.SIGMBMatched" name="getdata" time="16.008"/>
  <testcase classname="GMBDataMatchedSI.Classes.SIGMBMatched" name="getdata" time="16.788"/>
  <testcase classname="GMBDataMatchedSI.Classes.SIGMBMatched" name="getdata" time="16.551"/>
  <testcase classname="GMBDataMatchedSI.Classes.SIGMBMatched" name="getdata" time="16.433"/>
  <testcase classname="GMBDataMatchedSI.Classes.SIGMBMatched" name="getdata" time="16.527"/>
  <testcase classname="GMBDataMatchedSI.Classes.SIGMBMatched" name="getdata" time="16.504"/>
  <testcase classname="GMBDataMatchedSI.Classes.SIGMBMatched" name="getdata" time="16.423"/>
  <testcase classname="GMBDataMatchedSI.Classes.SIGMBMatched" name="getdata" time="16.474"/>
  <testcase classname="GMBDataMatchedSI.Classes.SIGMBMatched" name="getdata" time="16.445"/>
  <testcase classname="GMBDataMatchedSI.Classes.SIGMBMatched" name="getdata" time="16.444"/>
  <testcase classname="GMBDataMatchedSI.Classes.SIGMBMatched" name="getdata" time="16.459"/>
  <testcase classname="GMBDataMatchedSI.Classes.SIGMBMatched" name="getdata" time="16.317"/>
  <testcase classname="GMBDataMatchedSI.Classes.SIGMBMatched" name="getdata" time="16.025"/>
  <testcase classname="GMBDataMatchedSI.Classes.SIGMBMatched" name="getdata" time="16.604"/>
  <testcase classname="GMBDataMatchedSI.Classes.SIGMBMatched" name="getdata" time="15.958"/>
  <testcase classname="GMBDataMatchedSI.Classes.SIGMBMatched" name="getdata" time="17.835"/>
  <testcase classname="GMBDataMatchedSI.Classes.SIGMBMatched" name="getdata" time="16.416"/>
  <testcase classname="GMBDataMatchedSI.Classes.SIGMBMatched" name="getdata" time="16.416"/>
  <testcase classname="GMBDataMatchedSI.Classes.SIGMBMatched" name="getdata" time="16.01"/>
  <testcase classname="GMBDataMatchedSI.Classes.SIGMBMatched" name="getdata" time="16.514"/>
  <testcase classname="GMBDataMatchedSI.Classes.SIGMBMatched" name="getdata" time="16.355"/>
  <testcase classname="GMBDataMatchedSI.Classes.SIGMBMatched" name="getdata" time="16.663"/>
  <testcase classname="GMBDataMatchedSI.Classes.SIGMBMatched" name="getdata" time="16.002"/>
  <testcase classname="GMBDataMatchedSI.Classes.SIGMBMatched" name="getdata" time="16.568"/>
  <testcase classname="GMBDataMatchedSI.Classes.SIGMBMatched" name="getdata" time="16.364"/>
  <testcase classname="GMBDataMatchedSI.Classes.SIGMBMatched" name="getdata" time="18.066"/>
  <testcase classname="GMBDataMatchedSI.Classes.SIGMBMatched" name="getdata" time="16.361"/>
  <testcase classname="GMBDataMatchedSI.Classes.SIGMBMatched" name="getdata" time="17.482"/>
  <testcase classname="GMBDataMatchedSI.Classes.SIGMBMatched" name="getdata" time="17.904"/>
  <testcase classname="GMBDataMatchedSI.Classes.SIGMBMatched" name="getdata" time="16.761"/>
  <testcase classname="GMBDataMatchedSI.Classes.SIGMBMatched" name="getdata" time="16.086"/>
  <testcase classname="GMBDataMatchedSI.Classes.SIGMBMatched" name="getdata" time="16.396"/>
  <testcase classname="GMBDataMatchedSI.Classes.SIGMBMatched" name="getdata" time="16.549"/>
  <testcase classname="GMBDataMatchedSI.Classes.SIGMBMatched" name="getdata" time="16.014"/>
  <testcase classname="GMBDataMatchedSI.Classes.SIGMBMatched" name="getdata" time="16.44"/>
  <testcase classname="GMBDataMatchedSI.Classes.SIGMBMatched" name="getdata" time="16.437"/>
  <testcase classname="GMBDataMatchedSI.Classes.SIGMBMatched" name="getdata" time="16.951"/>
  <testcase classname="GMBDataMatchedSI.Classes.SIGMBMatched" name="getdata" time="16.644"/>
  <testcase classname="GMBDataMatchedSI.Classes.SIGMBMatched" name="getdata" time="17.245"/>
  <testcase classname="GMBDataMatchedSI.Classes.SIGMBMatched" name="getdata" time="18.201"/>
  <testcase classname="GMBDataMatchedSI.Classes.SIGMBMatched" name="getdata" time="16.497"/>
  <testcase classname="GMBDataMatchedSI.Classes.SIGMBMatched" name="getdata" time="16.413"/>
  <testcase classname="GMBDataMatchedSI.Classes.SIGMBMatched" name="getdata" time="16.377"/>
  <testcase classname="GMBDataMatchedSI.Classes.SIGMBMatched" name="getdata" time="16.332"/>
  <testcase classname="GMBDataMatchedSI.Classes.SIGMBMatched" name="getdata" time="16.382"/>
  <testcase classname="GMBDataMatchedSI.Classes.SIGMBMatched" name="getdata" time="16.422"/>
  <testcase classname="GMBDataMatchedSI.Classes.SIGMBMatched" name="getdata" time="16.431"/>
  <testcase classname="GMBDataMatchedSI.Classes.SIGMBMatched" name="getdata" time="16.404"/>
  <testcase classname="GMBDataMatchedSI.Classes.SIGMBMatched" name="getdata" time="18.328"/>
  <testcase classname="GMBDataMatchedSI.Classes.SIGMBMatched" name="getdata" time="16.525"/>
  <testcase classname="GMBDataMatchedSI.Classes.SIGMBMatched" name="getdata" time="16.357"/>
  <testcase classname="GMBDataMatchedSI.Classes.SIGMBMatched" name="getdata" time="16.483"/>
  <testcase classname="GMBDataMatchedSI.Classes.SIGMBMatched" name="getdata" time="16.303"/>
  <testcase classname="GMBDataMatchedSI.Classes.SIGMBMatched" name="getdata" time="16.489"/>
  <testcase classname="GMBDataMatchedSI.Classes.SIGMBMatched" name="getdata" time="16.492"/>
  <testcase classname="GMBDataMatchedSI.Classes.SIGMBMatched" name="getdata" time="18.285"/>
  <testcase classname="GMBDataMatchedSI.Classes.SIGMBMatched" name="getdata" time="16.477"/>
  <testcase classname="GMBDataMatchedSI.Classes.SIGMBMatched" name="getdata" time="16.348"/>
  <testcase classname="GMBDataMatchedSI.Classes.SIGMBMatched" name="getdata" time="16.503"/>
  <testcase classname="GMBDataMatchedSI.Classes.SIGMBMatched" name="getdata" time="16.476"/>
  <testcase classname="GMBDataMatchedSI.Classes.SIGMBMatched" name="getdata" time="16.574"/>
  <testcase classname="GMBDataMatchedSI.Classes.SIGMBMatched" name="getdata" time="16.65"/>
  <testcase classname="GMBDataMatchedSI.Classes.SIGMBMatched" name="getdata" time="16.513"/>
  <testcase classname="GMBDataMatchedSI.Classes.SIGMBMatched" name="getdata" time="16.444"/>
  <testcase classname="GMBDataMatchedSI.Classes.SIGMBMatched" name="getdata" time="16.426"/>
  <testcase classname="GMBDataMatchedSI.Classes.SIGMBMatched" name="getdata" time="18.601"/>
  <testcase classname="GMBDataMatchedSI.Classes.SIGMBMatched" name="getdata" time="16.654"/>
  <testcase classname="GMBDataMatchedSI.Classes.SIGMBMatched" name="getdata" time="16.45"/>
  <testcase classname="GMBDataMatchedSI.Classes.SIGMBMatched" name="getdata" time="17.24"/>
  <testcase classname="GMBDataMatchedSI.Classes.SIGMBMatched" name="getdata" time="16.439"/>
  <testcase classname="GMBDataMatchedSI.Classes.SIGMBMatched" name="getdata" time="16.763"/>
  <testcase classname="GMBDataMatchedSI.Classes.SIGMBMatched" name="getdata" time="16.41"/>
  <testcase classname="GMBDataMatchedSI.Classes.SIGMBMatched" name="getdata" time="16.415"/>
  <testcase classname="GMBDataMatchedSI.Classes.SIGMBMatched" name="getdata" time="16.431"/>
  <testcase classname="GMBDataMatchedSI.Classes.SIGMBMatched" name="getdata" time="16.679"/>
  <testcase classname="GMBDataMatchedSI.Classes.SIGMBMatched" name="getdata" time="16.53"/>
  <testcase classname="GMBDataMatchedSI.Classes.SIGMBMatched" name="getdata" time="16.44"/>
  <testcase classname="GMBDataMatchedSI.Classes.SIGMBMatched" name="getdata" time="16.524"/>
  <testcase classname="GMBDataMatchedSI.Classes.SIGMBMatched" name="getdata" time="16.824"/>
  <testcase classname="GMBDataMatchedSI.Classes.SIGMBMatched" name="getdata" time="16.484"/>
  <testcase classname="GMBDataMatchedSI.Classes.SIGMBMatched" name="getdata" time="16.52"/>
  <testcase classname="GMBDataMatchedSI.Classes.SIGMBMatched" name="getdata" time="16.481"/>
  <testcase classname="GMBDataMatchedSI.Classes.SIGMBMatched" name="getdata" time="16.437"/>
  <testcase classname="GMBDataMatchedSI.Classes.SIGMBMatched" name="getdata" time="16.524"/>
  <testcase classname="GMBDataMatchedSI.Classes.SIGMBMatched" name="getdata" time="16.394"/>
  <testcase classname="GMBDataMatchedSI.Classes.SIGMBMatched" name="getdata" time="16.459"/>
  <testcase classname="GMBDataMatchedSI.Classes.SIGMBMatched" name="getdata" time="16.52"/>
  <testcase classname="GMBDataMatchedSI.Classes.SIGMBMatched" name="getdata" time="16.439"/>
  <testcase classname="GMBDataMatchedSI.Classes.SIGMBMatched" name="getdata" time="16.438"/>
  <testcase classname="GMBDataMatchedSI.Classes.SIGMBMatched" name="getdata" time="17.2"/>
  <testcase classname="GMBDataMatchedSI.Classes.SIGMBMatched" name="getdata" time="16.579"/>
  <testcase classname="GMBDataMatchedSI.Classes.SIGMBMatched" name="getdata" time="17.328"/>
  <testcase classname="GMBDataMatchedSI.Classes.SIGMBMatched" name="getdata" time="16.476"/>
  <testcase classname="GMBDataMatchedSI.Classes.SIGMBMatched" name="getdata" time="17.268"/>
  <testcase classname="GMBDataMatchedSI.Classes.SIGMBMatched" name="getdata" time="16.395"/>
  <testcase classname="GMBDataMatchedSI.Classes.SIGMBMatched" name="getdata" time="16.523"/>
  <testcase classname="GMBDataMatchedSI.Classes.SIGMBMatched" name="getdata" time="16.978"/>
  <testcase classname="GMBDataMatchedSI.Classes.SIGMBMatched" name="getdata" time="17.301"/>
  <testcase classname="GMBDataMatchedSI.Classes.SIGMBMatched" name="getdata" time="16.699"/>
  <testcase classname="GMBDataMatchedSI.Classes.SIGMBMatched" name="getdata" time="16.385"/>
  <testcase classname="GMBDataMatchedSI.Classes.SIGMBMatched" name="getdata" time="16.427"/>
  <testcase classname="GMBDataMatchedSI.Classes.SIGMBMatched" name="getdata" time="16.394"/>
  <testcase classname="GMBDataMatchedSI.Classes.SIGMBMatched" name="getdata" time="16.991"/>
  <testcase classname="GMBDataMatchedSI.Classes.SIGMBMatched" name="getdata" time="16.508"/>
  <testcase classname="GMBDataMatchedSI.Classes.SIGMBMatched" name="getdata" time="17.582"/>
  <testcase classname="GMBDataMatchedSI.Classes.SIGMBMatched" name="getdata" time="16.522"/>
  <testcase classname="GMBDataMatchedSI.Classes.SIGMBMatched" name="getdata" time="16.062"/>
  <testcase classname="GMBDataMatchedSI.Classes.SIGMBMatched" name="getdata" time="17.468"/>
  <testcase classname="GMBDataMatchedSI.Classes.SIGMBMatched" name="getdata" time="16.324"/>
  <testcase classname="GMBDataMatchedSI.Classes.SIGMBMatched" name="getdata" time="16.453"/>
  <testcase classname="GMBDataMatchedSI.Classes.SIGMBMatched" name="getdata" time="16.573"/>
  <testcase classname="GMBDataMatchedSI.Classes.SIGMBMatched" name="getdata" time="16.524"/>
  <testcase classname="GMBDataMatchedSI.Classes.SIGMBMatched" name="getdata" time="16.4"/>
  <testcase classname="GMBDataMatchedSI.Classes.SIGMBMatched" name="getdata" time="17.354"/>
  <testcase classname="GMBDataMatchedSI.Classes.SIGMBMatched" name="getdata" time="17.711"/>
  <testcase classname="GMBDataMatchedSI.Classes.SIGMBMatched" name="getdata" time="16.398"/>
  <testcase classname="GMBDataMatchedSI.Classes.SIGMBMatched" name="getdata" time="16.384"/>
  <testcase classname="GMBDataMatchedSI.Classes.SIGMBMatched" name="getdata" time="16.495"/>
  <testcase classname="GMBDataMatchedSI.Classes.SIGMBMatched" name="getdata" time="16.147"/>
  <testcase classname="GMBDataMatchedSI.Classes.SIGMBMatched" name="getdata" time="16.338"/>
  <testcase classname="GMBDataMatchedSI.Classes.SIGMBMatched" name="getdata" time="16.537"/>
  <testcase classname="GMBDataMatchedSI.Classes.SIGMBMatched" name="getdata" time="16.496"/>
  <testcase classname="GMBDataMatchedSI.Classes.SIGMBMatched" name="getdata" time="18.393"/>
  <testcase classname="GMBDataMatchedSI.Classes.SIGMBMatched" name="getdata" time="17.984"/>
  <testcase classname="GMBDataMatchedSI.Classes.SIGMBMatched" name="getdata" time="16.734"/>
  <testcase classname="GMBDataMatchedSI.Classes.SIGMBMatched" name="getdata" time="16.58"/>
  <testcase classname="GMBDataMatchedSI.Classes.SIGMBMatched" name="getdata" time="17.029"/>
  <testcase classname="GMBDataMatchedSI.Classes.SIGMBMatched" name="getdata" time="16.583"/>
  <testcase classname="GMBDataMatchedSI.Classes.SIGMBMatched" name="getdata" time="16.436"/>
  <testcase classname="GMBDataMatchedSI.Classes.SIGMBMatched" name="getdata" time="17.893"/>
  <testcase classname="GMBDataMatchedSI.Classes.SIGMBMatched" name="getdata" time="16.642"/>
  <testcase classname="GMBDataMatchedSI.Classes.SIGMBMatched" name="getdata" time="16.466"/>
  <testcase classname="GMBDataMatchedSI.Classes.SIGMBMatched" name="getdata" time="16.47"/>
  <testcase classname="GMBDataMatchedSI.Classes.SIGMBMatched" name="getdata" time="16.194"/>
  <testcase classname="GMBDataMatchedSI.Classes.SIGMBMatched" name="getdata" time="16.536"/>
  <testcase classname="GMBDataMatchedSI.Classes.SIGMBMatched" name="getdata" time="17.844"/>
  <testcase classname="GMBDataMatchedSI.Classes.SIGMBMatched" name="getdata" time="16.119"/>
  <testcase classname="GMBDataMatchedSI.Classes.SIGMBMatched" name="getdata" time="16.58"/>
  <testcase classname="GMBDataMatchedSI.Classes.SIGMBMatched" name="getdata" time="16.639"/>
  <testcase classname="GMBDataMatchedSI.Classes.SIGMBMatched" name="getdata" time="16.336"/>
  <testcase classname="GMBDataMatchedSI.Classes.SIGMBMatched" name="getdata" time="16.429"/>
  <testcase classname="GMBDataMatchedSI.Classes.SIGMBMatched" name="getdata" time="16.44"/>
  <testcase classname="GMBDataMatchedSI.Classes.SIGMBMatched" name="getdata" time="16.327"/>
  <testcase classname="GMBDataMatchedSI.Classes.SIGMBMatched" name="getdata" time="16.396"/>
  <testcase classname="GMBDataMatchedSI.Classes.SIGMBMatched" name="getdata" time="16.143"/>
  <testcase classname="GMBDataMatchedSI.Classes.SIGMBMatched" name="getdata" time="16.472"/>
  <testcase classname="GMBDataMatchedSI.Classes.SIGMBMatched" name="getdata" time="16.477"/>
  <testcase classname="GMBDataMatchedSI.Classes.SIGMBMatched" name="getdata" time="16.421"/>
  <testcase classname="GMBDataMatchedSI.Classes.SIGMBMatched" name="getdata" time="16.503"/>
  <testcase classname="GMBDataMatchedSI.Classes.SIGMBMatched" name="getdata" time="16.394"/>
  <testcase classname="GMBDataMatchedSI.Classes.SIGMBMatched" name="getdata" time="16.626"/>
  <testcase classname="GMBDataMatchedSI.Classes.SIGMBMatched" name="getdata" time="16.605"/>
  <testcase classname="GMBDataMatchedSI.Classes.SIGMBMatched" name="getdata" time="18.131"/>
  <testcase classname="GMBDataMatchedSI.Classes.SIGMBMatched" name="getdata" time="16.151"/>
  <testcase classname="GMBDataMatchedSI.Classes.SIGMBMatched" name="getdata" time="16.534"/>
  <testcase classname="GMBDataMatchedSI.Classes.SIGMBMatched" name="getdata" time="16.42"/>
  <testcase classname="GMBDataMatchedSI.Classes.SIGMBMatched" name="getdata" time="16.081"/>
  <testcase classname="GMBDataMatchedSI.Classes.SIGMBMatched" name="getdata" time="16.478"/>
  <testcase classname="GMBDataMatchedSI.Classes.SIGMBMatched" name="getdata" time="16.369"/>
  <testcase classname="GMBDataMatchedSI.Classes.SIGMBMatched" name="getdata" time="16.459"/>
  <testcase classname="GMBDataMatchedSI.Classes.SIGMBMatched" name="getdata" time="16.426"/>
  <testcase classname="GMBDataMatchedSI.Classes.SIGMBMatched" name="getdata" time="16.441"/>
  <testcase classname="GMBDataMatchedSI.Classes.SIGMBMatched" name="getdata" time="17.419"/>
  <testcase classname="GMBDataMatchedSI.Classes.SIGMBMatched" name="getdata" time="16.473"/>
  <testcase classname="GMBDataMatchedSI.Classes.SIGMBMatched" name="getdata" time="16.387"/>
  <testcase classname="GMBDataMatchedSI.Classes.SIGMBMatched" name="getdata" time="17.217"/>
  <testcase classname="GMBDataMatchedSI.Classes.SIGMBMatched" name="getdata" time="16.572"/>
  <testcase classname="GMBDataMatchedSI.Classes.SIGMBMatched" name="getdata" time="16.448"/>
  <testcase classname="GMBDataMatchedSI.Classes.SIGMBMatched" name="getdata" time="16.314"/>
  <testcase classname="GMBDataMatchedSI.Classes.SIGMBMatched" name="getdata" time="16.407"/>
  <testcase classname="GMBDataMatchedSI.Classes.SIGMBMatched" name="getdata" time="16.357"/>
  <testcase classname="GMBDataMatchedSI.Classes.SIGMBMatched" name="getdata" time="16.698"/>
  <testcase classname="GMBDataMatchedSI.Classes.SIGMBMatched" name="getdata" time="17.705"/>
  <testcase classname="GMBDataMatchedSI.Classes.SIGMBMatched" name="getdata" time="16.185"/>
  <testcase classname="GMBDataMatchedSI.Classes.SIGMBMatched" name="getdata" time="16.498"/>
  <testcase classname="GMBDataMatchedSI.Classes.SIGMBMatched" name="getdata" time="16.469"/>
  <testcase classname="GMBDataMatchedSI.Classes.SIGMBMatched" name="getdata" time="16.486"/>
  <testcase classname="GMBDataMatchedSI.Classes.SIGMBMatched" name="getdata" time="16.064"/>
  <testcase classname="GMBDataMatchedSI.Classes.SIGMBMatched" name="getdata" time="16.401"/>
  <testcase classname="GMBDataMatchedSI.Classes.SIGMBMatched" name="getdata" time="16.509"/>
  <testcase classname="GMBDataMatchedSI.Classes.SIGMBMatched" name="getdata" time="17.898"/>
  <testcase classname="GMBDataMatchedSI.Classes.SIGMBMatched" name="getdata" time="16.265"/>
  <testcase classname="GMBDataMatchedSI.Classes.SIGMBMatched" name="getdata" time="16.083"/>
  <testcase classname="GMBDataMatchedSI.Classes.SIGMBMatched" name="getdata" time="16.661"/>
  <testcase classname="GMBDataMatchedSI.Classes.SIGMBMatched" name="getdata" time="16.273"/>
  <testcase classname="GMBDataMatchedSI.Classes.SIGMBMatched" name="getdata" time="16.465"/>
  <testcase classname="GMBDataMatchedSI.Classes.SIGMBMatched" name="getdata" time="16.729"/>
  <testcase classname="GMBDataMatchedSI.Classes.SIGMBMatched" name="getdata" time="18.023"/>
  <testcase classname="GMBDataMatchedSI.Classes.SIGMBMatched" name="getdata" time="17.477"/>
  <testcase classname="GMBDataMatchedSI.Classes.SIGMBMatched" name="getdata" time="16.161"/>
  <testcase classname="GMBDataMatchedSI.Classes.SIGMBMatched" name="getdata" time="16.527"/>
  <testcase classname="GMBDataMatchedSI.Classes.SIGMBMatched" name="getdata" time="16.574"/>
  <testcase classname="GMBDataMatchedSI.Classes.SIGMBMatched" name="getdata" time="16.568"/>
  <testcase classname="GMBDataMatchedSI.Classes.SIGMBMatched" name="getdata" time="16.457"/>
  <testcase classname="GMBDataMatchedSI.Classes.SIGMBMatched" name="getdata" time="16.433"/>
  <testcase classname="GMBDataMatchedSI.Classes.SIGMBMatched" name="getdata" time="17.469"/>
  <testcase classname="GMBDataMatchedSI.Classes.SIGMBMatched" name="getdata" time="16.394"/>
  <testcase classname="GMBDataMatchedSI.Classes.SIGMBMatched" name="getdata" time="16.156"/>
  <testcase classname="GMBDataMatchedSI.Classes.SIGMBMatched" name="getdata" time="16.556"/>
  <testcase classname="GMBDataMatchedSI.Classes.SIGMBMatched" name="getdata" time="16.379"/>
  <testcase classname="GMBDataMatchedSI.Classes.SIGMBMatched" name="getdata" time="15.911"/>
  <testcase classname="GMBDataMatchedSI.Classes.SIGMBMatched" name="getdata" time="16.605"/>
  <testcase classname="GMBDataMatchedSI.Classes.SIGMBMatched" name="getdata" time="16.005"/>
  <testcase classname="GMBDataMatchedSI.Classes.SIGMBMatched" name="getdata" time="16.76"/>
  <testcase classname="GMBDataMatchedSI.Classes.SIGMBMatched" name="getdata" time="16.463"/>
  <testcase classname="GMBDataMatchedSI.Classes.SIGMBMatched" name="getdata" time="16.372"/>
  <testcase classname="GMBDataMatchedSI.Classes.SIGMBMatched" name="getdata" time="16.43"/>
  <testcase classname="GMBDataMatchedSI.Classes.SIGMBMatched" name="getdata" time="16.799"/>
  <testcase classname="GMBDataMatchedSI.Classes.SIGMBMatched" name="getdata" time="16.321"/>
  <testcase classname="GMBDataMatchedSI.Classes.SIGMBMatched" name="getdata" time="16.447"/>
  <testcase classname="GMBDataMatchedSI.Classes.SIGMBMatched" name="getdata" time="16.396"/>
  <testcase classname="GMBDataMatchedSI.Classes.SIGMBMatched" name="getdata" time="16.646"/>
  <testcase classname="GMBDataMatchedSI.Classes.SIGMBMatched" name="getdata" time="16.485"/>
  <testcase classname="GMBDataMatchedSI.Classes.SIGMBMatched" name="getdata" time="16.384"/>
  <testcase classname="GMBDataMatchedSI.Classes.SIGMBMatched" name="getdata" time="16.676"/>
  <testcase classname="GMBDataMatchedSI.Classes.SIGMBMatched" name="getdata" time="16.535"/>
  <testcase classname="GMBDataMatchedSI.Classes.SIGMBMatched" name="getdata" time="16.477"/>
  <testcase classname="GMBDataMatchedSI.Classes.SIGMBMatched" name="getdata" time="16.415"/>
  <testcase classname="GMBDataMatchedSI.Classes.SIGMBMatched" name="getdata" time="16.318"/>
  <testcase classname="GMBDataMatchedSI.Classes.SIGMBMatched" name="getdata" time="16.48"/>
  <testcase classname="GMBDataMatchedSI.Classes.SIGMBMatched" name="getdata" time="16.433"/>
  <testcase classname="GMBDataMatchedSI.Classes.SIGMBMatched" name="getdata" time="16.623"/>
  <testcase classname="GMBDataMatchedSI.Classes.SIGMBMatched" name="getdata" time="16.511"/>
  <testcase classname="GMBDataMatchedSI.Classes.SIGMBMatched" name="getdata" time="16.678"/>
  <testcase classname="GMBDataMatchedSI.Classes.SIGMBMatched" name="getdata" time="16.293"/>
  <testcase classname="GMBDataMatchedSI.Classes.SIGMBMatched" name="getdata" time="16.442"/>
  <testcase classname="GMBDataMatchedSI.Classes.SIGMBMatched" name="getdata" time="16.46"/>
  <testcase classname="GMBDataMatchedSI.Classes.SIGMBMatched" name="getdata" time="18.056"/>
  <testcase classname="GMBDataMatchedSI.Classes.SIGMBMatched" name="getdata" time="16.382"/>
  <testcase classname="GMBDataMatchedSI.Classes.SIGMBMatched" name="getdata" time="16.146"/>
  <testcase classname="GMBDataMatchedSI.Classes.SIGMBMatched" name="getdata" time="16.528"/>
  <testcase classname="GMBDataMatchedSI.Classes.SIGMBMatched" name="getdata" time="18.033"/>
  <testcase classname="GMBDataMatchedSI.Classes.SIGMBMatched" name="getdata" time="16.447"/>
  <testcase classname="GMBDataMatchedSI.Classes.SIGMBMatched" name="getdata" time="16.58"/>
  <testcase classname="GMBDataMatchedSI.Classes.SIGMBMatched" name="getdata" time="16.445"/>
  <testcase classname="GMBDataMatchedSI.Classes.SIGMBMatched" name="getdata" time="16.547"/>
  <testcase classname="GMBDataMatchedSI.Classes.SIGMBMatched" name="getdata" time="16.462"/>
  <testcase classname="GMBDataMatchedSI.Classes.SIGMBMatched" name="getdata" time="17.112"/>
  <testcase classname="GMBDataMatchedSI.Classes.SIGMBMatched" name="getdata" time="16.452"/>
  <testcase classname="GMBDataMatchedSI.Classes.SIGMBMatched" name="getdata" time="17.785"/>
  <testcase classname="GMBDataMatchedSI.Classes.SIGMBMatched" name="getdata" time="16.344"/>
  <testcase classname="GMBDataMatchedSI.Classes.SIGMBMatched" name="getdata" time="18.214"/>
  <testcase classname="GMBDataMatchedSI.Classes.SIGMBMatched" name="getdata" time="18.447"/>
  <testcase classname="GMBDataMatchedSI.Classes.SIGMBMatched" name="getdata" time="17.109"/>
  <testcase classname="GMBDataMatchedSI.Classes.SIGMBMatched" name="getdata" time="16.589"/>
  <testcase classname="GMBDataMatchedSI.Classes.SIGMBMatched" name="getdata" time="17.734"/>
  <testcase classname="GMBDataMatchedSI.Classes.SIGMBMatched" name="getdata" time="17.038"/>
  <testcase classname="GMBDataMatchedSI.Classes.SIGMBMatched" name="getdata" time="16.757"/>
  <testcase classname="GMBDataMatchedSI.Classes.SIGMBMatched" name="getdata" time="16.361"/>
  <testcase classname="GMBDataMatchedSI.Classes.SIGMBMatched" name="getdata" time="16.631"/>
  <testcase classname="GMBDataMatchedSI.Classes.SIGMBMatched" name="getdata" time="16.425"/>
  <testcase classname="GMBDataMatchedSI.Classes.SIGMBMatched" name="getdata" time="16.451"/>
  <testcase classname="GMBDataMatchedSI.Classes.SIGMBMatched" name="getdata" time="16.613"/>
  <testcase classname="GMBDataMatchedSI.Classes.SIGMBMatched" name="getdata" time="16.535"/>
  <testcase classname="GMBDataMatchedSI.Classes.SIGMBMatched" name="getdata" time="16.986"/>
  <testcase classname="GMBDataMatchedSI.Classes.SIGMBMatched" name="getdata" time="17.106"/>
  <testcase classname="GMBDataMatchedSI.Classes.SIGMBMatched" name="getdata" time="16.668"/>
  <testcase classname="GMBDataMatchedSI.Classes.SIGMBMatched" name="getdata" time="16.95"/>
  <testcase classname="GMBDataMatchedSI.Classes.SIGMBMatched" name="getdata" time="17.386"/>
  <testcase classname="GMBDataMatchedSI.Classes.SIGMBMatched" name="getdata" time="17.55"/>
  <testcase classname="GMBDataMatchedSI.Classes.SIGMBMatched" name="getdata" time="16.896"/>
  <testcase classname="GMBDataMatchedSI.Classes.SIGMBMatched" name="getdata" time="16.471"/>
  <testcase classname="GMBDataMatchedSI.Classes.SIGMBMatched" name="getdata" time="16.882"/>
  <testcase classname="GMBDataMatchedSI.Classes.SIGMBMatched" name="getdata" time="17.131"/>
  <testcase classname="GMBDataMatchedSI.Classes.SIGMBMatched" name="getdata" time="16.495"/>
  <testcase classname="GMBDataMatchedSI.Classes.SIGMBMatched" name="getdata" time="16.548"/>
  <testcase classname="GMBDataMatchedSI.Classes.SIGMBMatched" name="getdata" time="16.718"/>
  <testcase classname="GMBDataMatchedSI.Classes.SIGMBMatched" name="getdata" time="16.456"/>
  <testcase classname="GMBDataMatchedSI.Classes.SIGMBMatched" name="getdata" time="16.349"/>
  <testcase classname="GMBDataMatchedSI.Classes.SIGMBMatched" name="getdata" time="16.393"/>
  <testcase classname="GMBDataMatchedSI.Classes.SIGMBMatched" name="getdata" time="16.675"/>
  <testcase classname="GMBDataMatchedSI.Classes.SIGMBMatched" name="getdata" time="16.398"/>
  <testcase classname="GMBDataMatchedSI.Classes.SIGMBMatched" name="getdata" time="16.395"/>
  <testcase classname="GMBDataMatchedSI.Classes.SIGMBMatched" name="getdata" time="16.339"/>
  <testcase classname="GMBDataMatchedSI.Classes.SIGMBMatched" name="getdata" time="16.622"/>
  <testcase classname="GMBDataMatchedSI.Classes.SIGMBMatched" name="getdata" time="16.527"/>
  <testcase classname="GMBDataMatchedSI.Classes.SIGMBMatched" name="getdata" time="16.428"/>
  <testcase classname="GMBDataMatchedSI.Classes.SIGMBMatched" name="getdata" time="17.902"/>
  <testcase classname="GMBDataMatchedSI.Classes.SIGMBMatched" name="getdata" time="16.461"/>
  <testcase classname="GMBDataMatchedSI.Classes.SIGMBMatched" name="getdata" time="16.414"/>
  <testcase classname="GMBDataMatchedSI.Classes.SIGMBMatched" name="getdata" time="18.313"/>
  <testcase classname="GMBDataMatchedSI.Classes.SIGMBMatched" name="getdata" time="16.384"/>
  <testcase classname="GMBDataMatchedSI.Classes.SIGMBMatched" name="getdata" time="16.46"/>
  <testcase classname="GMBDataMatchedSI.Classes.SIGMBMatched" name="getdata" time="17.318"/>
  <testcase classname="GMBDataMatchedSI.Classes.SIGMBMatched" name="getdata" time="16.495"/>
  <testcase classname="GMBDataMatchedSI.Classes.SIGMBMatched" name="getdata" time="18.196"/>
  <testcase classname="GMBDataMatchedSI.Classes.SIGMBMatched" name="getdata" time="16.352"/>
  <testcase classname="GMBDataMatchedSI.Classes.SIGMBMatched" name="getdata" time="17.381"/>
  <testcase classname="GMBDataMatchedSI.Classes.SIGMBMatched" name="getdata" time="16.011"/>
  <testcase classname="GMBDataMatchedSI.Classes.SIGMBMatched" name="getdata" time="18.06"/>
  <testcase classname="GMBDataMatchedSI.Classes.SIGMBMatched" name="getdata" time="16.429"/>
  <testcase classname="GMBDataMatchedSI.Classes.SIGMBMatched" name="getdata" time="16.362"/>
  <testcase classname="GMBDataMatchedSI.Classes.SIGMBMatched" name="getdata" time="17.892"/>
  <testcase classname="GMBDataMatchedSI.Classes.SIGMBMatched" name="getdata" time="16.464"/>
  <testcase classname="GMBDataMatchedSI.Classes.SIGMBMatched" name="getdata" time="16.337"/>
  <testcase classname="GMBDataMatchedSI.Classes.SIGMBMatched" name="getdata" time="16.568"/>
  <testcase classname="GMBDataMatchedSI.Classes.SIGMBMatched" name="getdata" time="16.565"/>
  <testcase classname="GMBDataMatchedSI.Classes.SIGMBMatched" name="getdata" time="16.488"/>
  <testcase classname="GMBDataMatchedSI.Classes.SIGMBMatched" name="getdata" time="16.379"/>
  <testcase classname="GMBDataMatchedSI.Classes.SIGMBMatched" name="getdata" time="16.492"/>
  <testcase classname="GMBDataMatchedSI.Classes.SIGMBMatched" name="getdata" time="16.487"/>
  <testcase classname="GMBDataMatchedSI.Classes.SIGMBMatched" name="getdata" time="16.417"/>
  <testcase classname="GMBDataMatchedSI.Classes.SIGMBMatched" name="getdata" time="16.384"/>
  <testcase classname="GMBDataMatchedSI.Classes.SIGMBMatched" name="getdata" time="16.519"/>
  <testcase classname="GMBDataMatchedSI.Classes.SIGMBMatched" name="getdata" time="16.498"/>
  <testcase classname="GMBDataMatchedSI.Classes.SIGMBMatched" name="getdata" time="16.526"/>
  <testcase classname="GMBDataMatchedSI.Classes.SIGMBMatched" name="getdata" time="16.706"/>
  <testcase classname="GMBDataMatchedSI.Classes.SIGMBMatched" name="getdata" time="18.048"/>
  <testcase classname="GMBDataMatchedSI.Classes.SIGMBMatched" name="getdata" time="16.53"/>
  <testcase classname="GMBDataMatchedSI.Classes.SIGMBMatched" name="getdata" time="16.443"/>
  <testcase classname="GMBDataMatchedSI.Classes.SIGMBMatched" name="getdata" time="16.563"/>
  <testcase classname="GMBDataMatchedSI.Classes.SIGMBMatched" name="getdata" time="16.654"/>
  <testcase classname="GMBDataMatchedSI.Classes.SIGMBMatched" name="getdata" time="16.451"/>
  <testcase classname="GMBDataMatchedSI.Classes.SIGMBMatched" name="getdata" time="16.526"/>
  <testcase classname="GMBDataMatchedSI.Classes.SIGMBMatched" name="getdata" time="16.492"/>
  <testcase classname="GMBDataMatchedSI.Classes.SIGMBMatched" name="getdata" time="17.0"/>
  <testcase classname="GMBDataMatchedSI.Classes.SIGMBMatched" name="getdata" time="16.421"/>
  <testcase classname="GMBDataMatchedSI.Classes.SIGMBMatched" name="getdata" time="17.349"/>
  <testcase classname="GMBDataMatchedSI.Classes.SIGMBMatched" name="getdata" time="16.56"/>
  <testcase classname="GMBDataMatchedSI.Classes.SIGMBMatched" name="getdata" time="16.764"/>
  <testcase classname="GMBDataMatchedSI.Classes.SIGMBMatched" name="getdata" time="16.486"/>
  <testcase classname="GMBDataMatchedSI.Classes.SIGMBMatched" name="getdata" time="16.365"/>
  <testcase classname="GMBDataMatchedSI.Classes.SIGMBMatched" name="getdata" time="16.475"/>
  <testcase classname="GMBDataMatchedSI.Classes.SIGMBMatched" name="getdata" time="16.708"/>
  <testcase classname="GMBDataMatchedSI.Classes.SIGMBMatched" name="getdata" time="16.38"/>
  <testcase classname="GMBDataMatchedSI.Classes.SIGMBMatched" name="getdata" time="16.464"/>
  <testcase classname="GMBDataMatchedSI.Classes.SIGMBMatched" name="getdata" time="16.504"/>
  <testcase classname="GMBDataMatchedSI.Classes.SIGMBMatched" name="getdata" time="17.857"/>
  <testcase classname="GMBDataMatchedSI.Classes.SIGMBMatched" name="getdata" time="16.347"/>
  <testcase classname="GMBDataMatchedSI.Classes.SIGMBMatched" name="getdata" time="16.436"/>
  <testcase classname="GMBDataMatchedSI.Classes.SIGMBMatched" name="getdata" time="16.412"/>
  <testcase classname="GMBDataMatchedSI.Classes.SIGMBMatched" name="getdata" time="16.411"/>
  <testcase classname="GMBDataMatchedSI.Classes.SIGMBMatched" name="getdata" time="16.434"/>
  <testcase classname="GMBDataMatchedSI.Classes.SIGMBMatched" name="getdata" time="16.297"/>
  <testcase classname="GMBDataMatchedSI.Classes.SIGMBMatched" name="getdata" time="16.349"/>
  <testcase classname="GMBDataMatchedSI.Classes.SIGMBMatched" name="getdata" time="16.436"/>
  <testcase classname="GMBDataMatchedSI.Classes.SIGMBMatched" name="getdata" time="16.474"/>
  <testcase classname="GMBDataMatchedSI.Classes.SIGMBMatched" name="getdata" time="16.611"/>
  <testcase classname="GMBDataMatchedSI.Classes.SIGMBMatched" name="getdata" time="16.338"/>
  <testcase classname="GMBDataMatchedSI.Classes.SIGMBMatched" name="getdata" time="16.586"/>
  <testcase classname="GMBDataMatchedSI.Classes.SIGMBMatched" name="getdata" time="15.937"/>
  <testcase classname="GMBDataMatchedSI.Classes.SIGMBMatched" name="getdata" time="16.402"/>
  <testcase classname="GMBDataMatchedSI.Classes.SIGMBMatched" name="getdata" time="16.433"/>
  <testcase classname="GMBDataMatchedSI.Classes.SIGMBMatched" name="getdata" time="16.803"/>
  <testcase classname="GMBDataMatchedSI.Classes.SIGMBMatched" name="getdata" time="16.322"/>
  <testcase classname="GMBDataMatchedSI.Classes.SIGMBMatched" name="getdata" time="16.495"/>
  <testcase classname="GMBDataMatchedSI.Classes.SIGMBMatched" name="getdata" time="16.478"/>
  <testcase classname="GMBDataMatchedSI.Classes.SIGMBMatched" name="getdata" time="18.133"/>
  <testcase classname="GMBDataMatchedSI.Classes.SIGMBMatched" name="getdata" time="16.666"/>
  <testcase classname="GMBDataMatchedSI.Classes.SIGMBMatched" name="getdata" time="16.374"/>
  <testcase classname="GMBDataMatchedSI.Classes.SIGMBMatched" name="getdata" time="16.432"/>
  <testcase classname="GMBDataMatchedSI.Classes.SIGMBMatched" name="getdata" time="16.451"/>
  <testcase classname="GMBDataMatchedSI.Classes.SIGMBMatched" name="getdata" time="16.089"/>
  <testcase classname="GMBDataMatchedSI.Classes.SIGMBMatched" name="getdata" time="16.526"/>
  <testcase classname="GMBDataMatchedSI.Classes.SIGMBMatched" name="getdata" time="16.179"/>
  <testcase classname="GMBDataMatchedSI.Classes.SIGMBMatched" name="getdata" time="16.55"/>
  <testcase classname="GMBDataMatchedSI.Classes.SIGMBMatched" name="getdata" time="15.99"/>
  <testcase classname="GMBDataMatchedSI.Classes.SIGMBMatched" name="getdata" time="16.665"/>
  <testcase classname="GMBDataMatchedSI.Classes.SIGMBMatched" name="getdata" time="16.383"/>
  <testcase classname="GMBDataMatchedSI.Classes.SIGMBMatched" name="getdata" time="17.92"/>
  <testcase classname="GMBDataMatchedSI.Classes.SIGMBMatched" name="getdata" time="16.362"/>
  <testcase classname="GMBDataMatchedSI.Classes.SIGMBMatched" name="getdata" time="18.18"/>
  <testcase classname="GMBDataMatchedSI.Classes.SIGMBMatched" name="getdata" time="16.644"/>
  <testcase classname="GMBDataMatchedSI.Classes.SIGMBMatched" name="getdata" time="16.575"/>
  <testcase classname="GMBDataMatchedSI.Classes.SIGMBMatched" name="getdata" time="17.812"/>
  <testcase classname="GMBDataMatchedSI.Classes.SIGMBMatched" name="getdata" time="18.019"/>
  <testcase classname="GMBDataMatchedSI.Classes.SIGMBMatched" name="getdata" time="16.49"/>
  <testcase classname="GMBDataMatchedSI.Classes.SIGMBMatched" name="getdata" time="16.548"/>
  <testcase classname="GMBDataMatchedSI.Classes.SIGMBMatched" name="getdata" time="16.429"/>
  <testcase classname="GMBDataMatchedSI.Classes.SIGMBMatched" name="getdata" time="17.909"/>
  <testcase classname="GMBDataMatchedSI.Classes.SIGMBMatched" name="getdata" time="16.426"/>
  <testcase classname="GMBDataMatchedSI.Classes.SIGMBMatched" name="getdata" time="16.63"/>
  <testcase classname="GMBDataMatchedSI.Classes.SIGMBMatched" name="getdata" time="16.419"/>
  <testcase classname="GMBDataMatchedSI.Classes.SIGMBMatched" name="getdata" time="16.446"/>
  <testcase classname="GMBDataMatchedSI.Classes.SIGMBMatched" name="getdata" time="18.074"/>
  <testcase classname="GMBDataMatchedSI.Classes.SIGMBMatched" name="getdata" time="16.588"/>
  <testcase classname="GMBDataMatchedSI.Classes.SIGMBMatched" name="getdata" time="16.124"/>
  <testcase classname="GMBDataMatchedSI.Classes.SIGMBMatched" name="getdata" time="16.43"/>
  <testcase classname="GMBDataMatchedSI.Classes.SIGMBMatched" name="getdata" time="16.482"/>
  <testcase classname="GMBDataMatchedSI.Classes.SIGMBMatched" name="getdata" time="16.493"/>
  <testcase classname="GMBDataMatchedSI.Classes.SIGMBMatched" name="getdata" time="16.41"/>
  <testcase classname="GMBDataMatchedSI.Classes.SIGMBMatched" name="getdata" time="16.472"/>
  <testcase classname="GMBDataMatchedSI.Classes.SIGMBMatched" name="getdata" time="16.609"/>
  <testcase classname="GMBDataMatchedSI.Classes.SIGMBMatched" name="getdata" time="17.316"/>
  <testcase classname="GMBDataMatchedSI.Classes.SIGMBMatched" name="getdata" time="16.451"/>
  <testcase classname="GMBDataMatchedSI.Classes.SIGMBMatched" name="getdata" time="16.463"/>
  <testcase classname="GMBDataMatchedSI.Classes.SIGMBMatched" name="getdata" time="16.442"/>
  <testcase classname="GMBDataMatchedSI.Classes.SIGMBMatched" name="getdata" time="16.503"/>
  <testcase classname="GMBDataMatchedSI.Classes.SIGMBMatched" name="getdata" time="16.407"/>
  <testcase classname="GMBDataMatchedSI.Classes.SIGMBMatched" name="getdata" time="16.428"/>
  <testcase classname="GMBDataMatchedSI.Classes.SIGMBMatched" name="getdata" time="16.39"/>
  <testcase classname="GMBDataMatchedSI.Classes.SIGMBMatched" name="getdata" time="16.457"/>
  <testcase classname="GMBDataMatchedSI.Classes.SIGMBMatched" name="getdata" time="16.479"/>
  <testcase classname="GMBDataMatchedSI.Classes.SIGMBMatched" name="getdata" time="17.701"/>
  <testcase classname="GMBDataMatchedSI.Classes.SIGMBMatched" name="getdata" time="16.358"/>
  <testcase classname="GMBDataMatchedSI.Classes.SIGMBMatched" name="getdata" time="18.467"/>
  <testcase classname="GMBDataMatchedSI.Classes.SIGMBMatched" name="getdata" time="16.393"/>
  <testcase classname="GMBDataMatchedSI.Classes.SIGMBMatched" name="getdata" time="16.608"/>
  <testcase classname="GMBDataMatchedSI.Classes.SIGMBMatched" name="getdata" time="16.129"/>
  <testcase classname="GMBDataMatchedSI.Classes.SIGMBMatched" name="getdata" time="16.603"/>
  <testcase classname="GMBDataMatchedSI.Classes.SIGMBMatched" name="getdata" time="16.309"/>
  <testcase classname="GMBDataMatchedSI.Classes.SIGMBMatched" name="getdata" time="16.469"/>
  <testcase classname="GMBDataMatchedSI.Classes.SIGMBMatched" name="getdata" time="17.724"/>
  <testcase classname="GMBDataMatchedSI.Classes.SIGMBMatched" name="getdata" time="16.663"/>
  <testcase classname="GMBDataMatchedSI.Classes.SIGMBMatched" name="getdata" time="16.497"/>
  <testcase classname="GMBDataMatchedSI.Classes.SIGMBMatched" name="getdata" time="17.1"/>
  <testcase classname="GMBDataMatchedSI.Classes.SIGMBMatched" name="getdata" time="16.499"/>
  <testcase classname="GMBDataMatchedSI.Classes.SIGMBMatched" name="getdata" time="16.556"/>
  <testcase classname="GMBDataMatchedSI.Classes.SIGMBMatched" name="getdata" time="16.341"/>
  <testcase classname="GMBDataMatchedSI.Classes.SIGMBMatched" name="getdata" time="16.494"/>
  <testcase classname="GMBDataMatchedSI.Classes.SIGMBMatched" name="getdata" time="16.461"/>
  <testcase classname="GMBDataMatchedSI.Classes.SIGMBMatched" name="getdata" time="16.794"/>
  <testcase classname="GMBDataMatchedSI.Classes.SIGMBMatched" name="getdata" time="17.946"/>
  <testcase classname="GMBDataMatchedSI.Classes.SIGMBMatched" name="getdata" time="16.5"/>
  <testcase classname="GMBDataMatchedSI.Classes.SIGMBMatched" name="getdata" time="16.459"/>
  <testcase classname="GMBDataMatchedSI.Classes.SIGMBMatched" name="getdata" time="16.636"/>
  <testcase classname="GMBDataMatchedSI.Classes.SIGMBMatched" name="getdata" time="17.98"/>
  <testcase classname="GMBDataMatchedSI.Classes.SIGMBMatched" name="getdata" time="16.434"/>
  <testcase classname="GMBDataMatchedSI.Classes.SIGMBMatched" name="getdata" time="17.638"/>
  <testcase classname="GMBDataMatchedSI.Classes.SIGMBMatched" name="getdata" time="16.288"/>
  <testcase classname="GMBDataMatchedSI.Classes.SIGMBMatched" name="getdata" time="17.749"/>
  <testcase classname="GMBDataMatchedSI.Classes.SIGMBMatched" name="getdata" time="16.591"/>
  <testcase classname="GMBDataMatchedSI.Classes.SIGMBMatched" name="getdata" time="16.41"/>
  <testcase classname="GMBDataMatchedSI.Classes.SIGMBMatched" name="getdata" time="16.424"/>
  <testcase classname="GMBDataMatchedSI.Classes.SIGMBMatched" name="getdata" time="16.559"/>
  <testcase classname="GMBDataMatchedSI.Classes.SIGMBMatched" name="getdata" time="16.55"/>
  <testcase classname="GMBDataMatchedSI.Classes.SIGMBMatched" name="getdata" time="16.396"/>
  <testcase classname="GMBDataMatchedSI.Classes.SIGMBMatched" name="getdata" time="16.529"/>
  <testcase classname="GMBDataMatchedSI.Classes.SIGMBMatched" name="getdata" time="16.49"/>
  <testcase classname="GMBDataMatchedSI.Classes.SIGMBMatched" name="getdata" time="16.426"/>
  <testcase classname="GMBDataMatchedSI.Classes.SIGMBMatched" name="getdata" time="18.099"/>
  <testcase classname="GMBDataMatchedSI.Classes.SIGMBMatched" name="getdata" time="16.624"/>
  <testcase classname="GMBDataMatchedSI.Classes.SIGMBMatched" name="getdata" time="16.392"/>
  <testcase classname="GMBDataMatchedSI.Classes.SIGMBMatched" name="getdata" time="16.563"/>
  <testcase classname="GMBDataMatchedSI.Classes.SIGMBMatched" name="getdata" time="16.58"/>
  <testcase classname="GMBDataMatchedSI.Classes.SIGMBMatched" name="getdata" time="16.907"/>
  <testcase classname="GMBDataMatchedSI.Classes.SIGMBMatched" name="getdata" time="16.454"/>
  <testcase classname="GMBDataMatchedSI.Classes.SIGMBMatched" name="getdata" time="16.463"/>
  <testcase classname="GMBDataMatchedSI.Classes.SIGMBMatched" name="getdata" time="16.381"/>
  <testcase classname="GMBDataMatchedSI.Classes.SIGMBMatched" name="getdata" time="16.587"/>
  <testcase classname="GMBDataMatchedSI.Classes.SIGMBMatched" name="getdata" time="16.532"/>
  <testcase classname="GMBDataMatchedSI.Classes.SIGMBMatched" name="getdata" time="16.382"/>
  <testcase classname="GMBDataMatchedSI.Classes.SIGMBMatched" name="getdata" time="16.364"/>
  <testcase classname="GMBDataMatchedSI.Classes.SIGMBMatched" name="getdata" time="16.677"/>
  <testcase classname="GMBDataMatchedSI.Classes.SIGMBMatched" name="getdata" time="16.374"/>
  <testcase classname="GMBDataMatchedSI.Classes.SIGMBMatched" name="getdata" time="16.344"/>
  <testcase classname="GMBDataMatchedSI.Classes.SIGMBMatched" name="getdata" time="16.442"/>
  <testcase classname="GMBDataMatchedSI.Classes.SIGMBMatched" name="getdata" time="16.594"/>
  <testcase classname="GMBDataMatchedSI.Classes.SIGMBMatched" name="getdata" time="16.429"/>
  <testcase classname="GMBDataMatchedSI.Classes.SIGMBMatched" name="getdata" time="16.445"/>
  <testcase classname="GMBDataMatchedSI.Classes.SIGMBMatched" name="getdata" time="17.265"/>
  <testcase classname="GMBDataMatchedSI.Classes.SIGMBMatched" name="getdata" time="16.515"/>
  <testcase classname="GMBDataMatchedSI.Classes.SIGMBMatched" name="getdata" time="16.426"/>
  <testcase classname="GMBDataMatchedSI.Classes.SIGMBMatched" name="getdata" time="16.256"/>
  <testcase classname="GMBDataMatchedSI.Classes.SIGMBMatched" name="getdata" time="16.506"/>
  <testcase classname="GMBDataMatchedSI.Classes.SIGMBMatched" name="getdata" time="16.781"/>
  <testcase classname="GMBDataMatchedSI.Classes.SIGMBMatched" name="getdata" time="16.489"/>
  <testcase classname="GMBDataMatchedSI.Classes.SIGMBMatched" name="getdata" time="16.44"/>
  <testcase classname="GMBDataMatchedSI.Classes.SIGMBMatched" name="getdata" time="16.442"/>
  <testcase classname="GMBDataMatchedSI.Classes.SIGMBMatched" name="getdata" time="16.648"/>
  <testcase classname="GMBDataMatchedSI.Classes.SIGMBMatched" name="getdata" time="16.444"/>
  <testcase classname="GMBDataMatchedSI.Classes.SIGMBMatched" name="getdata" time="16.578"/>
  <testcase classname="GMBDataMatchedSI.Classes.SIGMBMatched" name="getdata" time="16.637"/>
  <testcase classname="GMBDataMatchedSI.Classes.SIGMBMatched" name="getdata" time="16.846"/>
  <testcase classname="GMBDataMatchedSI.Classes.SIGMBMatched" name="getdata" time="16.654"/>
  <testcase classname="GMBDataMatchedSI.Classes.SIGMBMatched" name="getdata" time="16.671"/>
  <testcase classname="GMBDataMatchedSI.Classes.SIGMBMatched" name="getdata" time="16.591"/>
  <testcase classname="GMBDataMatchedSI.Classes.SIGMBMatched" name="getdata" time="16.585"/>
  <testcase classname="GMBDataMatchedSI.Classes.SIGMBMatched" name="getdata" time="17.325"/>
  <testcase classname="GMBDataMatchedSI.Classes.SIGMBMatched" name="getdata" time="16.399"/>
  <testcase classname="GMBDataMatchedSI.Classes.SIGMBMatched" name="getdata" time="16.598"/>
  <testcase classname="GMBDataMatchedSI.Classes.SIGMBMatched" name="getdata" time="17.507"/>
  <testcase classname="GMBDataMatchedSI.Classes.SIGMBMatched" name="getdata" time="16.748"/>
  <testcase classname="GMBDataMatchedSI.Classes.SIGMBMatched" name="getdata" time="17.216"/>
  <testcase classname="GMBDataMatchedSI.Classes.SIGMBMatched" name="getdata" time="17.712"/>
  <testcase classname="GMBDataMatchedSI.Classes.SIGMBMatched" name="getdata" time="17.766"/>
  <testcase classname="GMBDataMatchedSI.Classes.SIGMBMatched" name="getdata" time="17.358"/>
  <testcase classname="GMBDataMatchedSI.Classes.SIGMBMatched" name="getdata" time="19.448"/>
  <testcase classname="GMBDataMatchedSI.Classes.SIGMBMatched" name="getdata" time="19.948"/>
  <testcase classname="GMBDataMatchedSI.Classes.SIGMBMatched" name="getdata" time="17.542"/>
  <testcase classname="GMBDataMatchedSI.Classes.SIGMBMatched" name="getdata" time="16.738"/>
  <testcase classname="GMBDataMatchedSI.Classes.SIGMBMatched" name="getdata" time="16.702"/>
  <testcase classname="GMBDataMatchedSI.Classes.SIGMBMatched" name="getdata" time="17.242"/>
  <testcase classname="GMBDataMatchedSI.Classes.SIGMBMatched" name="getdata" time="17.278"/>
  <testcase classname="GMBDataMatchedSI.Classes.SIGMBMatched" name="getdata" time="16.417"/>
  <testcase classname="GMBDataMatchedSI.Classes.SIGMBMatched" name="getdata" time="18.168"/>
  <testcase classname="GMBDataMatchedSI.Classes.SIGMBMatched" name="getdata" time="16.628"/>
  <testcase classname="GMBDataMatchedSI.Classes.SIGMBMatched" name="getdata" time="16.491"/>
  <testcase classname="GMBDataMatchedSI.Classes.SIGMBMatched" name="getdata" time="16.58"/>
  <testcase classname="GMBDataMatchedSI.Classes.SIGMBMatched" name="getdata" time="16.434"/>
  <testcase classname="GMBDataMatchedSI.Classes.SIGMBMatched" name="getdata" time="16.346"/>
  <testcase classname="GMBDataMatchedSI.Classes.SIGMBMatched" name="getdata" time="17.041"/>
  <testcase classname="GMBDataMatchedSI.Classes.SIGMBMatched" name="getdata" time="16.012"/>
  <testcase classname="GMBDataMatchedSI.Classes.SIGMBMatched" name="getdata" time="16.398"/>
  <testcase classname="GMBDataMatchedSI.Classes.SIGMBMatched" name="getdata" time="16.635"/>
  <testcase classname="GMBDataMatchedSI.Classes.SIGMBMatched" name="getdata" time="16.397"/>
  <testcase classname="GMBDataMatchedSI.Classes.SIGMBMatched" name="getdata" time="17.908"/>
  <testcase classname="GMBDataMatchedSI.Classes.SIGMBMatched" name="getdata" time="17.29"/>
  <testcase classname="GMBDataMatchedSI.Classes.SIGMBMatched" name="getdata" time="16.529"/>
  <testcase classname="GMBDataMatchedSI.Classes.SIGMBMatched" name="getdata" time="16.406"/>
  <testcase classname="GMBDataMatchedSI.Classes.SIGMBMatched" name="getdata" time="16.069"/>
  <testcase classname="GMBDataMatchedSI.Classes.SIGMBMatched" name="getdata" time="16.201"/>
  <testcase classname="GMBDataMatchedSI.Classes.SIGMBMatched" name="getdata" time="16.563"/>
  <testcase classname="GMBDataMatchedSI.Classes.SIGMBMatched" name="getdata" time="16.514"/>
  <testcase classname="GMBDataMatchedSI.Classes.SIGMBMatched" name="getdata" time="16.154"/>
  <testcase classname="GMBDataMatchedSI.Classes.SIGMBMatched" name="getdata" time="17.97"/>
  <testcase classname="GMBDataMatchedSI.Classes.SIGMBMatched" name="getdata" time="17.073"/>
  <testcase classname="GMBDataMatchedSI.Classes.SIGMBMatched" name="getdata" time="16.406"/>
[...]
  <testcase classname="GMBDataMatchedSI.Classes.SIGMBMatched" name="getdata" time="0.0"/>
  <testcase classname="GMBDataMatchedSI.Classes.SIGMBMatched" name="getdata" time="0.0"/>
  <testcase classname="GMBDataMatchedSI.Classes.SIGMBMatched" name="getdata" time="0.001"/>
  <testcase classname="GMBDataMatchedSI.Classes.SIGMBMatched" name="getdata" time="0.001"/>
  <testcase classname="GMBDataMatchedSI.Classes.SIGMBMatched" name="getdata" time="0.001"/>
  <testcase classname="GMBDataMatchedSI.Classes.SIGMBMatched" name="getdata" time="0.001"/>
  <testcase classname="GMBDataMatchedSI.Classes.SIGMBMatched" name="getdata" time="0.0"/>
  <testcase classname="GMBDataMatchedSI.Classes.SIGMBMatched" name="getdata" time="0.001"/>
  <testcase classname="GMBDataMatchedSI.Classes.SIGMBMatched" name="getdata" time="0.0"/>
  <testcase classname="GMBDataMatchedSI.Classes.SIGMBMatched" name="getdata" time="0.001"/>
  <testcase classname="GMBDataMatchedSI.Classes.SIGMBMatched" name="getdata" time="0.001"/>
  <testcase classname="GMBDataMatchedSI.Classes.SIGMBMatched" name="getdata" time="0.001"/>
  <testcase classname="GMBDataMatchedSI.Classes.SIGMBMatched" name="getdata" time="0.0"/>
  <testcase classname="GMBDataMatchedSI.Classes.SIGMBMatched" name="getdata" time="0.001"/>
  <testcase classname="GMBDataMatchedSI.Classes.SIGMBMatched" name="getdata" time="0.001"/>
  <testcase classname="GMBDataMatchedSI.Classes.SIGMBMatched" name="getdata" time="0.001"/>
  <testcase classname="GMBDataMatchedSI.Classes.SIGMBMatched" name="getdata" time="0.001"/>
  <testcase classname="GMBDataMatchedSI.Classes.SIGMBMatched" name="getdata" time="0.001"/>
  <testcase classname="GMBDataMatchedSI.Classes.SIGMBMatched" name="getdata" time="0.0"/>
  <testcase classname="GMBDataMatchedSI.Classes.SIGMBMatched" name="getdata" time="0.001"/>
  <testcase classname="GMBDataMatchedSI.Classes.SIGMBMatched" name="getdata" time="0.0"/>
  <testcase classname="GMBDataMatchedSI.Classes.SIGMBMatched" name="getdata" time="0.0"/>
  <testcase classname="GMBDataMatchedSI.Classes.SIGMBMatched" name="getdata" time="0.0"/>
  <testcase classname="GMBDataMatchedSI.Classes.SIGMBMatched" name="getdata" time="0.0"/>
  <testcase classname="GMBDataMatchedSI.Classes.SIGMBMatched" name="getdata" time="0.0"/>
  <testcase classname="GMBDataMatchedSI.Classes.SIGMBMatched" name="getdata" time="0.001"/>
  <testcase classname="GMBDataMatchedSI.Classes.SIGMBMatched" name="getdata" time="0.0"/>
  <testcase classname="GMBDataMatchedSI.Classes.SIGMBMatched" name="getdata" time="0.0"/>
  <testcase classname="GMBDataMatchedSI.Classes.SIGMBMatched" name="getdata" time="0.0"/>
  <testcase classname="GMBDataMatchedSI.Classes.SIGMBMatched" name="getdata" time="0.0"/>
  <testcase classname="GMBDataMatchedSI.Classes.SIGMBMatched" name="getdata" time="0.0"/>
  <testcase classname="GMBDataMatchedSI.Classes.SIGMBMatched" name="getdata" time="0.0"/>
  <testcase classname="GMBDataMatchedSI.Classes.SIGMBMatched" name="getdata" time="0.0"/>
  <testcase classname="GMBDataMatchedSI.Classes.SIGMBMatched" name="getdata" time="0.0"/>
  <testcase classname="GMBDataMatchedSI.Classes.SIGMBMatched" name="getdata" time="0.0"/>
  <testcase classname="GMBDataMatchedSI.Classes.SIGMBMatched" name="getdata" time="0.0"/>
  <testcase classname="GMBDataMatchedSI.Classes.SIGMBMatched" name="getdata" time="0.0"/>
  <testcase classname="GMBDataMatchedSI.Classes.SIGMBMatched" name="getdata" time="0.0"/>
  <testcase classname="GMBDataMatchedSI.Classes.SIGMBMatched" name="getdata" time="0.0"/>
  <testcase classname="GMBDataMatchedSI.Classes.SIGMBMatched" name="getdata" time="0.001"/>
  <testcase classname="GMBDataMatchedSI.Classes.SIGMBMatched" name="getdata" time="0.001"/>
  <testcase classname="GMBDataMatchedSI.Classes.SIGMBMatched" name="getdata" time="0.0"/>
  <testcase classname="GMBDataMatchedSI.Classes.SIGMBMatched" name="getdata" time="0.0"/>
  <testcase classname="GMBDataMatchedSI.Classes.SIGMBMatched" name="getdata" time="0.001"/>
  <testcase classname="GMBDataMatchedSI.Classes.SIGMBMatched" name="getdata" time="0.001"/>
  <testcase classname="GMBDataMatchedSI.Classes.SIGMBMatched" name="getdata" time="0.001"/>
  <testcase classname="GMBDataMatchedSI.Classes.SIGMBMatched" name="getdata" time="0.001"/>
  <testcase classname="GMBDataMatchedSI.Classes.SIGMBMatched" name="getdata" time="0.0"/>
  <testcase classname="GMBDataMatchedSI.Classes.SIGMBMatched" name="getdata" time="0.0"/>
  <testcase classname="GMBDataMatchedSI.Classes.SIGMBMatched" name="getdata" time="0.0"/>
  <testcase classname="GMBDataMatchedSI.Classes.SIGMBMatched" name="getdata" time="0.0"/>
  <testcase classname="GMBDataMatchedSI.Classes.SIGMBMatched" name="getdata" time="0.0"/>
  <testcase classname="GMBDataMatchedSI.Classes.SIGMBMatched" name="getdata" time="0.0"/>
  <testcase classname="GMBDataMatchedSI.Classes.SIGMBMatched" name="getdata" time="0.0"/>
  <testcase classname="GMBDataMatchedSI.Classes.SIGMBMatched" name="getdata" time="0.0"/>
  <testcase classname="GMBDataMatchedSI.Classes.SIGMBMatched" name="getdata" time="0.0"/>
  <testcase classname="GMBDataMatchedSI.Classes.SIGMBMatched" name="getdata" time="0.0"/>
  <testcase classname="GMBDataMatchedSI.Classes.SIGMBMatched" name="getdata" time="0.0"/>
  <testcase classname="GMBDataMatchedSI.Classes.SIGMBMatched" name="getdata" time="0.001"/>
  <testcase classname="GMBDataMatchedSI.Classes.SIGMBMatched" name="getdata" time="0.001"/>
  <testcase classname="GMBDataMatchedSI.Classes.SIGMBMatched" name="getdata" time="0.001"/>
  <testcase classname="GMBDataMatchedSI.Classes.SIGMBMatched" name="getdata" time="0.001"/>
  <testcase classname="GMBDataMatchedSI.Classes.SIGMBMatched" name="getdata" time="0.001"/>
  <testcase classname="GMBDataMatchedSI.Classes.SIGMBMatched" name="getdata" time="0.001"/>
  <testcase classname="GMBDataMatchedSI.Classes.SIGMBMatched" name="getdata" time="0.001"/>
  <testcase classname="GMBDataMatchedSI.Classes.SIGMBMatched" name="getdata" time="0.001"/>
  <testcase classname="GMBDataMatchedSI.Classes.SIGMBMatched" name="getdata" time="0.0"/>
  <testcase classname="GMBDataMatchedSI.Classes.SIGMBMatched" name="getdata" time="0.0"/>
  <testcase classname="GMBDataMatchedSI.Classes.SIGMBMatched" name="getdata" time="0.0"/>
  <testcase classname="GMBDataMatchedSI.Classes.SIGMBMatched" name="getdata" time="0.0"/>
  <testcase classname="GMBDataMatchedSI.Classes.SIGMBMatched" name="getdata" time="0.001"/>
  <testcase classname="GMBDataMatchedSI.Classes.SIGMBMatched" name="getdata" time="0.0"/>
  <testcase classname="GMBDataMatchedSI.Classes.SIGMBMatched" name="getdata" time="0.0"/>
  <testcase classname="GMBDataMatchedSI.Classes.SIGMBMatched" name="getdata" time="0.001"/>
  <testcase classname="GMBDataMatchedSI.Classes.SIGMBMatched" name="getdata" time="0.001"/>
  <testcase classname="GMBDataMatchedSI.Classes.SIGMBMatched" name="getdata" time="0.0"/>
  <testcase classname="GMBDataMatchedSI.Classes.SIGMBMatched" name="getdata" time="0.0"/>
  <testcase classname="GMBDataMatchedSI.Classes.SIGMBMatched" name="getdata" time="0.001"/>
  <testcase classname="GMBDataMatchedSI.Classes.SIGMBMatched" name="getdata" time="0.0"/>
  <testcase classname="GMBDataMatchedSI.Classes.SIGMBMatched" name="getdata" time="0.0"/>
  <testcase classname="GMBDataMatchedSI.Classes.SIGMBMatched" name="getdata" time="0.0"/>
  <testcase classname="GMBDataMatchedSI.Classes.SIGMBMatched" name="getdata" time="0.0"/>
  <testcase classname="GMBDataMatchedSI.Classes.SIGMBMatched" name="getdata" time="0.001"/>
  <testcase classname="GMBDataMatchedSI.Classes.SIGMBMatched" name="getdata" time="0.0"/>
  <testcase classname="GMBDataMatchedSI.Classes.SIGMBMatched" name="getdata" time="0.0"/>
  <testcase classname="GMBDataMatchedSI.Classes.SIGMBMatched" name="getdata" time="0.0"/>
  <testcase classname="GMBDataMatchedSI.Classes.SIGMBMatched" name="getdata" time="0.0"/>
  <testcase classname="GMBDataMatchedSI.Classes.SIGMBMatched" name="getdata" time="0.0"/>
  <testcase classname="GMBDataMatchedSI.Classes.SIGMBMatched" name="getdata" time="0.0"/>
  <testcase classname="GMBDataMatchedSI.Classes.SIGMBMatched" name="getdata" time="0.0"/>
  <testcase classname="GMBDataMatchedSI.Classes.SIGMBMatched" name="getdata" time="0.001"/>
  <testcase classname="GMBDataMatchedSI.Classes.SIGMBMatched" name="getdata" time="0.001"/>
  <testcase classname="GMBDataMatchedSI.Classes.SIGMBMatched" name="getdata" time="0.001"/>
  <testcase classname="GMBDataMatchedSI.Classes.SIGMBMatched" name="getdata" time="0.0"/>
  <testcase classname="GMBDataMatchedSI.Classes.SIGMBMatched" name="getdata" time="0.0"/>
  <testcase classname="GMBDataMatchedSI.Classes.SIGMBMatched" name="getdata" time="0.0"/>
  <testcase classname="GMBDataMatchedSI.Classes.SIGMBMatched" name="getdata" time="0.0"/>
  <testcase classname="GMBDataMatchedSI.Classes.SIGMBMatched" name="getdata" time="0.0"/>
  <testcase classname="GMBDataMatchedSI.Classes.SIGMBMatched" name="getdata" time="0.0"/>
  <testcase classname="GMBDataMatchedSI.Classes.SIGMBMatched" name="getdata" time="0.0"/>
  <testcase classname="GMBDataMatchedSI.Classes.SIGMBMatched" name="getdata" time="0.0"/>
  <testcase classname="GMBDataMatchedSI.Classes.SIGMBMatched" name="getdata" time="0.0"/>
  <testcase classname="GMBDataMatchedSI.Classes.SIGMBMatched" name="getdata" time="0.0"/>
  <testcase classname="GMBDataMatchedSI.Classes.SIGMBMatched" name="getdata" time="0.0"/>
  <testcase classname="GMBDataMatchedSI.Classes.SIGMBMatched" name="getdata" time="0.0"/>
  <testcase classname="GMBDataMatchedSI.Classes.SIGMBMatched" name="getdata" time="0.0"/>
  <testcase classname="GMBDataMatchedSI.Classes.SIGMBMatched" name="getdata" time="0.0"/>
  <testcase classname="GMBDataMatchedSI.Classes.SIGMBMatched" name="getdata" time="0.0"/>
  <testcase classname="GMBDataMatchedSI.Classes.SIGMBMatched" name="getdata" time="0.0"/>
  <testcase classname="GMBDataMatchedSI.Classes.SIGMBMatched" name="getdata" time="0.001"/>
  <testcase classname="GMBDataMatchedSI.Classes.SIGMBMatched" name="getdata" time="0.0"/>
  <testcase classname="GMBDataMatchedSI.Classes.SIGMBMatched" name="getdata" time="0.0"/>
  <testcase classname="GMBDataMatchedSI.Classes.SIGMBMatched" name="getdata" time="0.001"/>
  <testcase classname="GMBDataMatchedSI.Classes.SIGMBMatched" name="getdata" time="0.001"/>
  <testcase classname="GMBDataMatchedSI.Classes.SIGMBMatched" name="getdata" time="0.0"/>
  <testcase classname="GMBDataMatchedSI.Classes.SIGMBMatched" name="getdata" time="0.001"/>
  <testcase classname="GMBDataMatchedSI.Classes.SIGMBMatched" name="getdata" time="0.0"/>
  <testcase classname="GMBDataMatchedSI.Classes.SIGMBMatched" name="getdata" time="0.0"/>
  <testcase classname="GMBDataMatchedSI.Classes.SIGMBMatched" name="getdata" time="0.0"/>
  <testcase classname="GMBDataMatchedSI.Classes.SIGMBMatched" name="getdata" time="0.001"/>
  <testcase classname="GMBDataMatchedSI.Classes.SIGMBMatched" name="getdata" time="0.0"/>
  <testcase classname="GMBDataMatchedSI.Classes.SIGMBMatched" name="getdata" time="0.0"/>
  <testcase classname="GMBDataMatchedSI.Classes.SIGMBMatched" name="getdata" time="0.0"/>
  <testcase classname="GMBDataMatchedSI.Classes.SIGMBMatched" name="getdata" time="0.0"/>
  <testcase classname="GMBDataMatchedSI.Classes.SIGMBMatched" name="getdata" time="0.001"/>
  <testcase classname="GMBDataMatchedSI.Classes.SIGMBMatched" name="getdata" time="0.001"/>
  <testcase classname="GMBDataMatchedSI.Classes.SIGMBMatched" name="getdata" time="0.0"/>
  <testcase classname="GMBDataMatchedSI.Classes.SIGMBMatched" name="getdata" time="0.0"/>
  <testcase classname="GMBDataMatchedSI.Classes.SIGMBMatched" name="getdata" time="0.0"/>
  <testcase classname="GMBDataMatchedSI.Classes.SIGMBMatched" name="getdata" time="0.0"/>
  <testcase classname="GMBDataMatchedSI.Classes.SIGMBMatched" name="getdata" time="0.0"/>
  <testcase classname="GMBDataMatchedSI.Classes.SIGMBMatched" name="getdata" time="0.0"/>
  <testcase classname="GMBDataMatchedSI.Classes.SIGMBMatched" name="getdata" time="0.0"/>
  <testcase classname="GMBDataMatchedSI.Classes.SIGMBMatched" name="getdata" time="0.0"/>
  <testcase classname="GMBDataMatchedSI.Classes.SIGMBMatched" name="getdata" time="0.0"/>
  <testcase classname="GMBDataMatchedSI.Classes.SIGMBMatched" name="getdata" time="0.0"/>
  <testcase classname="GMBDataMatchedSI.Classes.SIGMBMatched" name="getdata" time="0.001"/>
  <testcase classname="GMBDataMatchedSI.Classes.SIGMBMatched" name="getdata" time="0.0"/>
  <testcase classname="GMBDataMatchedSI.Classes.SIGMBMatched" name="getdata" time="0.0"/>
  <testcase classname="GMBDataMatchedSI.Classes.SIGMBMatched" name="getdata" time="0.0"/>
  <testcase classname="GMBDataMatchedSI.Classes.SIGMBMatched" name="getdata" time="0.001"/>
  <testcase classname="GMBDataMatchedSI.Classes.SIGMBMatched" name="getdata" time="0.0"/>
  <testcase classname="GMBDataMatchedSI.Classes.SIGMBMatched" name="getdata" time="0.001"/>
  <testcase classname="GMBDataMatchedSI.Classes.SIGMBMatched" name="getdata" time="0.001"/>
  <testcase classname="GMBDataMatchedSI.Classes.SIGMBMatched" name="getdata" time="0.0"/>
  <testcase classname="GMBDataMatchedSI.Classes.SIGMBMatched" name="getdata" time="0.0"/>
  <testcase classname="GMBDataMatchedSI.Classes.SIGMBMatched" name="getdata" time="0.001"/>
  <testcase classname="GMBDataMatchedSI.Classes.SIGMBMatched" name="getdata" time="0.001"/>
  <testcase classname="GMBDataMatchedSI.Classes.SIGMBMatched" name="getdata" time="0.001"/>
  <testcase classname="GMBDataMatchedSI.Classes.SIGMBMatched" name="getdata" time="0.0"/>
  <testcase classname="GMBDataMatchedSI.Classes.SIGMBMatched" name="getdata" time="0.0"/>
  <testcase classname="GMBDataMatchedSI.Classes.SIGMBMatched" name="getdata" time="0.0"/>
  <testcase classname="GMBDataMatchedSI.Classes.SIGMBMatched" name="getdata" time="0.0"/>
  <testcase classname="GMBDataMatchedSI.Classes.SIGMBMatched" name="getdata" time="0.0"/>
  <testcase classname="GMBDataMatchedSI.Classes.SIGMBMatched" name="getdata" time="0.0"/>
  <testcase classname="GMBDataMatchedSI.Classes.SIGMBMatched" name="getdata" time="0.0"/>
  <testcase classname="GMBDataMatchedSI.Classes.SIGMBMatched" name="getdata" time="0.0"/>
  <testcase classname="GMBDataMatchedSI.Classes.SIGMBMatched" name="getdata" time="0.001"/>
  <testcase classname="GMBDataMatchedSI.Classes.SIGMBMatched" name="getdata" time="0.001"/>
  <testcase classname="GMBDataMatchedSI.Classes.SIGMBMatched" name="getdata" time="0.0"/>
  <testcase classname="GMBDataMatchedSI.Classes.SIGMBMatched" name="getdata" time="0.0"/>
  <testcase classname="GMBDataMatchedSI.Classes.SIGMBMatched" name="getdata" time="0.0"/>
  <testcase classname="GMBDataMatchedSI.Classes.SIGMBMatched" name="getdata" time="0.001"/>
  <testcase classname="GMBDataMatchedSI.Classes.SIGMBMatched" name="getdata" time="0.001"/>
  <testcase classname="GMBDataMatchedSI.Classes.SIGMBMatched" name="getdata" time="0.0"/>
  <testcase classname="GMBDataMatchedSI.Classes.SIGMBMatched" name="getdata" time="0.0"/>
  <testcase classname="GMBDataMatchedSI.Classes.SIGMBMatched" name="getdata" time="0.0"/>
  <testcase classname="GMBDataMatchedSI.Classes.SIGMBMatched" name="getdata" time="0.001"/>
  <testcase classname="GMBDataMatchedSI.Classes.SIGMBMatched" name="getdata" time="0.001"/>
  <testcase classname="GMBDataMatchedSI.Classes.SIGMBMatched" name="getdata" time="0.001"/>
  <testcase classname="GMBDataMatchedSI.Classes.SIGMBMatched" name="getdata" time="0.001"/>
  <testcase classname="GMBDataMatchedSI.Classes.SIGMBMatched" name="getdata" time="0.0"/>
  <testcase classname="GMBDataMatchedSI.Classes.SIGMBMatched" name="getdata" time="0.0"/>
  <testcase classname="GMBDataMatchedSI.Classes.SIGMBMatched" name="getdata" time="0.0"/>
  <testcase classname="GMBDataMatchedSI.Classes.SIGMBMatched" name="getdata" time="0.0"/>
  <testcase classname="GMBDataMatchedSI.Classes.SIGMBMatched" name="getdata" time="0.0"/>
  <testcase classname="GMBDataMatchedSI.Classes.SIGMBMatched" name="getdata" time="0.0"/>
  <testcase classname="GMBDataMatchedSI.Classes.SIGMBMatched" name="getdata" time="0.001"/>
  <testcase classname="GMBDataMatchedSI.Classes.SIGMBMatched" name="getdata" time="0.001"/>
  <testcase classname="GMBDataMatchedSI.Classes.SIGMBMatched" name="getdata" time="0.001"/>
  <testcase classname="GMBDataMatchedSI.Classes.SIGMBMatched" name="getdata" time="0.001"/>
  <testcase classname="GMBDataMatchedSI.Classes.SIGMBMatched" name="getdata" time="0.001"/>
  <testcase classname="GMBDataMatchedSI.Classes.SIGMBMatched" name="getdata" time="0.001"/>
  <testcase classname="GMBDataMatchedSI.Classes.SIGMBMatched" name="getdata" time="0.001"/>
  <testcase classname="GMBDataMatchedSI.Classes.SIGMBMatched" name="getdata" time="0.001"/>
  <testcase classname="GMBDataMatchedSI.Classes.SIGMBMatched" name="getdata" time="0.001"/>
  <testcase classname="GMBDataMatchedSI.Classes.SIGMBMatched" name="getdata" time="0.001"/>
  <testcase classname="GMBDataMatchedSI.Classes.SIGMBMatched" name="getdata" time="0.001"/>
  <testcase classname="GMBDataMatchedSI.Classes.SIGMBMatched" name="getdata" time="0.001"/>
  <testcase classname="GMBDataMatchedSI.Classes.SIGMBMatched" name="getdata" time="0.001"/>
  <testcase classname="GMBDataMatchedSI.Classes.SIGMBMatched" name="getdata" time="0.0"/>
  <testcase classname="GMBDataMatchedSI.Classes.SIGMBMatched" name="getdata" time="0.0"/>
  <testcase classname="GMBDataMatchedSI.Classes.SIGMBMatched" name="getdata" time="0.0"/>
  <testcase classname="GMBDataMatchedSI.Classes.SIGMBMatched" name="getdata" time="0.0"/>
  <testcase classname="GMBDataMatchedSI.Classes.SIGMBMatched" name="getdata" time="0.0"/>
  <testcase classname="GMBDataMatchedSI.Classes.SIGMBMatched" name="getdata" time="0.0"/>
  <testcase classname="GMBDataMatchedSI.Classes.SIGMBMatched" name="getdata" time="0.0"/>
  <testcase classname="GMBDataMatchedSI.Classes.SIGMBMatched" name="getdata" time="0.001"/>
  <testcase classname="GMBDataMatchedSI.Classes.SIGMBMatched" name="getdata" time="0.0"/>
  <testcase classname="GMBDataMatchedSI.Classes.SIGMBMatched" name="getdata" time="0.0"/>
  <testcase classname="GMBDataMatchedSI.Classes.SIGMBMatched" name="getdata" time="0.0"/>
  <testcase classname="GMBDataMatchedSI.Classes.SIGMBMatched" name="getdata" time="0.0"/>
  <testcase classname="GMBDataMatchedSI.Classes.SIGMBMatched" name="getdata" time="0.001"/>
  <testcase classname="GMBDataMatchedSI.Classes.SIGMBMatched" name="getdata" time="0.0"/>
  <testcase classname="GMBDataMatchedSI.Classes.SIGMBMatched" name="getdata" time="0.0"/>
  <testcase classname="GMBDataMatchedSI.Classes.SIGMBMatched" name="getdata" time="0.0"/>
  <testcase classname="GMBDataMatchedSI.Classes.SIGMBMatched" name="getdata" time="0.0"/>
  <testcase classname="GMBDataMatchedSI.Classes.SIGMBMatched" name="getdata" time="0.001"/>
  <testcase classname="GMBDataMatchedSI.Classes.SIGMBMatched" name="getdata" time="0.001"/>
  <testcase classname="GMBDataMatchedSI.Classes.SIGMBMatched" name="getdata" time="0.0"/>
  <testcase classname="GMBDataMatchedSI.Classes.SIGMBMatched" name="getdata" time="0.0"/>
  <testcase classname="GMBDataMatchedSI.Classes.SIGMBMatched" name="getdata" time="0.001"/>
  <testcase classname="GMBDataMatchedSI.Classes.SIGMBMatched" name="getdata" time="0.001"/>
  <testcase classname="GMBDataMatchedSI.Classes.SIGMBMatched" name="getdata" time="0.0"/>
  <testcase classname="GMBDataMatchedSI.Classes.SIGMBMatched" name="getdata" time="0.0"/>
  <testcase classname="GMBDataMatchedSI.Classes.SIGMBMatched" name="getdata" time="0.0"/>
  <testcase classname="GMBDataMatchedSI.Classes.SIGMBMatched" name="getdata" time="0.0"/>
  <testcase classname="GMBDataMatchedSI.Classes.SIGMBMatched" name="getdata" time="0.001"/>
  <testcase classname="GMBDataMatchedSI.Classes.SIGMBMatched" name="getdata" time="0.0"/>
  <testcase classname="GMBDataMatchedSI.Classes.SIGMBMatched" name="getdata" time="0.085"/>
</testsuite> <!-- Test -->
