<?xml version="1.0" encoding="UTF-8"?>
<!-- Generated by org.testng.reporters.JUnitXMLReporter -->
<testsuite ignored="0" hostname="SIGU-DL-19-N-07" failures="0" tests="179" name="Default test" time="10421.544" errors="0" timestamp="2023-09-12T13:56:17 IST">
  <testcase classname="testclasses.GetFontTest" name="getFontFamily" time="33.192"/>
  <testcase classname="testclasses.GetFontTest" name="getFontFamily" time="12.672"/>
  <testcase classname="testclasses.GetFontTest" name="getFontFamily" time="7.696"/>
  <testcase classname="testclasses.GetFontTest" name="getFontFamily" time="12.411"/>
  <testcase classname="testclasses.GetFontTest" name="getFontFamily" time="26.801"/>
  <testcase classname="testclasses.GetFontTest" name="getFontFamily" time="11.237"/>
  <testcase classname="testclasses.GetFontTest" name="getFontFamily" time="11.346"/>
  <testcase classname="testclasses.GetFontTest" name="getFontFamily" time="16.585"/>
  <testcase classname="testclasses.GetFontTest" name="getFontFamily" time="10.823"/>
  <testcase classname="testclasses.GetFontTest" name="getFontFamily" time="7.71"/>
  <testcase classname="testclasses.GetFontTest" name="getFontFamily" time="9.343"/>
  <testcase classname="testclasses.GetFontTest" name="getFontFamily" time="9.655"/>
  <testcase classname="testclasses.GetFontTest" name="getFontFamily" time="10.11"/>
  <testcase classname="testclasses.GetFontTest" name="getFontFamily" time="13.435"/>
  <testcase classname="testclasses.GetFontTest" name="getFontFamily" time="11.07"/>
  <testcase classname="testclasses.GetFontTest" name="getFontFamily" time="9.141"/>
  <testcase classname="testclasses.GetFontTest" name="getFontFamily" time="10.69"/>
  <testcase classname="testclasses.GetFontTest" name="getFontFamily" time="10.579"/>
  <testcase classname="testclasses.GetFontTest" name="getFontFamily" time="11.533"/>
  <testcase classname="testclasses.GetFontTest" name="getFontFamily" time="182.466"/>
  <testcase classname="testclasses.GetFontTest" name="getFontFamily" time="9.843"/>
  <testcase classname="testclasses.GetFontTest" name="getFontFamily" time="14.398"/>
  <testcase classname="testclasses.GetFontTest" name="getFontFamily" time="11.702"/>
  <testcase classname="testclasses.GetFontTest" name="getFontFamily" time="9.465"/>
  <testcase classname="testclasses.GetFontTest" name="getFontFamily" time="34.416"/>
  <testcase classname="testclasses.GetFontTest" name="getFontFamily" time="12.368"/>
  <testcase classname="testclasses.GetFontTest" name="getFontFamily" time="10.317"/>
  <testcase classname="testclasses.GetFontTest" name="getFontFamily" time="14.373"/>
  <testcase classname="testclasses.GetFontTest" name="getFontFamily" time="12.293"/>
  <testcase classname="testclasses.GetFontTest" name="getFontFamily" time="19.059"/>
  <testcase classname="testclasses.GetFontTest" name="getFontFamily" time="29.54"/>
  <testcase classname="testclasses.GetFontTest" name="getFontFamily" time="12.715"/>
  <testcase classname="testclasses.GetFontTest" name="getFontFamily" time="12.45"/>
  <testcase classname="testclasses.GetFontTest" name="getFontFamily" time="13.437"/>
  <testcase classname="testclasses.GetFontTest" name="getFontFamily" time="12.497"/>
  <testcase classname="testclasses.GetFontTest" name="getFontFamily" time="13.486"/>
  <testcase classname="testclasses.GetFontTest" name="getFontFamily" time="14.972"/>
  <testcase classname="testclasses.GetFontTest" name="getFontFamily" time="12.08"/>
  <testcase classname="testclasses.GetFontTest" name="getFontFamily" time="33.492"/>
  <testcase classname="testclasses.GetFontTest" name="getFontFamily" time="17.441"/>
  <testcase classname="testclasses.GetFontTest" name="getFontFamily" time="21.136"/>
  <testcase classname="testclasses.GetFontTest" name="getFontFamily" time="32.773"/>
  <testcase classname="testclasses.GetFontTest" name="getFontFamily" time="32.692"/>
  <testcase classname="testclasses.GetFontTest" name="getFontFamily" time="10.6"/>
  <testcase classname="testclasses.GetFontTest" name="getFontFamily" time="18.705"/>
  <testcase classname="testclasses.GetFontTest" name="getFontFamily" time="14.904"/>
  <testcase classname="testclasses.GetFontTest" name="getFontFamily" time="8.886"/>
  <testcase classname="testclasses.GetFontTest" name="getFontFamily" time="16.244"/>
  <testcase classname="testclasses.GetFontTest" name="getFontFamily" time="25.957"/>
  <testcase classname="testclasses.GetFontTest" name="getFontFamily" time="15.869"/>
  <testcase classname="testclasses.GetFontTest" name="getFontFamily" time="13.23"/>
  <testcase classname="testclasses.GetFontTest" name="getFontFamily" time="12.551"/>
  <testcase classname="testclasses.GetFontTest" name="getFontFamily" time="12.678"/>
  <testcase classname="testclasses.GetFontTest" name="getFontFamily" time="12.479"/>
  <testcase classname="testclasses.GetFontTest" name="getFontFamily" time="24.655"/>
  <testcase classname="testclasses.GetFontTest" name="getFontFamily" time="137.198"/>
  <testcase classname="testclasses.GetFontTest" name="getFontFamily" time="18.447"/>
  <testcase classname="testclasses.GetFontTest" name="getFontFamily" time="14.006"/>
  <testcase classname="testclasses.GetFontTest" name="getFontFamily" time="9.588"/>
  <testcase classname="testclasses.GetFontTest" name="getFontFamily" time="16.765"/>
  <testcase classname="testclasses.GetFontTest" name="getFontFamily" time="14.797"/>
  <testcase classname="testclasses.GetFontTest" name="getFontFamily" time="29.924"/>
  <testcase classname="testclasses.GetFontTest" name="getFontFamily" time="35.57"/>
  <testcase classname="testclasses.GetFontTest" name="getFontFamily" time="11.219"/>
  <testcase classname="testclasses.GetFontTest" name="getFontFamily" time="39.544"/>
  <testcase classname="testclasses.GetFontTest" name="getFontFamily" time="8.308"/>
  <testcase classname="testclasses.GetFontTest" name="getFontFamily" time="74.538"/>
  <testcase classname="testclasses.GetFontTest" name="getFontFamily" time="22.194"/>
  <testcase classname="testclasses.GetFontTest" name="getFontFamily" time="17.884"/>
  <testcase classname="testclasses.GetFontTest" name="getFontFamily" time="11.816"/>
  <testcase classname="testclasses.GetFontTest" name="getFontFamily" time="7.981"/>
  <testcase classname="testclasses.GetFontTest" name="getFontFamily" time="9.945"/>
  <testcase classname="testclasses.GetFontTest" name="getFontFamily" time="105.703"/>
  <testcase classname="testclasses.GetFontTest" name="getFontFamily" time="8.983"/>
  <testcase classname="testclasses.GetFontTest" name="getFontFamily" time="11.117"/>
  <testcase classname="testclasses.GetFontTest" name="getFontFamily" time="27.878"/>
  <testcase classname="testclasses.GetFontTest" name="getFontFamily" time="19.798"/>
  <testcase classname="testclasses.GetFontTest" name="getFontFamily" time="23.72"/>
  <testcase classname="testclasses.GetFontTest" name="getFontFamily" time="13.757"/>
  <testcase classname="testclasses.GetFontTest" name="getFontFamily" time="25.605"/>
  <testcase classname="testclasses.GetFontTest" name="getFontFamily" time="14.022"/>
  <testcase classname="testclasses.GetFontTest" name="getFontFamily" time="34.429"/>
  <testcase classname="testclasses.GetFontTest" name="getFontFamily" time="15.679"/>
  <testcase classname="testclasses.GetFontTest" name="getFontFamily" time="13.54"/>
  <testcase classname="testclasses.GetFontTest" name="getFontFamily" time="8.633"/>
  <testcase classname="testclasses.GetFontTest" name="getFontFamily" time="10.389"/>
  <testcase classname="testclasses.GetFontTest" name="getFontFamily" time="6.679"/>
  <testcase classname="testclasses.GetFontTest" name="getFontFamily" time="16.103"/>
  <testcase classname="testclasses.GetFontTest" name="getFontFamily" time="11.263"/>
  <testcase classname="testclasses.GetFontTest" name="getFontFamily" time="850.042"/>
  <testcase classname="testclasses.GetFontTest" name="getFontFamily" time="370.842"/>
  <testcase classname="testclasses.GetFontTest" name="getFontFamily" time="12.484"/>
  <testcase classname="testclasses.GetFontTest" name="getFontFamily" time="98.181"/>
  <testcase classname="testclasses.GetFontTest" name="getFontFamily" time="24.669"/>
  <testcase classname="testclasses.GetFontTest" name="getFontFamily" time="35.28"/>
  <testcase classname="testclasses.GetFontTest" name="getFontFamily" time="12.374"/>
  <testcase classname="testclasses.GetFontTest" name="getFontFamily" time="368.542"/>
  <testcase classname="testclasses.GetFontTest" name="getFontFamily" time="215.031"/>
  <testcase classname="testclasses.GetFontTest" name="getFontFamily" time="33.453"/>
  <testcase classname="testclasses.GetFontTest" name="getFontFamily" time="21.426"/>
  <testcase classname="testclasses.GetFontTest" name="getFontFamily" time="13.735"/>
  <testcase classname="testclasses.GetFontTest" name="getFontFamily" time="11.662"/>
  <testcase classname="testclasses.GetFontTest" name="getFontFamily" time="18.04"/>
  <testcase classname="testclasses.GetFontTest" name="getFontFamily" time="20.582"/>
  <testcase classname="testclasses.GetFontTest" name="getFontFamily" time="19.183"/>
  <testcase classname="testclasses.GetFontTest" name="getFontFamily" time="26.839"/>
  <testcase classname="testclasses.GetFontTest" name="getFontFamily" time="28.074"/>
  <testcase classname="testclasses.GetFontTest" name="getFontFamily" time="18.417"/>
  <testcase classname="testclasses.GetFontTest" name="getFontFamily" time="13.15"/>
  <testcase classname="testclasses.GetFontTest" name="getFontFamily" time="38.182"/>
  <testcase classname="testclasses.GetFontTest" name="getFontFamily" time="18.142"/>
  <testcase classname="testclasses.GetFontTest" name="getFontFamily" time="19.146"/>
  <testcase classname="testclasses.GetFontTest" name="getFontFamily" time="18.212"/>
  <testcase classname="testclasses.GetFontTest" name="getFontFamily" time="24.4"/>
  <testcase classname="testclasses.GetFontTest" name="getFontFamily" time="409.133"/>
  <testcase classname="testclasses.GetFontTest" name="getFontFamily" time="22.748"/>
  <testcase classname="testclasses.GetFontTest" name="getFontFamily" time="17.835"/>
  <testcase classname="testclasses.GetFontTest" name="getFontFamily" time="18.895"/>
  <testcase classname="testclasses.GetFontTest" name="getFontFamily" time="439.273"/>
  <testcase classname="testclasses.GetFontTest" name="getFontFamily" time="125.267"/>
  <testcase classname="testclasses.GetFontTest" name="getFontFamily" time="63.801"/>
  <testcase classname="testclasses.GetFontTest" name="getFontFamily" time="19.949"/>
  <testcase classname="testclasses.GetFontTest" name="getFontFamily" time="13.747"/>
  <testcase classname="testclasses.GetFontTest" name="getFontFamily" time="72.174"/>
  <testcase classname="testclasses.GetFontTest" name="getFontFamily" time="40.224"/>
  <testcase classname="testclasses.GetFontTest" name="getFontFamily" time="24.367"/>
  <testcase classname="testclasses.GetFontTest" name="getFontFamily" time="19.664"/>
  <testcase classname="testclasses.GetFontTest" name="getFontFamily" time="101.53"/>
  <testcase classname="testclasses.GetFontTest" name="getFontFamily" time="20.531"/>
  <testcase classname="testclasses.GetFontTest" name="getFontFamily" time="26.619"/>
  <testcase classname="testclasses.GetFontTest" name="getFontFamily" time="59.899"/>
  <testcase classname="testclasses.GetFontTest" name="getFontFamily" time="170.916"/>
  <testcase classname="testclasses.GetFontTest" name="getFontFamily" time="11.084"/>
  <testcase classname="testclasses.GetFontTest" name="getFontFamily" time="40.256"/>
  <testcase classname="testclasses.GetFontTest" name="getFontFamily" time="103.564"/>
  <testcase classname="testclasses.GetFontTest" name="getFontFamily" time="39.123"/>
  <testcase classname="testclasses.GetFontTest" name="getFontFamily" time="21.173"/>
  <testcase classname="testclasses.GetFontTest" name="getFontFamily" time="26.979"/>
  <testcase classname="testclasses.GetFontTest" name="getFontFamily" time="17.416"/>
  <testcase classname="testclasses.GetFontTest" name="getFontFamily" time="13.448"/>
  <testcase classname="testclasses.GetFontTest" name="getFontFamily" time="35.067"/>
  <testcase classname="testclasses.GetFontTest" name="getFontFamily" time="54.704"/>
  <testcase classname="testclasses.GetFontTest" name="getFontFamily" time="10.571"/>
  <testcase classname="testclasses.GetFontTest" name="getFontFamily" time="17.492"/>
  <testcase classname="testclasses.GetFontTest" name="getFontFamily" time="39.381"/>
  <testcase classname="testclasses.GetFontTest" name="getFontFamily" time="430.773"/>
  <testcase classname="testclasses.GetFontTest" name="getFontFamily" time="438.238"/>
  <testcase classname="testclasses.GetFontTest" name="getFontFamily" time="246.916"/>
  <testcase classname="testclasses.GetFontTest" name="getFontFamily" time="229.27"/>
  <testcase classname="testclasses.GetFontTest" name="getFontFamily" time="16.637"/>
  <testcase classname="testclasses.GetFontTest" name="getFontFamily" time="54.97"/>
  <testcase classname="testclasses.GetFontTest" name="getFontFamily" time="65.816"/>
  <testcase classname="testclasses.GetFontTest" name="getFontFamily" time="63.172"/>
  <testcase classname="testclasses.GetFontTest" name="getFontFamily" time="63.653"/>
  <testcase classname="testclasses.GetFontTest" name="getFontFamily" time="249.217"/>
  <testcase classname="testclasses.GetFontTest" name="getFontFamily" time="17.214"/>
  <testcase classname="testclasses.GetFontTest" name="getFontFamily" time="13.949"/>
  <testcase classname="testclasses.GetFontTest" name="getFontFamily" time="14.638"/>
  <testcase classname="testclasses.GetFontTest" name="getFontFamily" time="25.617"/>
  <testcase classname="testclasses.GetFontTest" name="getFontFamily" time="832.29"/>
  <testcase classname="testclasses.GetFontTest" name="getFontFamily" time="29.772"/>
  <testcase classname="testclasses.GetFontTest" name="getFontFamily" time="16.78"/>
  <testcase classname="testclasses.GetFontTest" name="getFontFamily" time="48.638"/>
  <testcase classname="testclasses.GetFontTest" name="getFontFamily" time="34.831"/>
  <testcase classname="testclasses.GetFontTest" name="getFontFamily" time="44.465"/>
  <testcase classname="testclasses.GetFontTest" name="getFontFamily" time="59.966"/>
  <testcase classname="testclasses.GetFontTest" name="getFontFamily" time="112.592"/>
  <testcase classname="testclasses.GetFontTest" name="getFontFamily" time="25.278"/>
  <testcase classname="testclasses.GetFontTest" name="getFontFamily" time="25.053"/>
  <testcase classname="testclasses.GetFontTest" name="getFontFamily" time="115.53"/>
  <testcase classname="testclasses.GetFontTest" name="getFontFamily" time="93.052"/>
  <testcase classname="testclasses.GetFontTest" name="getFontFamily" time="164.387"/>
  <testcase classname="testclasses.GetFontTest" name="getFontFamily" time="49.028"/>
  <testcase classname="testclasses.GetFontTest" name="getFontFamily" time="195.164"/>
  <testcase classname="testclasses.GetFontTest" name="getFontFamily" time="71.338"/>
  <testcase classname="testclasses.GetFontTest" name="getFontFamily" time="200.993"/>
  <testcase classname="testclasses.GetFontTest" name="getFontFamily" time="21.938"/>
  <testcase classname="testclasses.GetFontTest" name="getFontFamily" time="37.455"/>
  <testcase classname="testclasses.GetFontTest" name="getFontFamily" time="15.189"/>
</testsuite> <!-- Default test -->
