<?xml version="1.0" encoding="UTF-8"?>
<testng-results ignored="0" total="1" passed="1" failed="0" skipped="0">
  <reporter-output>
  </reporter-output>
  <suite started-at="2023-10-14T21:47:56 IST" name="Default suite" finished-at="2023-10-14T21:48:23 IST" duration-ms="26231">
    <groups>
    </groups>
    <test started-at="2023-10-14T21:47:56 IST" name="Default test" finished-at="2023-10-14T21:48:23 IST" duration-ms="26231">
      <class name="testclasses.ReadEmailTest">
        <test-method is-config="true" signature="initBrowser()[pri:0, instance:testclasses.ReadEmailTest@5fbdfdcf]" started-at="2023-10-14T21:47:47 IST" name="initBrowser" finished-at="2023-10-14T21:47:56 IST" duration-ms="9313" status="PASS">
          <reporter-output>
          </reporter-output>
        </test-method> <!-- initBrowser -->
        <test-method is-config="true" signature="ObjectCreation()[pri:0, instance:testclasses.ReadEmailTest@5fbdfdcf]" started-at="2023-10-14T21:47:56 IST" name="ObjectCreation" finished-at="2023-10-14T21:47:56 IST" duration-ms="14" status="PASS">
          <reporter-output>
          </reporter-output>
        </test-method> <!-- ObjectCreation -->
        <test-method signature="readEmail()[pri:0, instance:testclasses.ReadEmailTest@5fbdfdcf]" started-at="2023-10-14T21:47:56 IST" name="readEmail" finished-at="2023-10-14T21:48:23 IST" duration-ms="26182" status="PASS">
          <reporter-output>
          </reporter-output>
        </test-method> <!-- readEmail -->
        <test-method is-config="true" signature="quitBrowser()[pri:0, instance:testclasses.ReadEmailTest@5fbdfdcf]" started-at="2023-10-14T21:48:23 IST" name="quitBrowser" finished-at="2023-10-14T21:48:30 IST" duration-ms="7504" status="PASS">
          <reporter-output>
          </reporter-output>
        </test-method> <!-- quitBrowser -->
      </class> <!-- testclasses.ReadEmailTest -->
    </test> <!-- Default test -->
  </suite> <!-- Default suite -->
</testng-results>
